Intrinsics-based vectorization over 8 floats = 256 bits
STREAM triad of size        8 : min/avg/max: 2.59746e-09 2.86324e-09 5.20968e-09 seconds or  3079.93 MUPD/s or  36.9591 GB/s
STREAM triad of size       16 : min/avg/max: 3.43757e-09 3.82836e-09   3.993e-09 seconds or  4654.45 MUPD/s or  55.8535 GB/s
STREAM triad of size       24 : min/avg/max: 4.32708e-09 4.49369e-09 5.59075e-09 seconds or  5546.47 MUPD/s or  66.5576 GB/s
STREAM triad of size       32 : min/avg/max: 5.25427e-09  5.4579e-09 7.84699e-09 seconds or  6090.29 MUPD/s or  73.0835 GB/s
STREAM triad of size       40 : min/avg/max: 6.17055e-09 6.23447e-09 6.33103e-09 seconds or  6482.41 MUPD/s or  77.7889 GB/s
STREAM triad of size       48 : min/avg/max: 7.15171e-09 7.33514e-09 9.33402e-09 seconds or  6711.68 MUPD/s or  80.5402 GB/s
STREAM triad of size       56 : min/avg/max:  8.3535e-09 8.57496e-09 8.96758e-09 seconds or  6703.78 MUPD/s or  80.4453 GB/s
STREAM triad of size       64 : min/avg/max: 9.11331e-09 9.21608e-09 9.48069e-09 seconds or   7022.7 MUPD/s or  84.2724 GB/s
STREAM triad of size       72 : min/avg/max: 1.01009e-08 1.10518e-08  1.6138e-08 seconds or  7128.08 MUPD/s or  85.5369 GB/s
STREAM triad of size       80 : min/avg/max:  1.1051e-08 1.11091e-08 1.11649e-08 seconds or  7239.15 MUPD/s or  86.8698 GB/s
STREAM triad of size       96 : min/avg/max: 1.29854e-08 1.31013e-08  1.3459e-08 seconds or   7392.9 MUPD/s or  88.7147 GB/s
STREAM triad of size      112 : min/avg/max: 1.48974e-08 1.50943e-08 1.55256e-08 seconds or  7518.11 MUPD/s or  90.2173 GB/s
STREAM triad of size      128 : min/avg/max: 1.68628e-08 1.70809e-08 1.77131e-08 seconds or  7590.66 MUPD/s or  91.0879 GB/s
STREAM triad of size      144 : min/avg/max: 1.88542e-08 1.90323e-08 1.93754e-08 seconds or  7637.56 MUPD/s or  91.6508 GB/s
STREAM triad of size      160 : min/avg/max: 2.07728e-08 2.11418e-08 2.51985e-08 seconds or  7702.38 MUPD/s or  92.4286 GB/s
STREAM triad of size      184 : min/avg/max: 2.76885e-08 2.92835e-08 3.13693e-08 seconds or  6645.37 MUPD/s or  79.7444 GB/s
STREAM triad of size      208 : min/avg/max: 3.08918e-08 3.44139e-08 4.32785e-08 seconds or  6733.17 MUPD/s or  80.7981 GB/s
STREAM triad of size      232 : min/avg/max: 3.54164e-08 3.75233e-08    4.11e-08 seconds or  6550.64 MUPD/s or  78.6077 GB/s
STREAM triad of size      256 : min/avg/max: 3.71415e-08 4.02736e-08 4.56279e-08 seconds or  6892.55 MUPD/s or  82.7107 GB/s
STREAM triad of size      288 : min/avg/max: 4.36592e-08 4.52264e-08 5.54087e-08 seconds or  6596.55 MUPD/s or  79.1586 GB/s
STREAM triad of size      320 : min/avg/max:  4.8001e-08 4.85802e-08 5.03783e-08 seconds or  6666.53 MUPD/s or  79.9984 GB/s
STREAM triad of size      360 : min/avg/max: 5.25518e-08 5.29136e-08 5.33926e-08 seconds or  6850.38 MUPD/s or  82.2046 GB/s
STREAM triad of size      400 : min/avg/max: 5.79023e-08 5.86506e-08 6.33004e-08 seconds or  6908.18 MUPD/s or  82.8982 GB/s
STREAM triad of size      448 : min/avg/max: 6.34835e-08 6.43765e-08 7.24289e-08 seconds or  7056.95 MUPD/s or  84.6834 GB/s
STREAM triad of size      496 : min/avg/max:  6.9771e-08 7.05522e-08 7.27726e-08 seconds or  7108.97 MUPD/s or  85.3076 GB/s
STREAM triad of size      552 : min/avg/max:  7.6291e-08  7.8896e-08 9.12592e-08 seconds or  7235.46 MUPD/s or  86.8255 GB/s
STREAM triad of size      608 : min/avg/max: 8.31185e-08 9.45722e-08 1.32244e-07 seconds or  7314.86 MUPD/s or  87.7783 GB/s
STREAM triad of size      672 : min/avg/max: 9.76603e-08  1.4273e-07 1.73508e-07 seconds or  6880.99 MUPD/s or  82.5719 GB/s
STREAM triad of size      744 : min/avg/max: 1.39341e-07 1.86428e-07 3.69704e-07 seconds or  5339.43 MUPD/s or  64.0732 GB/s
STREAM triad of size      824 : min/avg/max:  1.3576e-07 1.79723e-07 2.26326e-07 seconds or  6069.54 MUPD/s or  72.8345 GB/s
STREAM triad of size      912 : min/avg/max: 2.03534e-07 2.76319e-07 5.45612e-07 seconds or  4480.83 MUPD/s or  53.7699 GB/s
STREAM triad of size     1008 : min/avg/max:  1.4405e-07  2.0616e-07 2.55192e-07 seconds or  6997.58 MUPD/s or   83.971 GB/s
STREAM triad of size     1112 : min/avg/max: 1.51002e-07 1.89483e-07 2.39114e-07 seconds or  7364.14 MUPD/s or  88.3697 GB/s
STREAM triad of size     1224 : min/avg/max: 1.64047e-07 2.22411e-07  2.9938e-07 seconds or  7461.28 MUPD/s or  89.5353 GB/s
STREAM triad of size     1352 : min/avg/max: 1.77743e-07 2.43625e-07 2.88433e-07 seconds or   7606.5 MUPD/s or   91.278 GB/s
STREAM triad of size     1488 : min/avg/max: 1.91299e-07 2.22806e-07  2.8883e-07 seconds or   7778.4 MUPD/s or  93.3408 GB/s
STREAM triad of size     1640 : min/avg/max: 2.08451e-07 2.14858e-07 2.32534e-07 seconds or  7867.57 MUPD/s or  94.4108 GB/s
STREAM triad of size     1808 : min/avg/max: 2.28955e-07 2.32703e-07 2.39975e-07 seconds or  7896.76 MUPD/s or  94.7611 GB/s
STREAM triad of size     1992 : min/avg/max: 2.54522e-07 3.39871e-07 5.43995e-07 seconds or  7826.44 MUPD/s or  93.9172 GB/s
STREAM triad of size     2192 : min/avg/max: 2.78819e-07 3.90823e-07 5.40703e-07 seconds or  7861.73 MUPD/s or  94.3408 GB/s
STREAM triad of size     2416 : min/avg/max: 3.10574e-07 3.49488e-07 5.12013e-07 seconds or  7779.15 MUPD/s or  93.3498 GB/s
STREAM triad of size     2664 : min/avg/max: 3.37044e-07 4.77995e-07  6.1413e-07 seconds or  7904.02 MUPD/s or  94.8482 GB/s
STREAM triad of size     2936 : min/avg/max: 3.65833e-07 4.69393e-07 7.11322e-07 seconds or  8025.51 MUPD/s or  96.3061 GB/s
STREAM triad of size     3232 : min/avg/max: 4.02482e-07  4.4641e-07 5.58097e-07 seconds or  8030.18 MUPD/s or  96.3621 GB/s
STREAM triad of size     3560 : min/avg/max: 4.45655e-07 5.47943e-07 8.59792e-07 seconds or  7988.25 MUPD/s or   95.859 GB/s
STREAM triad of size     3920 : min/avg/max: 4.85881e-07 5.51403e-07 9.87173e-07 seconds or  8067.82 MUPD/s or  96.8138 GB/s
STREAM triad of size     4320 : min/avg/max: 6.23219e-07 6.78777e-07 8.62964e-07 seconds or  6931.75 MUPD/s or   83.181 GB/s
STREAM triad of size     4760 : min/avg/max: 7.83831e-07   8.116e-07  8.4818e-07 seconds or  6072.74 MUPD/s or  72.8728 GB/s
STREAM triad of size     5240 : min/avg/max: 8.66378e-07 9.02183e-07 1.08013e-06 seconds or  6048.17 MUPD/s or   72.578 GB/s
STREAM triad of size     5768 : min/avg/max: 9.62798e-07 1.02696e-06  1.3066e-06 seconds or  5990.87 MUPD/s or  71.8904 GB/s
STREAM triad of size     6352 : min/avg/max: 1.05331e-06 1.15248e-06 1.38341e-06 seconds or  6030.52 MUPD/s or  72.3662 GB/s
STREAM triad of size     6992 : min/avg/max: 1.15369e-06 1.17905e-06 1.28928e-06 seconds or  6060.57 MUPD/s or  72.7268 GB/s
STREAM triad of size     7696 : min/avg/max: 1.44362e-06 1.45385e-06 1.47335e-06 seconds or  5331.05 MUPD/s or  63.9726 GB/s
STREAM triad of size     8472 : min/avg/max: 1.38998e-06 1.40019e-06 1.49714e-06 seconds or  6095.04 MUPD/s or  73.1405 GB/s
STREAM triad of size     9320 : min/avg/max: 1.53478e-06 1.54004e-06 1.57733e-06 seconds or  6072.54 MUPD/s or  72.8705 GB/s
STREAM triad of size    10256 : min/avg/max:  2.1545e-06 2.16139e-06 2.20254e-06 seconds or  4760.27 MUPD/s or  57.1232 GB/s
STREAM triad of size    11288 : min/avg/max: 2.26879e-06 2.31296e-06 2.46239e-06 seconds or  4975.35 MUPD/s or  59.7042 GB/s
STREAM triad of size    12424 : min/avg/max: 2.04826e-06 2.09823e-06  2.4313e-06 seconds or  6065.62 MUPD/s or  72.7875 GB/s
STREAM triad of size    13672 : min/avg/max:   2.256e-06 2.31605e-06 2.54433e-06 seconds or  6060.27 MUPD/s or  72.7233 GB/s
STREAM triad of size    15040 : min/avg/max:   2.483e-06 2.49092e-06 2.51663e-06 seconds or   6057.2 MUPD/s or  72.6864 GB/s
STREAM triad of size    16552 : min/avg/max: 2.72696e-06 2.79194e-06 3.29926e-06 seconds or  6069.76 MUPD/s or  72.8371 GB/s
STREAM triad of size    18208 : min/avg/max: 3.00693e-06 3.02168e-06 3.10909e-06 seconds or  6055.34 MUPD/s or  72.6641 GB/s
STREAM triad of size    20032 : min/avg/max: 3.31326e-06 3.34884e-06 3.48493e-06 seconds or  6046.01 MUPD/s or  72.5521 GB/s
STREAM triad of size    22040 : min/avg/max: 3.92673e-06 4.01453e-06 4.61631e-06 seconds or  5612.82 MUPD/s or  67.3538 GB/s
STREAM triad of size    24248 : min/avg/max:  4.0276e-06 4.26371e-06 5.52553e-06 seconds or  6020.45 MUPD/s or  72.2454 GB/s
STREAM triad of size    26680 : min/avg/max: 4.77711e-06 5.79733e-06 8.05264e-06 seconds or  5584.97 MUPD/s or  67.0196 GB/s
STREAM triad of size    29352 : min/avg/max: 4.88487e-06 5.09306e-06  5.9613e-06 seconds or  6008.76 MUPD/s or  72.1051 GB/s
STREAM triad of size    32288 : min/avg/max:  5.6831e-06  6.5554e-06 7.64734e-06 seconds or   5681.4 MUPD/s or  68.1768 GB/s
STREAM triad of size    35520 : min/avg/max: 6.32425e-06  7.1633e-06  8.9783e-06 seconds or  5616.48 MUPD/s or  67.3977 GB/s
STREAM triad of size    39080 : min/avg/max: 6.81295e-06 6.95758e-06 7.17553e-06 seconds or  5736.13 MUPD/s or  68.8336 GB/s
STREAM triad of size    42992 : min/avg/max: 7.52059e-06 8.22341e-06  1.2563e-05 seconds or  5716.58 MUPD/s or  68.5989 GB/s
STREAM triad of size    47296 : min/avg/max: 8.28111e-06 8.54776e-06 9.62652e-06 seconds or  5711.31 MUPD/s or  68.5357 GB/s
STREAM triad of size    52032 : min/avg/max: 9.07209e-06 9.31659e-06 1.04464e-05 seconds or  5735.39 MUPD/s or  68.8247 GB/s
STREAM triad of size    57240 : min/avg/max: 9.98679e-06 1.00494e-05 1.02096e-05 seconds or  5731.57 MUPD/s or  68.7788 GB/s
STREAM triad of size    62968 : min/avg/max: 1.09701e-05 1.11231e-05  1.1558e-05 seconds or  5739.95 MUPD/s or  68.8794 GB/s
STREAM triad of size    69272 : min/avg/max: 1.20629e-05 1.32593e-05 1.64328e-05 seconds or  5742.54 MUPD/s or  68.9105 GB/s
STREAM triad of size    76200 : min/avg/max: 1.32565e-05 1.43929e-05 1.83676e-05 seconds or  5748.11 MUPD/s or  68.9773 GB/s
STREAM triad of size    83824 : min/avg/max: 1.46746e-05  1.4993e-05 1.75367e-05 seconds or  5712.17 MUPD/s or  68.5461 GB/s
STREAM triad of size    92208 : min/avg/max:  1.6931e-05 1.75488e-05 1.93689e-05 seconds or   5446.1 MUPD/s or  65.3532 GB/s
STREAM triad of size   101432 : min/avg/max:  1.9896e-05 2.15755e-05 3.40856e-05 seconds or   5098.1 MUPD/s or  61.1772 GB/s
STREAM triad of size   111576 : min/avg/max: 2.30894e-05 2.40097e-05 2.68901e-05 seconds or  4832.34 MUPD/s or  57.9881 GB/s
STREAM triad of size   122736 : min/avg/max: 2.82292e-05 2.88123e-05 3.13266e-05 seconds or  4347.83 MUPD/s or   52.174 GB/s
STREAM triad of size   135016 : min/avg/max:  3.2263e-05 3.41232e-05 4.47682e-05 seconds or  4184.86 MUPD/s or  50.2183 GB/s
STREAM triad of size   148520 : min/avg/max: 3.92041e-05 3.97448e-05 4.08878e-05 seconds or  3788.38 MUPD/s or  45.4606 GB/s
STREAM triad of size   163376 : min/avg/max: 4.66738e-05 4.91852e-05  5.2974e-05 seconds or  3500.38 MUPD/s or  42.0046 GB/s
STREAM triad of size   179720 : min/avg/max: 5.28394e-05 5.54549e-05 6.21615e-05 seconds or  3401.25 MUPD/s or   40.815 GB/s
STREAM triad of size   197696 : min/avg/max: 5.89726e-05 6.11544e-05 6.82835e-05 seconds or  3352.33 MUPD/s or   40.228 GB/s
STREAM triad of size   217472 : min/avg/max: 6.40845e-05 6.60719e-05 7.08101e-05 seconds or  3393.52 MUPD/s or  40.7222 GB/s
STREAM triad of size   239224 : min/avg/max: 7.17174e-05 7.82536e-05 8.69012e-05 seconds or  3335.65 MUPD/s or  40.0278 GB/s
STREAM triad of size   263152 : min/avg/max: 8.29358e-05 9.51821e-05 0.000139526 seconds or  3172.96 MUPD/s or  38.0755 GB/s
STREAM triad of size   289472 : min/avg/max: 8.71735e-05 9.23873e-05 0.000102309 seconds or  3320.64 MUPD/s or  39.8477 GB/s
STREAM triad of size   318424 : min/avg/max: 9.74071e-05 0.000111143 0.000126048 seconds or     3269 MUPD/s or   39.228 GB/s
STREAM triad of size   350272 : min/avg/max: 0.000112346 0.000122999 0.000150802 seconds or  3117.79 MUPD/s or  37.4135 GB/s
STREAM triad of size   385304 : min/avg/max: 0.000121684 0.000136455 0.000163177 seconds or  3166.43 MUPD/s or  37.9972 GB/s
STREAM triad of size   423840 : min/avg/max: 0.000167934 0.000185672 0.000206187 seconds or  2523.85 MUPD/s or  30.2862 GB/s
STREAM triad of size   466232 : min/avg/max: 0.000204621 0.000236897 0.000267014 seconds or  2278.52 MUPD/s or  27.3422 GB/s
STREAM triad of size   512856 : min/avg/max:  0.00023885 0.000279637 0.000299258 seconds or  2147.18 MUPD/s or  25.7662 GB/s
STREAM triad of size   564144 : min/avg/max: 0.000211503 0.000268929 0.000424524 seconds or  2667.31 MUPD/s or  32.0077 GB/s
STREAM triad of size   620560 : min/avg/max: 0.000236476   0.0002692 0.000414407 seconds or   2624.2 MUPD/s or  31.4903 GB/s
STREAM triad of size   682624 : min/avg/max: 0.000303883 0.000339469 0.000414105 seconds or  2246.34 MUPD/s or  26.9561 GB/s
STREAM triad of size   750888 : min/avg/max: 0.000328479 0.000359383 0.000415936 seconds or  2285.96 MUPD/s or  27.4315 GB/s
STREAM triad of size   825984 : min/avg/max: 0.000393233 0.000447704 0.000572251 seconds or  2100.49 MUPD/s or  25.2059 GB/s
STREAM triad of size   908584 : min/avg/max: 0.000469158 0.000526441 0.000627939 seconds or  1936.63 MUPD/s or  23.2395 GB/s
STREAM triad of size   999448 : min/avg/max: 0.000519682 0.000548989 0.000590879 seconds or  1923.19 MUPD/s or  23.0783 GB/s
STREAM triad of size  1099400 : min/avg/max: 0.000538134 0.000619949 0.000863487 seconds or  2042.99 MUPD/s or  24.5158 GB/s
STREAM triad of size  1209344 : min/avg/max: 0.000588487 0.000627282 0.000702642 seconds or  2055.01 MUPD/s or  24.6601 GB/s
STREAM triad of size  1330280 : min/avg/max: 0.000669215  0.00074153 0.000815395 seconds or  1987.82 MUPD/s or  23.8539 GB/s
STREAM triad of size  1463312 : min/avg/max: 0.000735392 0.000784921 0.000867843 seconds or  1989.84 MUPD/s or  23.8781 GB/s
STREAM triad of size  1609648 : min/avg/max: 0.000852739  0.00102371  0.00127208 seconds or  1887.62 MUPD/s or  22.6514 GB/s
STREAM triad of size  1770616 : min/avg/max: 0.000937423   0.0010249  0.00129634 seconds or  1888.81 MUPD/s or  22.6657 GB/s
STREAM triad of size  1947680 : min/avg/max:  0.00103845  0.00108073   0.0011768 seconds or  1875.56 MUPD/s or  22.5067 GB/s
STREAM triad of size  2142456 : min/avg/max:  0.00116515  0.00129072  0.00152325 seconds or  1838.78 MUPD/s or  22.0654 GB/s
STREAM triad of size  2356704 : min/avg/max:  0.00132053  0.00140509   0.0015881 seconds or  1784.66 MUPD/s or  21.4159 GB/s
STREAM triad of size  2592376 : min/avg/max:  0.00145765  0.00177006  0.00260395 seconds or  1778.46 MUPD/s or  21.3415 GB/s
STREAM triad of size  2851616 : min/avg/max:  0.00158389  0.00169353  0.00177662 seconds or  1800.39 MUPD/s or  21.6047 GB/s
STREAM triad of size  3136784 : min/avg/max:    0.001738  0.00183646  0.00197492 seconds or  1804.82 MUPD/s or  21.6579 GB/s
STREAM triad of size  3450464 : min/avg/max:  0.00199608  0.00211864  0.00252071 seconds or  1728.62 MUPD/s or  20.7434 GB/s
STREAM triad of size  3795512 : min/avg/max:  0.00217066   0.0025935  0.00302302 seconds or  1748.55 MUPD/s or  20.9826 GB/s
STREAM triad of size  4175064 : min/avg/max:  0.00238295  0.00278452  0.00336852 seconds or  1752.06 MUPD/s or  21.0247 GB/s
STREAM triad of size  4592576 : min/avg/max:  0.00264852  0.00285429  0.00318281 seconds or  1734.02 MUPD/s or  20.8082 GB/s
STREAM triad of size  5051840 : min/avg/max:  0.00290728  0.00299562  0.00311003 seconds or  1737.65 MUPD/s or  20.8518 GB/s
STREAM triad of size  5557032 : min/avg/max:  0.00316096  0.00348473  0.00441941 seconds or  1758.02 MUPD/s or  21.0962 GB/s
STREAM triad of size  6112736 : min/avg/max:  0.00378895  0.00430247   0.0053433 seconds or  1613.31 MUPD/s or  19.3597 GB/s
STREAM triad of size  6724016 : min/avg/max:  0.00390313  0.00441558  0.00599318 seconds or  1722.73 MUPD/s or  20.6727 GB/s
STREAM triad of size  7396424 : min/avg/max:  0.00423012  0.00455255  0.00543436 seconds or  1748.51 MUPD/s or  20.9822 GB/s
STREAM triad of size  8136072 : min/avg/max:  0.00483397  0.00519692  0.00603569 seconds or   1683.1 MUPD/s or  20.1972 GB/s
STREAM triad of size  8949680 : min/avg/max:  0.00519082  0.00545746  0.00566834 seconds or  1724.14 MUPD/s or  20.6896 GB/s
STREAM triad of size  9844656 : min/avg/max:  0.00589955  0.00650248  0.00796714 seconds or  1668.71 MUPD/s or  20.0245 GB/s
STREAM triad of size 10829128 : min/avg/max:  0.00640817  0.00694063  0.00777766 seconds or  1689.89 MUPD/s or  20.2787 GB/s
STREAM triad of size 11912048 : min/avg/max:  0.00702728   0.0075245  0.00792231 seconds or  1695.11 MUPD/s or  20.3414 GB/s
STREAM triad of size 13103256 : min/avg/max:  0.00775772  0.00822969  0.00895959 seconds or  1689.06 MUPD/s or  20.2687 GB/s
STREAM triad of size 14413584 : min/avg/max:  0.00848043  0.00921882  0.00997312 seconds or  1699.63 MUPD/s or  20.3956 GB/s
STREAM triad of size 15854944 : min/avg/max:  0.00946559   0.0100362    0.011651 seconds or  1675.01 MUPD/s or  20.1001 GB/s
STREAM triad of size 17440440 : min/avg/max:   0.0102349    0.010769   0.0122317 seconds or  1704.02 MUPD/s or  20.4483 GB/s
STREAM triad of size 19184488 : min/avg/max:   0.0114486   0.0119368   0.0130122 seconds or  1675.71 MUPD/s or  20.1085 GB/s
STREAM triad of size 21102944 : min/avg/max:   0.0128386   0.0135264   0.0145958 seconds or  1643.71 MUPD/s or  19.7245 GB/s
STREAM triad of size 23213240 : min/avg/max:   0.0144205   0.0165331   0.0225385 seconds or  1609.73 MUPD/s or  19.3168 GB/s
STREAM triad of size 25534568 : min/avg/max:     0.01491    0.015329   0.0157088 seconds or  1712.58 MUPD/s or   20.551 GB/s
STREAM triad of size 28088032 : min/avg/max:   0.0163583   0.0174808   0.0219647 seconds or  1717.05 MUPD/s or  20.6046 GB/s
STREAM triad of size 30896840 : min/avg/max:   0.0181866   0.0206728   0.0264985 seconds or  1698.88 MUPD/s or  20.3866 GB/s
STREAM triad of size 33986528 : min/avg/max:   0.0198499   0.0206984   0.0216769 seconds or  1712.17 MUPD/s or  20.5461 GB/s
STREAM triad of size 37385184 : min/avg/max:   0.0218364   0.0238967   0.0298681 seconds or  1712.06 MUPD/s or  20.5447 GB/s
STREAM triad of size 41123704 : min/avg/max:   0.0243966   0.0273897   0.0358821 seconds or  1685.63 MUPD/s or  20.2276 GB/s
STREAM triad of size 45236080 : min/avg/max:   0.0263009   0.0274786   0.0288167 seconds or  1719.95 MUPD/s or  20.6393 GB/s
STREAM triad of size 49759696 : min/avg/max:   0.0299302   0.0310641   0.0325636 seconds or  1662.52 MUPD/s or  19.9503 GB/s
STREAM triad of size 54735672 : min/avg/max:   0.0325527   0.0398194   0.0485296 seconds or  1681.45 MUPD/s or  20.1774 GB/s
STREAM triad of size 60209240 : min/avg/max:   0.0349407   0.0366894   0.0382244 seconds or  1723.18 MUPD/s or  20.6782 GB/s
STREAM triad of size 66230168 : min/avg/max:   0.0401719   0.0451826   0.0567155 seconds or  1648.67 MUPD/s or   19.784 GB/s
STREAM triad of size 72853192 : min/avg/max:   0.0463808   0.0547136   0.0648965 seconds or  1570.76 MUPD/s or  18.8492 GB/s
STREAM triad of size 80138512 : min/avg/max:   0.0485106   0.0536216   0.0627096 seconds or  1651.98 MUPD/s or  19.8237 GB/s
STREAM triad of size 88152368 : min/avg/max:   0.0528948   0.0568889   0.0680246 seconds or  1666.56 MUPD/s or  19.9987 GB/s
STREAM triad of size 96967608 : min/avg/max:   0.0566505    0.058349   0.0596485 seconds or  1711.68 MUPD/s or  20.5402 GB/s
