STREAM triad of size        8 : min/avg/max:  6.4158e-10 7.04386e-10  8.2197e-10 seconds or  12469.2 MUPD/s or  149.631 GB/s
STREAM triad of size       16 : min/avg/max: 9.55673e-10 1.01331e-09 1.15929e-09 seconds or  16742.1 MUPD/s or  200.906 GB/s
STREAM triad of size       24 : min/avg/max: 1.40016e-09 1.60697e-09 2.02913e-09 seconds or  17140.9 MUPD/s or   205.69 GB/s
STREAM triad of size       32 : min/avg/max: 1.67261e-09 2.35642e-09 2.90433e-09 seconds or  19131.7 MUPD/s or  229.581 GB/s
STREAM triad of size       40 : min/avg/max:  2.7083e-09 3.19737e-09 3.80458e-09 seconds or  14769.4 MUPD/s or  177.233 GB/s
STREAM triad of size       48 : min/avg/max: 2.72722e-09 3.01384e-09 3.19909e-09 seconds or  17600.3 MUPD/s or  211.204 GB/s
STREAM triad of size       56 : min/avg/max: 3.04135e-09  3.2705e-09 3.42775e-09 seconds or  18412.9 MUPD/s or  220.955 GB/s
STREAM triad of size       64 : min/avg/max: 2.92227e-09 2.99662e-09 3.18005e-09 seconds or  21900.8 MUPD/s or   262.81 GB/s
STREAM triad of size       72 : min/avg/max: 3.35586e-09 3.57963e-09 3.95346e-09 seconds or    21455 MUPD/s or   257.46 GB/s
STREAM triad of size       80 : min/avg/max: 3.59015e-09 3.71587e-09 4.10796e-09 seconds or  22283.2 MUPD/s or  267.398 GB/s
STREAM triad of size       96 : min/avg/max: 4.29948e-09 4.36167e-09 4.52382e-09 seconds or  22328.3 MUPD/s or  267.939 GB/s
STREAM triad of size      112 : min/avg/max: 5.01622e-09 5.07189e-09 5.24088e-09 seconds or  22327.6 MUPD/s or  267.931 GB/s
STREAM triad of size      128 : min/avg/max: 5.73271e-09 5.75927e-09 5.97901e-09 seconds or    22328 MUPD/s or  267.936 GB/s
STREAM triad of size      144 : min/avg/max: 1.19513e-08 1.23261e-08 1.35045e-08 seconds or  12048.9 MUPD/s or  144.586 GB/s
STREAM triad of size      160 : min/avg/max:  7.1683e-09 1.08892e-08 1.21784e-08 seconds or  22320.5 MUPD/s or  267.846 GB/s
STREAM triad of size      184 : min/avg/max: 1.36159e-08 1.36568e-08 1.38259e-08 seconds or  13513.7 MUPD/s or  162.164 GB/s
STREAM triad of size      208 : min/avg/max: 9.31592e-09  9.5106e-09 1.03338e-08 seconds or  22327.4 MUPD/s or  267.928 GB/s
STREAM triad of size      232 : min/avg/max: 1.07324e-08 1.15905e-08 1.24087e-08 seconds or  21616.8 MUPD/s or  259.402 GB/s
STREAM triad of size      256 : min/avg/max: 1.14682e-08 1.16255e-08 1.20518e-08 seconds or  22322.6 MUPD/s or  267.871 GB/s
STREAM triad of size      288 : min/avg/max:  1.2999e-08 1.45524e-08  1.7706e-08 seconds or  22155.5 MUPD/s or  265.866 GB/s
STREAM triad of size      320 : min/avg/max: 1.98461e-08 2.01018e-08 2.17689e-08 seconds or  16124.1 MUPD/s or  193.489 GB/s
STREAM triad of size      360 : min/avg/max: 2.20121e-08 2.29201e-08 2.43319e-08 seconds or  16354.7 MUPD/s or  196.256 GB/s
STREAM triad of size      400 : min/avg/max: 2.39705e-08 2.46223e-08 2.70869e-08 seconds or  16687.2 MUPD/s or  200.246 GB/s
STREAM triad of size      448 : min/avg/max: 2.53849e-08 2.72256e-08 2.82792e-08 seconds or  17648.3 MUPD/s or   211.78 GB/s
STREAM triad of size      496 : min/avg/max:  2.7208e-08  2.8948e-08 3.87908e-08 seconds or  18229.9 MUPD/s or  218.759 GB/s
STREAM triad of size      552 : min/avg/max: 3.74398e-08 3.94621e-08  4.2893e-08 seconds or  14743.7 MUPD/s or  176.924 GB/s
STREAM triad of size      608 : min/avg/max: 3.29928e-08 3.40142e-08 3.70578e-08 seconds or  18428.3 MUPD/s or  221.139 GB/s
STREAM triad of size      672 : min/avg/max: 3.70435e-08 3.98415e-08 4.32404e-08 seconds or  18140.8 MUPD/s or   217.69 GB/s
STREAM triad of size      744 : min/avg/max: 3.91762e-08 3.99825e-08 4.21631e-08 seconds or  18991.1 MUPD/s or  227.894 GB/s
STREAM triad of size      824 : min/avg/max: 4.30321e-08 4.41401e-08 4.65968e-08 seconds or  19148.5 MUPD/s or  229.782 GB/s
STREAM triad of size      912 : min/avg/max: 4.79808e-08   5.033e-08 5.68401e-08 seconds or  19007.6 MUPD/s or  228.091 GB/s
STREAM triad of size     1008 : min/avg/max: 5.27627e-08 5.49092e-08  6.0881e-08 seconds or  19104.4 MUPD/s or  229.253 GB/s
STREAM triad of size     1112 : min/avg/max: 7.69279e-08 7.80452e-08 8.13456e-08 seconds or  14455.1 MUPD/s or  173.461 GB/s
STREAM triad of size     1224 : min/avg/max: 6.99083e-08 7.02602e-08 7.13873e-08 seconds or  17508.6 MUPD/s or  210.104 GB/s
STREAM triad of size     1352 : min/avg/max: 8.11028e-08 8.54081e-08 9.08228e-08 seconds or  16670.2 MUPD/s or  200.042 GB/s
STREAM triad of size     1488 : min/avg/max: 7.43778e-08 7.60577e-08 8.31451e-08 seconds or    20006 MUPD/s or  240.072 GB/s
STREAM triad of size     1640 : min/avg/max:  8.3082e-08 8.41163e-08 8.67874e-08 seconds or  19739.5 MUPD/s or  236.874 GB/s
STREAM triad of size     1808 : min/avg/max: 9.53531e-08 9.59549e-08 9.77858e-08 seconds or  18961.1 MUPD/s or  227.533 GB/s
STREAM triad of size     1992 : min/avg/max: 9.89011e-08 1.00482e-07 1.04281e-07 seconds or  20141.3 MUPD/s or  241.696 GB/s
STREAM triad of size     2192 : min/avg/max: 1.28513e-07 1.35395e-07 1.44313e-07 seconds or  17056.7 MUPD/s or   204.68 GB/s
STREAM triad of size     2416 : min/avg/max: 1.42894e-07 1.47527e-07 1.63783e-07 seconds or  16907.6 MUPD/s or  202.892 GB/s
STREAM triad of size     2664 : min/avg/max:  1.3426e-07 1.35588e-07 1.39729e-07 seconds or  19842.1 MUPD/s or  238.106 GB/s
STREAM triad of size     2936 : min/avg/max:  1.5289e-07  1.5458e-07  1.5912e-07 seconds or  19203.4 MUPD/s or   230.44 GB/s
STREAM triad of size     3232 : min/avg/max: 1.95513e-07 2.02927e-07 2.15016e-07 seconds or  16530.9 MUPD/s or   198.37 GB/s
STREAM triad of size     3560 : min/avg/max: 1.89792e-07 1.92294e-07 1.97311e-07 seconds or  18757.4 MUPD/s or  225.089 GB/s
STREAM triad of size     3920 : min/avg/max: 2.05723e-07 2.09065e-07 2.25697e-07 seconds or  19054.8 MUPD/s or  228.657 GB/s
STREAM triad of size     4320 : min/avg/max: 4.20786e-07  4.2822e-07 4.45187e-07 seconds or  10266.5 MUPD/s or  123.198 GB/s
STREAM triad of size     4760 : min/avg/max: 5.38109e-07 5.50466e-07 5.92222e-07 seconds or  8845.79 MUPD/s or  106.149 GB/s
STREAM triad of size     5240 : min/avg/max: 6.06246e-07 6.11013e-07 6.28788e-07 seconds or  8643.35 MUPD/s or   103.72 GB/s
STREAM triad of size     5768 : min/avg/max: 6.60069e-07 6.84266e-07 7.40126e-07 seconds or  8738.48 MUPD/s or  104.862 GB/s
STREAM triad of size     6352 : min/avg/max: 7.34559e-07 7.38525e-07 7.62611e-07 seconds or  8647.37 MUPD/s or  103.768 GB/s
STREAM triad of size     6992 : min/avg/max: 8.01591e-07  8.2284e-07 9.07303e-07 seconds or  8722.66 MUPD/s or  104.672 GB/s
STREAM triad of size     7696 : min/avg/max: 1.01867e-06 1.02483e-06 1.04984e-06 seconds or  7554.96 MUPD/s or  90.6596 GB/s
STREAM triad of size     8472 : min/avg/max: 9.76566e-07 1.00709e-06  1.0858e-06 seconds or   8675.3 MUPD/s or  104.104 GB/s
STREAM triad of size     9320 : min/avg/max: 1.08068e-06 1.08883e-06 1.14629e-06 seconds or  8624.17 MUPD/s or   103.49 GB/s
STREAM triad of size    10256 : min/avg/max: 1.37874e-06 1.40376e-06 1.51185e-06 seconds or  7438.65 MUPD/s or  89.2638 GB/s
STREAM triad of size    11288 : min/avg/max: 1.56392e-06 1.56939e-06  1.5864e-06 seconds or  7217.74 MUPD/s or  86.6129 GB/s
STREAM triad of size    12424 : min/avg/max:  1.4366e-06 1.47026e-06 1.56612e-06 seconds or  8648.22 MUPD/s or  103.779 GB/s
STREAM triad of size    13672 : min/avg/max: 1.54935e-06 1.56094e-06 1.63451e-06 seconds or  8824.34 MUPD/s or  105.892 GB/s
STREAM triad of size    15040 : min/avg/max: 1.70875e-06 1.74455e-06  1.8789e-06 seconds or  8801.77 MUPD/s or  105.621 GB/s
STREAM triad of size    16552 : min/avg/max: 1.91314e-06 1.91959e-06 1.95667e-06 seconds or  8651.76 MUPD/s or  103.821 GB/s
STREAM triad of size    18208 : min/avg/max: 2.07888e-06 2.14924e-06 2.33328e-06 seconds or  8758.58 MUPD/s or  105.103 GB/s
STREAM triad of size    20032 : min/avg/max: 2.31907e-06 2.33939e-06 2.46077e-06 seconds or  8637.93 MUPD/s or  103.655 GB/s
STREAM triad of size    22040 : min/avg/max: 3.04337e-06 3.12887e-06   3.378e-06 seconds or  7241.98 MUPD/s or  86.9038 GB/s
STREAM triad of size    24248 : min/avg/max: 2.73811e-06  2.7622e-06 2.86196e-06 seconds or  8855.76 MUPD/s or  106.269 GB/s
STREAM triad of size    26680 : min/avg/max: 3.18269e-06 3.27306e-06 3.60717e-06 seconds or  8382.84 MUPD/s or  100.594 GB/s
STREAM triad of size    29352 : min/avg/max: 3.32845e-06 3.36062e-06 3.54996e-06 seconds or  8818.51 MUPD/s or  105.822 GB/s
STREAM triad of size    32288 : min/avg/max: 4.29801e-06 4.37516e-06 4.56037e-06 seconds or  7512.31 MUPD/s or  90.1477 GB/s
STREAM triad of size    35520 : min/avg/max: 4.32933e-06 4.38752e-06 4.58324e-06 seconds or  8204.51 MUPD/s or  98.4541 GB/s
STREAM triad of size    39080 : min/avg/max: 4.76238e-06 4.90228e-06  5.3621e-06 seconds or  8205.98 MUPD/s or  98.4718 GB/s
STREAM triad of size    42992 : min/avg/max: 5.24598e-06 5.30767e-06 5.62549e-06 seconds or  8195.23 MUPD/s or  98.3427 GB/s
STREAM triad of size    47296 : min/avg/max: 5.77103e-06  5.9165e-06  6.4055e-06 seconds or  8195.41 MUPD/s or  98.3449 GB/s
STREAM triad of size    52032 : min/avg/max: 6.35144e-06 6.38834e-06 6.51766e-06 seconds or  8192.15 MUPD/s or  98.3058 GB/s
STREAM triad of size    57240 : min/avg/max: 6.98488e-06 7.13744e-06  7.7677e-06 seconds or  8194.85 MUPD/s or  98.3382 GB/s
STREAM triad of size    62968 : min/avg/max: 7.68226e-06 7.76225e-06 8.11187e-06 seconds or  8196.55 MUPD/s or  98.3586 GB/s
STREAM triad of size    69272 : min/avg/max:  8.4532e-06 8.61413e-06 9.27477e-06 seconds or  8194.77 MUPD/s or  98.3372 GB/s
STREAM triad of size    76200 : min/avg/max: 9.29256e-06 9.36972e-06 9.57242e-06 seconds or  8200.11 MUPD/s or  98.4013 GB/s
STREAM triad of size    83824 : min/avg/max: 1.03454e-05 1.05973e-05 1.16813e-05 seconds or  8102.52 MUPD/s or  97.2303 GB/s
STREAM triad of size    92208 : min/avg/max: 1.15626e-05 1.17287e-05 1.22984e-05 seconds or  7974.69 MUPD/s or  95.6962 GB/s
STREAM triad of size   101432 : min/avg/max: 1.31239e-05 1.34101e-05 1.47128e-05 seconds or   7728.8 MUPD/s or  92.7456 GB/s
STREAM triad of size   111576 : min/avg/max: 1.53727e-05 1.54771e-05 1.58091e-05 seconds or  7258.06 MUPD/s or  87.0967 GB/s
STREAM triad of size   122736 : min/avg/max: 2.06433e-05 2.11017e-05  2.2344e-05 seconds or  5945.56 MUPD/s or  71.3468 GB/s
STREAM triad of size   135016 : min/avg/max: 2.59114e-05 2.63853e-05 2.83693e-05 seconds or  5210.68 MUPD/s or  62.5281 GB/s
STREAM triad of size   148520 : min/avg/max: 3.08623e-05 3.13871e-05 3.33146e-05 seconds or  4812.34 MUPD/s or  57.7481 GB/s
STREAM triad of size   163376 : min/avg/max: 3.51627e-05 3.56762e-05 3.69037e-05 seconds or  4646.28 MUPD/s or  55.7554 GB/s
STREAM triad of size   179720 : min/avg/max: 3.90068e-05 3.97604e-05 4.25303e-05 seconds or   4607.4 MUPD/s or  55.2888 GB/s
STREAM triad of size   197696 : min/avg/max: 4.31185e-05 4.38105e-05 4.83986e-05 seconds or  4584.95 MUPD/s or  55.0194 GB/s
STREAM triad of size   217472 : min/avg/max: 4.76391e-05 4.87791e-05 5.30527e-05 seconds or  4564.99 MUPD/s or  54.7798 GB/s
STREAM triad of size   239224 : min/avg/max: 5.23965e-05 5.42508e-05 5.84034e-05 seconds or  4565.65 MUPD/s or  54.7877 GB/s
STREAM triad of size   263152 : min/avg/max: 5.75725e-05 5.89431e-05 6.47032e-05 seconds or   4570.8 MUPD/s or  54.8496 GB/s
STREAM triad of size   289472 : min/avg/max: 6.36785e-05 6.50059e-05 6.99625e-05 seconds or  4545.83 MUPD/s or    54.55 GB/s
STREAM triad of size   318424 : min/avg/max: 7.07017e-05 7.20916e-05  7.6626e-05 seconds or  4503.77 MUPD/s or  54.0452 GB/s
STREAM triad of size   350272 : min/avg/max: 7.78451e-05 7.94523e-05  8.5742e-05 seconds or   4499.6 MUPD/s or  53.9952 GB/s
STREAM triad of size   385304 : min/avg/max:  8.6335e-05 8.87709e-05 9.52923e-05 seconds or   4462.9 MUPD/s or  53.5547 GB/s
STREAM triad of size   423840 : min/avg/max: 9.62637e-05 9.87586e-05 0.000105273 seconds or  4402.91 MUPD/s or  52.8349 GB/s
STREAM triad of size   466232 : min/avg/max: 0.000109493 0.000112591 0.000125066 seconds or  4258.08 MUPD/s or   51.097 GB/s
STREAM triad of size   512856 : min/avg/max: 0.000126295   0.0001299  0.00014075 seconds or  4060.77 MUPD/s or  48.7293 GB/s
STREAM triad of size   564144 : min/avg/max: 0.000147133 0.000151584 0.000162883 seconds or  3834.24 MUPD/s or  46.0109 GB/s
STREAM triad of size   620560 : min/avg/max: 0.000174564 0.000181359 0.000197756 seconds or  3554.92 MUPD/s or   42.659 GB/s
STREAM triad of size   682624 : min/avg/max: 0.000212268 0.000218796 0.000247129 seconds or  3215.85 MUPD/s or  38.5902 GB/s
STREAM triad of size   750888 : min/avg/max: 0.000260852 0.000273355 0.000309169 seconds or  2878.59 MUPD/s or  34.5431 GB/s
STREAM triad of size   825984 : min/avg/max: 0.000323924 0.000340796 0.000387016 seconds or  2549.93 MUPD/s or  30.5992 GB/s
STREAM triad of size   908584 : min/avg/max: 0.000403697  0.00041706 0.000516563 seconds or  2250.66 MUPD/s or  27.0079 GB/s
STREAM triad of size   999448 : min/avg/max: 0.000437316 0.000475063 0.000494242 seconds or  2285.41 MUPD/s or   27.425 GB/s
STREAM triad of size  1099400 : min/avg/max: 0.000447139  0.00050126 0.000529341 seconds or  2458.74 MUPD/s or  29.5049 GB/s
STREAM triad of size  1209344 : min/avg/max: 0.000521412 0.000549497 0.000569915 seconds or  2319.37 MUPD/s or  27.8324 GB/s
STREAM triad of size  1330280 : min/avg/max: 0.000533529 0.000556068 0.000581931 seconds or  2493.36 MUPD/s or  29.9203 GB/s
STREAM triad of size  1463312 : min/avg/max: 0.000599957 0.000619051 0.000661026 seconds or  2439.03 MUPD/s or  29.2684 GB/s
STREAM triad of size  1609648 : min/avg/max: 0.000676942 0.000694184 0.000744668 seconds or  2377.82 MUPD/s or  28.5339 GB/s
STREAM triad of size  1770616 : min/avg/max: 0.000759822 0.000775494 0.000825708 seconds or   2330.3 MUPD/s or  27.9636 GB/s
STREAM triad of size  1947680 : min/avg/max: 0.000846521 0.000869769 0.000955467 seconds or  2300.81 MUPD/s or  27.6097 GB/s
STREAM triad of size  2142456 : min/avg/max: 0.000946843 0.000980927  0.00113071 seconds or  2262.74 MUPD/s or  27.1528 GB/s
STREAM triad of size  2356704 : min/avg/max:  0.00105559  0.00108383  0.00113939 seconds or   2232.6 MUPD/s or  26.7912 GB/s
STREAM triad of size  2592376 : min/avg/max:  0.00117756  0.00120575  0.00126424 seconds or  2201.48 MUPD/s or  26.4178 GB/s
STREAM triad of size  2851616 : min/avg/max:  0.00130857  0.00134331  0.00141593 seconds or  2179.18 MUPD/s or  26.1502 GB/s
STREAM triad of size  3136784 : min/avg/max:  0.00145474  0.00149128  0.00155559 seconds or  2156.25 MUPD/s or   25.875 GB/s
STREAM triad of size  3450464 : min/avg/max:  0.00161814  0.00164974  0.00173628 seconds or  2132.37 MUPD/s or  25.5884 GB/s
STREAM triad of size  3795512 : min/avg/max:  0.00179448  0.00184306  0.00191608 seconds or  2115.11 MUPD/s or  25.3813 GB/s
STREAM triad of size  4175064 : min/avg/max:  0.00198704  0.00203422  0.00209348 seconds or  2101.14 MUPD/s or  25.2137 GB/s
STREAM triad of size  4592576 : min/avg/max:  0.00219938  0.00225127  0.00234557 seconds or  2088.12 MUPD/s or  25.0575 GB/s
STREAM triad of size  5051840 : min/avg/max:  0.00242166  0.00249118  0.00260683 seconds or  2086.11 MUPD/s or  25.0333 GB/s
STREAM triad of size  5557032 : min/avg/max:  0.00269859   0.0027526  0.00284156 seconds or  2059.23 MUPD/s or  24.7108 GB/s
STREAM triad of size  6112736 : min/avg/max:  0.00299302  0.00306183  0.00314211 seconds or  2042.33 MUPD/s or  24.5079 GB/s
STREAM triad of size  6724016 : min/avg/max:   0.0033097  0.00337032  0.00344978 seconds or  2031.61 MUPD/s or  24.3793 GB/s
STREAM triad of size  7396424 : min/avg/max:  0.00365109   0.0037133  0.00388972 seconds or  2025.81 MUPD/s or  24.3097 GB/s
STREAM triad of size  8136072 : min/avg/max:  0.00401901  0.00417216  0.00462961 seconds or   2024.4 MUPD/s or  24.2928 GB/s
STREAM triad of size  8949680 : min/avg/max:  0.00444501  0.00459137  0.00500815 seconds or  2013.42 MUPD/s or  24.1611 GB/s
STREAM triad of size  9844656 : min/avg/max:  0.00493564  0.00500497   0.0050995 seconds or  1994.61 MUPD/s or  23.9353 GB/s
STREAM triad of size 10829128 : min/avg/max:  0.00541822  0.00549721  0.00559476 seconds or  1998.65 MUPD/s or  23.9838 GB/s
STREAM triad of size 11912048 : min/avg/max:  0.00597736  0.00606422  0.00620872 seconds or  1992.86 MUPD/s or  23.9143 GB/s
STREAM triad of size 13103256 : min/avg/max:  0.00661243  0.00669813  0.00682975 seconds or  1981.61 MUPD/s or  23.7793 GB/s
STREAM triad of size 14413584 : min/avg/max:  0.00725324  0.00735975  0.00753185 seconds or  1987.19 MUPD/s or  23.8463 GB/s
STREAM triad of size 15854944 : min/avg/max:  0.00802199  0.00810876  0.00827231 seconds or  1976.44 MUPD/s or  23.7172 GB/s
STREAM triad of size 17440440 : min/avg/max:  0.00881382  0.00895741   0.0095817 seconds or  1978.76 MUPD/s or  23.7451 GB/s
STREAM triad of size 19184488 : min/avg/max:  0.00975147  0.00995307   0.0120013 seconds or  1967.34 MUPD/s or  23.6081 GB/s
STREAM triad of size 21102944 : min/avg/max:   0.0107095    0.011001   0.0140856 seconds or  1970.49 MUPD/s or  23.6459 GB/s
STREAM triad of size 23213240 : min/avg/max:   0.0117683   0.0119366   0.0122751 seconds or  1972.53 MUPD/s or  23.6704 GB/s
STREAM triad of size 25534568 : min/avg/max:   0.0129715   0.0130884   0.0133107 seconds or  1968.51 MUPD/s or  23.6221 GB/s
STREAM triad of size 28088032 : min/avg/max:   0.0142449   0.0144045   0.0146953 seconds or   1971.8 MUPD/s or  23.6616 GB/s
STREAM triad of size 30896840 : min/avg/max:    0.015651   0.0158689   0.0160559 seconds or  1974.11 MUPD/s or  23.6893 GB/s
STREAM triad of size 33986528 : min/avg/max:    0.017235   0.0174353   0.0176842 seconds or  1971.94 MUPD/s or  23.6633 GB/s
STREAM triad of size 37385184 : min/avg/max:   0.0191672   0.0207218    0.022634 seconds or  1950.48 MUPD/s or  23.4057 GB/s
STREAM triad of size 41123704 : min/avg/max:   0.0210365   0.0213408    0.022547 seconds or  1954.88 MUPD/s or  23.4585 GB/s
STREAM triad of size 45236080 : min/avg/max:   0.0231621   0.0233947   0.0237556 seconds or  1953.02 MUPD/s or  23.4362 GB/s
STREAM triad of size 49759696 : min/avg/max:    0.025544   0.0258618   0.0265911 seconds or     1948 MUPD/s or   23.376 GB/s
STREAM triad of size 54735672 : min/avg/max:   0.0281136   0.0283681   0.0293146 seconds or  1946.94 MUPD/s or  23.3633 GB/s
STREAM triad of size 60209240 : min/avg/max:   0.0308251   0.0317031   0.0377583 seconds or  1953.25 MUPD/s or   23.439 GB/s
STREAM triad of size 66230168 : min/avg/max:   0.0338257   0.0344784   0.0403676 seconds or  1957.98 MUPD/s or  23.4958 GB/s
STREAM triad of size 72853192 : min/avg/max:   0.0370197   0.0374918   0.0389166 seconds or  1967.96 MUPD/s or  23.6155 GB/s
STREAM triad of size 80138512 : min/avg/max:   0.0408154    0.041185   0.0420754 seconds or  1963.44 MUPD/s or  23.5613 GB/s
STREAM triad of size 88152368 : min/avg/max:    0.044812   0.0454354   0.0474812 seconds or  1967.16 MUPD/s or  23.6059 GB/s
STREAM triad of size 96967608 : min/avg/max:    0.049434   0.0499827   0.0511223 seconds or  1961.56 MUPD/s or  23.5387 GB/s
