Intrinsics-based vectorization over 8 floats = 256 bits
STREAM triad of size        8 : min/avg/max:  3.6835e-09 4.33926e-09 5.61936e-09 seconds or  2171.85 MUPD/s or  26.0622 GB/s
STREAM triad of size       16 : min/avg/max: 4.68822e-09  4.7131e-09 4.77603e-09 seconds or  3412.81 MUPD/s or  40.9537 GB/s
STREAM triad of size       24 : min/avg/max: 6.07826e-09 6.14529e-09 6.25263e-09 seconds or   3948.5 MUPD/s or   47.382 GB/s
STREAM triad of size       32 : min/avg/max: 7.45569e-09 7.53308e-09 7.71517e-09 seconds or  4292.02 MUPD/s or  51.5043 GB/s
STREAM triad of size       40 : min/avg/max: 8.82268e-09 8.93352e-09 9.08245e-09 seconds or  4533.77 MUPD/s or  54.4052 GB/s
STREAM triad of size       48 : min/avg/max: 1.01235e-08 1.02742e-08 1.04711e-08 seconds or  4741.45 MUPD/s or  56.8974 GB/s
STREAM triad of size       56 : min/avg/max: 1.15413e-08 1.16429e-08 1.17939e-08 seconds or  4852.13 MUPD/s or  58.2256 GB/s
STREAM triad of size       64 : min/avg/max: 1.28474e-08 1.29825e-08  1.3233e-08 seconds or  4981.55 MUPD/s or  59.7787 GB/s
STREAM triad of size       72 : min/avg/max: 1.42157e-08 1.43189e-08 1.45532e-08 seconds or  5064.84 MUPD/s or   60.778 GB/s
STREAM triad of size       80 : min/avg/max: 1.55269e-08 1.56667e-08 1.59224e-08 seconds or  5152.35 MUPD/s or  61.8281 GB/s
STREAM triad of size       96 : min/avg/max: 1.82244e-08 1.83782e-08 1.86766e-08 seconds or  5267.67 MUPD/s or   63.212 GB/s
STREAM triad of size      112 : min/avg/max: 2.09221e-08  2.1072e-08 2.13994e-08 seconds or  5353.18 MUPD/s or  64.2381 GB/s
STREAM triad of size      128 : min/avg/max: 2.36101e-08 2.37588e-08  2.4203e-08 seconds or  5421.41 MUPD/s or  65.0569 GB/s
STREAM triad of size      144 : min/avg/max:  2.6327e-08 2.65204e-08 2.69867e-08 seconds or  5469.68 MUPD/s or  65.6361 GB/s
STREAM triad of size      160 : min/avg/max: 2.90122e-08 2.91574e-08 2.96787e-08 seconds or  5514.91 MUPD/s or   66.179 GB/s
STREAM triad of size      184 : min/avg/max: 3.30293e-08  3.3189e-08 3.37555e-08 seconds or  5570.82 MUPD/s or  66.8498 GB/s
STREAM triad of size      208 : min/avg/max: 3.71176e-08 3.72751e-08 3.79439e-08 seconds or   5603.8 MUPD/s or  67.2457 GB/s
STREAM triad of size      232 : min/avg/max: 4.11499e-08 4.13083e-08  4.2033e-08 seconds or  5637.92 MUPD/s or   67.655 GB/s
STREAM triad of size      256 : min/avg/max: 4.92803e-08 5.00867e-08 5.12917e-08 seconds or  5194.78 MUPD/s or  62.3373 GB/s
STREAM triad of size      288 : min/avg/max: 5.65885e-08 5.67531e-08 5.76621e-08 seconds or  5089.37 MUPD/s or  61.0724 GB/s
STREAM triad of size      320 : min/avg/max:  6.2282e-08 6.24643e-08 6.34263e-08 seconds or  5137.92 MUPD/s or  61.6551 GB/s
STREAM triad of size      360 : min/avg/max:  6.8981e-08 6.91847e-08 7.03056e-08 seconds or  5218.83 MUPD/s or   62.626 GB/s
STREAM triad of size      400 : min/avg/max: 7.56717e-08 7.59121e-08 7.71547e-08 seconds or  5285.99 MUPD/s or  63.4319 GB/s
STREAM triad of size      448 : min/avg/max: 8.37099e-08 8.39748e-08 8.54207e-08 seconds or  5351.82 MUPD/s or  64.2218 GB/s
STREAM triad of size      496 : min/avg/max: 9.17486e-08 9.20481e-08 9.35717e-08 seconds or  5406.08 MUPD/s or  64.8729 GB/s
STREAM triad of size      552 : min/avg/max: 1.01125e-07 1.01451e-07  1.0321e-07 seconds or  5458.61 MUPD/s or  65.5033 GB/s
STREAM triad of size      608 : min/avg/max: 1.10503e-07  1.1084e-07 1.12712e-07 seconds or  5502.12 MUPD/s or  66.0255 GB/s
STREAM triad of size      672 : min/avg/max: 1.21221e-07 1.21628e-07 1.23704e-07 seconds or   5543.6 MUPD/s or  66.5233 GB/s
STREAM triad of size      744 : min/avg/max: 1.33264e-07  1.3369e-07 1.35963e-07 seconds or   5582.9 MUPD/s or  66.9948 GB/s
STREAM triad of size      824 : min/avg/max: 1.46661e-07 1.47136e-07 1.49726e-07 seconds or  5618.39 MUPD/s or  67.4207 GB/s
STREAM triad of size      912 : min/avg/max: 1.61396e-07 1.61758e-07 1.64724e-07 seconds or  5650.71 MUPD/s or  67.8085 GB/s
STREAM triad of size     1008 : min/avg/max: 1.77473e-07 1.78062e-07 1.81231e-07 seconds or  5679.72 MUPD/s or  68.1567 GB/s
STREAM triad of size     1112 : min/avg/max: 1.94885e-07 1.95541e-07 1.99319e-07 seconds or  5705.94 MUPD/s or  68.4712 GB/s
STREAM triad of size     1224 : min/avg/max: 2.13643e-07 2.14617e-07 2.18327e-07 seconds or  5729.19 MUPD/s or  68.7502 GB/s
STREAM triad of size     1352 : min/avg/max:  2.3508e-07 2.35825e-07 2.39944e-07 seconds or  5751.24 MUPD/s or  69.0149 GB/s
STREAM triad of size     1488 : min/avg/max: 2.57857e-07 2.58427e-07 2.63305e-07 seconds or  5770.64 MUPD/s or  69.2476 GB/s
STREAM triad of size     1640 : min/avg/max: 2.83313e-07 2.84575e-07 2.89285e-07 seconds or  5788.65 MUPD/s or  69.4638 GB/s
STREAM triad of size     1808 : min/avg/max:  3.1146e-07  3.1281e-07 3.18454e-07 seconds or  5804.92 MUPD/s or   69.659 GB/s
STREAM triad of size     1992 : min/avg/max: 3.42281e-07 3.43425e-07 3.49768e-07 seconds or  5819.79 MUPD/s or  69.8374 GB/s
STREAM triad of size     2192 : min/avg/max:   3.758e-07 3.76711e-07 3.83956e-07 seconds or  5832.88 MUPD/s or  69.9946 GB/s
STREAM triad of size     2416 : min/avg/max: 4.13326e-07 4.14699e-07 4.22461e-07 seconds or  5845.27 MUPD/s or  70.1432 GB/s
STREAM triad of size     2664 : min/avg/max: 4.55339e-07 4.56875e-07 4.65304e-07 seconds or  5850.58 MUPD/s or   70.207 GB/s
STREAM triad of size     2936 : min/avg/max: 6.05635e-07 6.16684e-07 6.30901e-07 seconds or  4847.81 MUPD/s or  58.1737 GB/s
STREAM triad of size     3232 : min/avg/max: 7.64172e-07 7.81289e-07 8.03174e-07 seconds or  4229.42 MUPD/s or   50.753 GB/s
STREAM triad of size     3560 : min/avg/max: 8.88995e-07  9.0494e-07  9.4086e-07 seconds or  4004.52 MUPD/s or  48.0543 GB/s
STREAM triad of size     3920 : min/avg/max: 9.44992e-07 9.65265e-07 9.97017e-07 seconds or  4148.18 MUPD/s or  49.7782 GB/s
STREAM triad of size     4320 : min/avg/max: 1.02876e-06  1.0431e-06 1.06611e-06 seconds or  4199.24 MUPD/s or  50.3909 GB/s
STREAM triad of size     4760 : min/avg/max: 1.10374e-06 1.12036e-06 1.19295e-06 seconds or   4312.6 MUPD/s or  51.7512 GB/s
STREAM triad of size     5240 : min/avg/max: 1.23436e-06 1.27417e-06 1.32963e-06 seconds or  4245.11 MUPD/s or  50.9413 GB/s
STREAM triad of size     5768 : min/avg/max: 1.36283e-06 1.40927e-06 1.45819e-06 seconds or  4232.38 MUPD/s or  50.7885 GB/s
STREAM triad of size     6352 : min/avg/max: 1.51926e-06 1.54578e-06 1.57632e-06 seconds or  4180.99 MUPD/s or  50.1719 GB/s
STREAM triad of size     6992 : min/avg/max: 1.69334e-06 1.71944e-06 1.75893e-06 seconds or  4129.12 MUPD/s or  49.5494 GB/s
STREAM triad of size     7696 : min/avg/max: 1.98424e-06  2.0044e-06 2.04716e-06 seconds or  3878.57 MUPD/s or  46.5428 GB/s
STREAM triad of size     8472 : min/avg/max: 2.04006e-06 2.06831e-06 2.09969e-06 seconds or  4152.82 MUPD/s or  49.8339 GB/s
STREAM triad of size     9320 : min/avg/max: 2.27932e-06 2.30373e-06 2.34811e-06 seconds or  4088.94 MUPD/s or  49.0673 GB/s
STREAM triad of size    10256 : min/avg/max: 2.86799e-06 2.88867e-06 2.92854e-06 seconds or  3576.02 MUPD/s or  42.9123 GB/s
STREAM triad of size    11288 : min/avg/max: 3.20098e-06 3.22607e-06 3.26258e-06 seconds or  3526.42 MUPD/s or  42.3171 GB/s
STREAM triad of size    12424 : min/avg/max: 3.01377e-06 3.03732e-06 3.08905e-06 seconds or  4122.41 MUPD/s or  49.4689 GB/s
STREAM triad of size    13672 : min/avg/max: 3.32871e-06 3.36023e-06  3.4749e-06 seconds or   4107.3 MUPD/s or  49.2876 GB/s
STREAM triad of size    15040 : min/avg/max: 3.80706e-06 3.83449e-06 3.91359e-06 seconds or  3950.55 MUPD/s or  47.4067 GB/s
STREAM triad of size    16552 : min/avg/max:  4.3606e-06 4.38891e-06  4.4389e-06 seconds or   3795.8 MUPD/s or  45.5497 GB/s
STREAM triad of size    18208 : min/avg/max: 4.80666e-06 4.83237e-06 4.89728e-06 seconds or  3788.08 MUPD/s or   45.457 GB/s
STREAM triad of size    20032 : min/avg/max: 5.52796e-06 5.55263e-06 5.61979e-06 seconds or  3623.76 MUPD/s or  43.4851 GB/s
STREAM triad of size    22040 : min/avg/max: 6.83468e-06 6.85779e-06 6.92551e-06 seconds or  3224.73 MUPD/s or  38.6968 GB/s
STREAM triad of size    24248 : min/avg/max: 7.24464e-06 7.27397e-06 7.34527e-06 seconds or  3347.03 MUPD/s or  40.1643 GB/s
STREAM triad of size    26680 : min/avg/max: 1.04149e-05 1.04528e-05 1.05317e-05 seconds or  2561.73 MUPD/s or  30.7407 GB/s
STREAM triad of size    29352 : min/avg/max: 1.16413e-05 1.16865e-05 1.17761e-05 seconds or  2521.38 MUPD/s or  30.2565 GB/s
STREAM triad of size    32288 : min/avg/max: 1.29779e-05 1.30186e-05 1.31227e-05 seconds or  2487.93 MUPD/s or  29.8551 GB/s
STREAM triad of size    35520 : min/avg/max:  1.4586e-05  1.4633e-05 1.47264e-05 seconds or  2435.21 MUPD/s or  29.2225 GB/s
STREAM triad of size    39080 : min/avg/max: 1.65091e-05 1.65618e-05 1.66522e-05 seconds or  2367.18 MUPD/s or  28.4061 GB/s
STREAM triad of size    42992 : min/avg/max: 1.83577e-05 1.84238e-05 1.85366e-05 seconds or  2341.91 MUPD/s or  28.1029 GB/s
STREAM triad of size    47296 : min/avg/max: 2.05436e-05  2.0607e-05 2.07281e-05 seconds or  2302.22 MUPD/s or  27.6267 GB/s
STREAM triad of size    52032 : min/avg/max: 2.27847e-05 2.28659e-05 2.30046e-05 seconds or  2283.64 MUPD/s or  27.4037 GB/s
STREAM triad of size    57240 : min/avg/max: 2.50724e-05 2.51486e-05 2.52889e-05 seconds or  2282.98 MUPD/s or  27.3958 GB/s
STREAM triad of size    62968 : min/avg/max: 2.76199e-05 2.77032e-05   2.787e-05 seconds or  2279.81 MUPD/s or  27.3577 GB/s
STREAM triad of size    69272 : min/avg/max: 3.03634e-05  3.0456e-05 3.06232e-05 seconds or  2281.43 MUPD/s or  27.3772 GB/s
STREAM triad of size    76200 : min/avg/max: 3.34011e-05 3.35313e-05 3.42576e-05 seconds or  2281.36 MUPD/s or  27.3764 GB/s
STREAM triad of size    83824 : min/avg/max: 3.67607e-05     3.7e-05 3.80427e-05 seconds or  2280.26 MUPD/s or  27.3631 GB/s
STREAM triad of size    92208 : min/avg/max: 4.04245e-05 4.05625e-05 4.07828e-05 seconds or  2280.99 MUPD/s or  27.3719 GB/s
STREAM triad of size   101432 : min/avg/max: 4.44817e-05 4.46164e-05 4.48778e-05 seconds or  2280.31 MUPD/s or  27.3637 GB/s
STREAM triad of size   111576 : min/avg/max: 4.89017e-05  4.9051e-05 4.93268e-05 seconds or  2281.64 MUPD/s or  27.3797 GB/s
STREAM triad of size   122736 : min/avg/max: 5.38074e-05 5.39731e-05 5.42708e-05 seconds or  2281.02 MUPD/s or  27.3723 GB/s
STREAM triad of size   135016 : min/avg/max: 5.91932e-05 5.93727e-05 5.96966e-05 seconds or  2280.94 MUPD/s or  27.3712 GB/s
STREAM triad of size   148520 : min/avg/max: 6.51314e-05 6.53356e-05 6.57062e-05 seconds or  2280.31 MUPD/s or  27.3637 GB/s
STREAM triad of size   163376 : min/avg/max: 7.17335e-05 7.19858e-05 7.23976e-05 seconds or  2277.54 MUPD/s or  27.3305 GB/s
STREAM triad of size   179720 : min/avg/max:  7.9022e-05 7.92621e-05 7.97251e-05 seconds or   2274.3 MUPD/s or  27.2916 GB/s
STREAM triad of size   197696 : min/avg/max: 8.70961e-05 8.73634e-05 8.79513e-05 seconds or  2269.86 MUPD/s or  27.2383 GB/s
STREAM triad of size   217472 : min/avg/max: 9.60285e-05 9.63633e-05 9.68751e-05 seconds or  2264.66 MUPD/s or  27.1759 GB/s
STREAM triad of size   239224 : min/avg/max: 0.000106005 0.000106321 0.000106889 seconds or  2256.72 MUPD/s or  27.0807 GB/s
STREAM triad of size   263152 : min/avg/max: 0.000116528 0.000116884 0.000117523 seconds or  2258.27 MUPD/s or  27.0992 GB/s
STREAM triad of size   289472 : min/avg/max: 0.000128162 0.000128571 0.000129273 seconds or  2258.65 MUPD/s or  27.1038 GB/s
STREAM triad of size   318424 : min/avg/max: 0.000141058 0.000141483 0.000142283 seconds or   2257.4 MUPD/s or  27.0888 GB/s
STREAM triad of size   350272 : min/avg/max:   0.0001553 0.000155776  0.00015665 seconds or  2255.45 MUPD/s or  27.0654 GB/s
STREAM triad of size   385304 : min/avg/max: 0.000170834 0.000171413 0.000172299 seconds or  2255.43 MUPD/s or  27.0651 GB/s
STREAM triad of size   423840 : min/avg/max:  0.00018784 0.000188424 0.000189621 seconds or  2256.39 MUPD/s or  27.0767 GB/s
STREAM triad of size   466232 : min/avg/max: 0.000206622 0.000207339     0.00021 seconds or  2256.45 MUPD/s or  27.0774 GB/s
STREAM triad of size   512856 : min/avg/max: 0.000227229 0.000227928 0.000229254 seconds or     2257 MUPD/s or   27.084 GB/s
STREAM triad of size   564144 : min/avg/max: 0.000249873  0.00025063 0.000252022 seconds or  2257.72 MUPD/s or  27.0927 GB/s
STREAM triad of size   620560 : min/avg/max: 0.000274994 0.000275806 0.000277324 seconds or  2256.63 MUPD/s or  27.0795 GB/s
STREAM triad of size   682624 : min/avg/max: 0.000302507 0.000303435 0.000305101 seconds or  2256.56 MUPD/s or  27.0787 GB/s
STREAM triad of size   750888 : min/avg/max: 0.000334569 0.000335685 0.000338099 seconds or  2244.34 MUPD/s or  26.9321 GB/s
STREAM triad of size   825984 : min/avg/max: 0.000371619  0.00037295 0.000375385 seconds or  2222.66 MUPD/s or   26.672 GB/s
STREAM triad of size   908584 : min/avg/max: 0.000402604 0.000403814 0.000406065 seconds or  2256.77 MUPD/s or  27.0812 GB/s
STREAM triad of size   999448 : min/avg/max: 0.000463218 0.000464846 0.000467466 seconds or  2157.62 MUPD/s or  25.8914 GB/s
STREAM triad of size  1099400 : min/avg/max: 0.000506327 0.000508189 0.000510851 seconds or  2171.32 MUPD/s or  26.0559 GB/s
STREAM triad of size  1209344 : min/avg/max: 0.000602995 0.000605293 0.000610097 seconds or  2005.56 MUPD/s or  24.0667 GB/s
STREAM triad of size  1330280 : min/avg/max: 0.000707294 0.000710414 0.000717953 seconds or   1880.8 MUPD/s or  22.5696 GB/s
STREAM triad of size  1463312 : min/avg/max: 0.000842997  0.00084646 0.000849353 seconds or  1735.84 MUPD/s or  20.8301 GB/s
STREAM triad of size  1609648 : min/avg/max:  0.00102344  0.00103157  0.00110815 seconds or  1572.79 MUPD/s or  18.8735 GB/s
STREAM triad of size  1770616 : min/avg/max:  0.00125972  0.00126468   0.0012696 seconds or  1405.56 MUPD/s or  16.8668 GB/s
STREAM triad of size  1947680 : min/avg/max:  0.00151649  0.00152289  0.00152872 seconds or  1284.34 MUPD/s or   15.412 GB/s
STREAM triad of size  2142456 : min/avg/max:   0.0017807  0.00178784  0.00179311 seconds or  1203.15 MUPD/s or  14.4378 GB/s
STREAM triad of size  2356704 : min/avg/max:  0.00208257  0.00209092  0.00210812 seconds or  1131.63 MUPD/s or  13.5796 GB/s
STREAM triad of size  2592376 : min/avg/max:  0.00237354  0.00238296  0.00239596 seconds or   1092.2 MUPD/s or  13.1064 GB/s
STREAM triad of size  2851616 : min/avg/max:   0.0026697  0.00268104  0.00270987 seconds or  1068.14 MUPD/s or  12.8177 GB/s
STREAM triad of size  3136784 : min/avg/max:  0.00298407  0.00299451  0.00300222 seconds or  1051.18 MUPD/s or  12.6141 GB/s
STREAM triad of size  3450464 : min/avg/max:  0.00330893  0.00332099  0.00333265 seconds or  1042.77 MUPD/s or  12.5133 GB/s
STREAM triad of size  3795512 : min/avg/max:  0.00366035  0.00367249  0.00368071 seconds or  1036.93 MUPD/s or  12.4431 GB/s
STREAM triad of size  4175064 : min/avg/max:  0.00405117  0.00406522  0.00408457 seconds or  1030.58 MUPD/s or   12.367 GB/s
STREAM triad of size  4592576 : min/avg/max:  0.00446429    0.004478  0.00449699 seconds or  1028.73 MUPD/s or  12.3448 GB/s
STREAM triad of size  5051840 : min/avg/max:  0.00490776  0.00492948  0.00495147 seconds or  1029.36 MUPD/s or  12.3523 GB/s
STREAM triad of size  5557032 : min/avg/max:  0.00539693  0.00541469  0.00542761 seconds or  1029.67 MUPD/s or   12.356 GB/s
STREAM triad of size  6112736 : min/avg/max:  0.00594055  0.00596089  0.00597378 seconds or  1028.98 MUPD/s or  12.3478 GB/s
STREAM triad of size  6724016 : min/avg/max:  0.00653451  0.00655865  0.00658903 seconds or     1029 MUPD/s or   12.348 GB/s
STREAM triad of size  7396424 : min/avg/max:  0.00720015  0.00722688  0.00724558 seconds or  1027.26 MUPD/s or  12.3271 GB/s
STREAM triad of size  8136072 : min/avg/max:  0.00790934  0.00793691  0.00794926 seconds or  1028.67 MUPD/s or   12.344 GB/s
STREAM triad of size  8949680 : min/avg/max:  0.00870877  0.00873948  0.00875283 seconds or  1027.66 MUPD/s or   12.332 GB/s
STREAM triad of size  9844656 : min/avg/max:  0.00957503   0.0096082  0.00963088 seconds or  1028.16 MUPD/s or  12.3379 GB/s
STREAM triad of size 10829128 : min/avg/max:   0.0105431   0.0105867   0.0106245 seconds or  1027.13 MUPD/s or  12.3255 GB/s
STREAM triad of size 11912048 : min/avg/max:   0.0115863   0.0116273   0.0116613 seconds or  1028.11 MUPD/s or  12.3373 GB/s
STREAM triad of size 13103256 : min/avg/max:   0.0127656    0.012822   0.0128825 seconds or  1026.45 MUPD/s or  12.3174 GB/s
STREAM triad of size 14413584 : min/avg/max:   0.0140292   0.0149797   0.0174965 seconds or   1027.4 MUPD/s or  12.3288 GB/s
STREAM triad of size 15854944 : min/avg/max:   0.0154277   0.0159098   0.0204121 seconds or   1027.7 MUPD/s or  12.3324 GB/s
STREAM triad of size 17440440 : min/avg/max:   0.0169782   0.0170511   0.0171772 seconds or  1027.23 MUPD/s or  12.3267 GB/s
STREAM triad of size 19184488 : min/avg/max:   0.0186574    0.018726   0.0187776 seconds or  1028.25 MUPD/s or   12.339 GB/s
STREAM triad of size 21102944 : min/avg/max:   0.0205374   0.0206053   0.0206813 seconds or  1027.54 MUPD/s or  12.3305 GB/s
STREAM triad of size 23213240 : min/avg/max:   0.0225888   0.0226638   0.0227279 seconds or  1027.64 MUPD/s or  12.3317 GB/s
STREAM triad of size 25534568 : min/avg/max:   0.0248356   0.0249256   0.0249905 seconds or  1028.15 MUPD/s or  12.3377 GB/s
STREAM triad of size 28088032 : min/avg/max:    0.027326   0.0274369   0.0275751 seconds or  1027.89 MUPD/s or  12.3347 GB/s
STREAM triad of size 30896840 : min/avg/max:   0.0300599   0.0301876   0.0302592 seconds or  1027.84 MUPD/s or  12.3341 GB/s
STREAM triad of size 33986528 : min/avg/max:   0.0330976    0.033225   0.0335323 seconds or  1026.86 MUPD/s or  12.3223 GB/s
STREAM triad of size 37385184 : min/avg/max:   0.0363896   0.0365441   0.0367056 seconds or  1027.36 MUPD/s or  12.3283 GB/s
STREAM triad of size 41123704 : min/avg/max:   0.0400906   0.0402381    0.040355 seconds or  1025.77 MUPD/s or  12.3092 GB/s
STREAM triad of size 45236080 : min/avg/max:   0.0441097   0.0442586   0.0443444 seconds or  1025.54 MUPD/s or  12.3064 GB/s
STREAM triad of size 49759696 : min/avg/max:   0.0484593   0.0486439   0.0488795 seconds or  1026.84 MUPD/s or   12.322 GB/s
STREAM triad of size 54735672 : min/avg/max:   0.0532811   0.0535262   0.0538431 seconds or   1027.3 MUPD/s or  12.3276 GB/s
STREAM triad of size 60209240 : min/avg/max:   0.0586296   0.0588581   0.0591454 seconds or  1026.94 MUPD/s or  12.3233 GB/s
STREAM triad of size 66230168 : min/avg/max:   0.0645282   0.0647603   0.0649807 seconds or  1026.38 MUPD/s or  12.3165 GB/s
STREAM triad of size 72853192 : min/avg/max:   0.0710355   0.0712726   0.0715612 seconds or  1025.59 MUPD/s or  12.3071 GB/s
STREAM triad of size 80138512 : min/avg/max:   0.0781234   0.0783861   0.0786178 seconds or  1025.79 MUPD/s or  12.3095 GB/s
STREAM triad of size 88152368 : min/avg/max:   0.0859152   0.0862418   0.0866898 seconds or  1026.04 MUPD/s or  12.3125 GB/s
STREAM triad of size 96967608 : min/avg/max:   0.0946246   0.0949011   0.0950694 seconds or  1024.76 MUPD/s or  12.2971 GB/s
