STREAM triad of size    10000 : min/avg/max: 2.79918e-06 3.22814e-06 3.88299e-06 seconds or  3572.47 MUPD/s or  42.8697 GB/s
STREAM triad of size    11008 : min/avg/max: 2.78257e-06 2.80362e-06 2.84187e-06 seconds or  3956.05 MUPD/s or  47.4726 GB/s
STREAM triad of size    12112 : min/avg/max: 2.78233e-06 2.82489e-06 2.88838e-06 seconds or  4353.18 MUPD/s or  52.2382 GB/s
STREAM triad of size    13328 : min/avg/max: 2.81367e-06  2.8333e-06 2.87793e-06 seconds or  4736.87 MUPD/s or  56.8424 GB/s
STREAM triad of size    14664 : min/avg/max: 2.78444e-06 2.81024e-06 2.86707e-06 seconds or  5266.42 MUPD/s or   63.197 GB/s
STREAM triad of size    16136 : min/avg/max: 2.82577e-06 2.86455e-06 2.95939e-06 seconds or   5710.3 MUPD/s or  68.5236 GB/s
STREAM triad of size    17752 : min/avg/max: 2.79103e-06 2.83219e-06 2.92816e-06 seconds or  6360.36 MUPD/s or  76.3244 GB/s
STREAM triad of size    19528 : min/avg/max: 2.82051e-06 2.84496e-06 2.89307e-06 seconds or  6923.58 MUPD/s or   83.083 GB/s
STREAM triad of size    21488 : min/avg/max: 2.82206e-06 2.84864e-06 2.92002e-06 seconds or  7614.29 MUPD/s or  91.3714 GB/s
STREAM triad of size    23640 : min/avg/max: 2.83022e-06 2.85408e-06 2.92402e-06 seconds or  8352.71 MUPD/s or  100.232 GB/s
STREAM triad of size    26008 : min/avg/max: 2.78383e-06 2.82756e-06 2.92316e-06 seconds or  9342.52 MUPD/s or   112.11 GB/s
STREAM triad of size    28616 : min/avg/max: 2.82778e-06 2.85354e-06 2.94172e-06 seconds or  10119.6 MUPD/s or  121.435 GB/s
STREAM triad of size    31480 : min/avg/max: 2.83835e-06 2.87408e-06  3.0027e-06 seconds or    11091 MUPD/s or  133.092 GB/s
STREAM triad of size    34632 : min/avg/max: 2.80098e-06 2.82987e-06 2.92206e-06 seconds or  12364.3 MUPD/s or  148.371 GB/s
STREAM triad of size    38096 : min/avg/max: 2.81511e-06 2.85266e-06 2.98357e-06 seconds or  13532.7 MUPD/s or  162.392 GB/s
STREAM triad of size    41912 : min/avg/max: 2.88172e-06 2.90711e-06 3.04732e-06 seconds or  14544.1 MUPD/s or  174.529 GB/s
STREAM triad of size    46104 : min/avg/max: 2.85824e-06 2.88313e-06 3.03185e-06 seconds or  16130.2 MUPD/s or  193.563 GB/s
STREAM triad of size    50720 : min/avg/max: 2.82118e-06 2.85269e-06 3.04792e-06 seconds or  17978.3 MUPD/s or   215.74 GB/s
STREAM triad of size    55800 : min/avg/max: 2.87574e-06 2.92086e-06 3.12046e-06 seconds or  19403.7 MUPD/s or  232.844 GB/s
STREAM triad of size    61384 : min/avg/max: 2.85596e-06 2.89856e-06 3.09284e-06 seconds or  21493.3 MUPD/s or   257.92 GB/s
STREAM triad of size    67528 : min/avg/max: 2.87919e-06 2.91396e-06 3.09514e-06 seconds or  23453.8 MUPD/s or  281.446 GB/s
STREAM triad of size    74288 : min/avg/max: 2.82082e-06 2.86424e-06 2.92426e-06 seconds or  26335.6 MUPD/s or  316.027 GB/s
STREAM triad of size    81720 : min/avg/max: 2.84369e-06 2.90913e-06 3.15261e-06 seconds or  28737.4 MUPD/s or  344.848 GB/s
STREAM triad of size    89896 : min/avg/max:  2.9123e-06 2.92326e-06 2.95221e-06 seconds or  30867.7 MUPD/s or  370.412 GB/s
STREAM triad of size    98888 : min/avg/max: 3.11235e-06 3.12862e-06 3.26727e-06 seconds or  31772.8 MUPD/s or  381.274 GB/s
STREAM triad of size   108784 : min/avg/max: 3.28414e-06 3.28897e-06 3.29497e-06 seconds or  33124.1 MUPD/s or  397.489 GB/s
STREAM triad of size   119664 : min/avg/max: 3.40563e-06 3.41019e-06 3.41827e-06 seconds or  35137.1 MUPD/s or  421.645 GB/s
STREAM triad of size   131632 : min/avg/max: 3.54994e-06 3.55588e-06 3.56319e-06 seconds or  37080.1 MUPD/s or  444.961 GB/s
STREAM triad of size   144800 : min/avg/max: 3.74031e-06 3.74544e-06 3.75123e-06 seconds or  38713.4 MUPD/s or   464.56 GB/s
STREAM triad of size   159288 : min/avg/max: 4.01816e-06  4.0305e-06 4.03908e-06 seconds or    39642 MUPD/s or  475.704 GB/s
STREAM triad of size   175224 : min/avg/max: 4.20332e-06 4.20857e-06 4.22123e-06 seconds or  41687.1 MUPD/s or  500.245 GB/s
STREAM triad of size   192752 : min/avg/max: 4.44002e-06 4.44655e-06 4.45333e-06 seconds or  43412.5 MUPD/s or   520.95 GB/s
STREAM triad of size   212032 : min/avg/max: 4.79273e-06 4.79969e-06  4.8079e-06 seconds or  44240.4 MUPD/s or  530.884 GB/s
STREAM triad of size   233240 : min/avg/max: 5.04208e-06 5.04856e-06 5.05396e-06 seconds or  46258.7 MUPD/s or  555.104 GB/s
STREAM triad of size   256568 : min/avg/max: 5.40829e-06 5.41372e-06 5.42375e-06 seconds or  47439.7 MUPD/s or  569.277 GB/s
STREAM triad of size   282232 : min/avg/max: 5.77572e-06  5.7842e-06  5.7946e-06 seconds or  48865.3 MUPD/s or  586.383 GB/s
STREAM triad of size   310456 : min/avg/max:   6.181e-06 6.19117e-06 6.20052e-06 seconds or  50227.4 MUPD/s or  602.729 GB/s
STREAM triad of size   341504 : min/avg/max: 8.08337e-06 8.09281e-06 8.11966e-06 seconds or  42247.7 MUPD/s or  506.973 GB/s
STREAM triad of size   375656 : min/avg/max: 1.52794e-05 1.53607e-05 1.54481e-05 seconds or  24585.7 MUPD/s or  295.029 GB/s
STREAM triad of size   413224 : min/avg/max: 2.04208e-05 2.05314e-05  2.0579e-05 seconds or  20235.5 MUPD/s or  242.826 GB/s
STREAM triad of size   454552 : min/avg/max:  2.2585e-05 2.26292e-05  2.2656e-05 seconds or  20126.3 MUPD/s or  241.516 GB/s
STREAM triad of size   500008 : min/avg/max: 2.46742e-05 2.46977e-05  2.4721e-05 seconds or  20264.4 MUPD/s or  243.173 GB/s
STREAM triad of size   550016 : min/avg/max: 2.72398e-05 2.72656e-05 2.73157e-05 seconds or  20191.6 MUPD/s or  242.299 GB/s
STREAM triad of size   605024 : min/avg/max: 3.03919e-05 3.04057e-05 3.04225e-05 seconds or  19907.4 MUPD/s or  238.889 GB/s
STREAM triad of size   665528 : min/avg/max: 3.32714e-05 3.32893e-05 3.33212e-05 seconds or    20003 MUPD/s or  240.036 GB/s
STREAM triad of size   732088 : min/avg/max: 3.63147e-05 3.63273e-05 3.63366e-05 seconds or  20159.6 MUPD/s or  241.915 GB/s
STREAM triad of size   805304 : min/avg/max: 3.94718e-05  3.9491e-05 3.95677e-05 seconds or    20402 MUPD/s or  244.824 GB/s
STREAM triad of size   885840 : min/avg/max:   4.346e-05 4.34818e-05  4.3524e-05 seconds or  20382.9 MUPD/s or  244.594 GB/s
STREAM triad of size   974432 : min/avg/max: 4.76805e-05 4.77035e-05 4.77414e-05 seconds or  20436.7 MUPD/s or   245.24 GB/s
STREAM triad of size  1071880 : min/avg/max: 5.23704e-05 5.25711e-05 5.59754e-05 seconds or  20467.3 MUPD/s or  245.608 GB/s
STREAM triad of size  1179072 : min/avg/max: 5.73396e-05 5.73603e-05 5.74661e-05 seconds or    20563 MUPD/s or  246.756 GB/s
STREAM triad of size  1296984 : min/avg/max: 6.26883e-05 6.27099e-05 6.27814e-05 seconds or  20689.4 MUPD/s or  248.273 GB/s
STREAM triad of size  1426688 : min/avg/max: 6.88034e-05 6.88398e-05 6.89764e-05 seconds or  20735.7 MUPD/s or  248.829 GB/s
STREAM triad of size  1569360 : min/avg/max: 7.54883e-05 7.55488e-05 7.60203e-05 seconds or  20789.5 MUPD/s or  249.473 GB/s
STREAM triad of size  1726304 : min/avg/max: 8.32647e-05 8.32963e-05 8.33889e-05 seconds or  20732.7 MUPD/s or  248.793 GB/s
STREAM triad of size  1898936 : min/avg/max: 9.14925e-05  9.1525e-05 9.15905e-05 seconds or  20755.1 MUPD/s or  249.061 GB/s
STREAM triad of size  2088832 : min/avg/max: 0.000100417 0.000100471 0.000100612 seconds or  20801.5 MUPD/s or  249.618 GB/s
STREAM triad of size  2297720 : min/avg/max: 0.000109784 0.000109811 0.000109932 seconds or  20929.5 MUPD/s or  251.153 GB/s
STREAM triad of size  2527496 : min/avg/max:  0.00012049 0.000120533 0.000120658 seconds or  20976.9 MUPD/s or  251.723 GB/s
STREAM triad of size  2780248 : min/avg/max: 0.000132148 0.000132179 0.000132341 seconds or    21039 MUPD/s or  252.468 GB/s
STREAM triad of size  3058280 : min/avg/max: 0.000145144 0.000145197 0.000145387 seconds or  21070.6 MUPD/s or  252.847 GB/s
STREAM triad of size  3364112 : min/avg/max: 0.000159328 0.000159876 0.000169258 seconds or  21114.3 MUPD/s or  253.372 GB/s
STREAM triad of size  3700528 : min/avg/max: 0.000174955 0.000175045 0.000175316 seconds or  21151.3 MUPD/s or  253.816 GB/s
STREAM triad of size  4070584 : min/avg/max: 0.000192316 0.000192752 0.000198984 seconds or  21166.1 MUPD/s or  253.993 GB/s
STREAM triad of size  4477648 : min/avg/max: 0.000211715 0.000211793 0.000212248 seconds or  21149.4 MUPD/s or  253.793 GB/s
STREAM triad of size  4925416 : min/avg/max: 0.000232627 0.000233095 0.000240122 seconds or    21173 MUPD/s or  254.076 GB/s
STREAM triad of size  5417960 : min/avg/max: 0.000255762 0.000255883 0.000256704 seconds or  21183.6 MUPD/s or  254.204 GB/s
STREAM triad of size  5959760 : min/avg/max: 0.000280731 0.000280851  0.00028198 seconds or  21229.5 MUPD/s or  254.754 GB/s
STREAM triad of size  6555744 : min/avg/max: 0.000308634 0.000308766 0.000310075 seconds or  21241.1 MUPD/s or  254.894 GB/s
STREAM triad of size  7211320 : min/avg/max: 0.000339359 0.000339649 0.000341469 seconds or  21249.8 MUPD/s or  254.998 GB/s
STREAM triad of size  7932456 : min/avg/max: 0.000373974 0.000374201  0.00037663 seconds or  21211.2 MUPD/s or  254.535 GB/s
STREAM triad of size  8725704 : min/avg/max: 0.000409878 0.000410128 0.000413099 seconds or  21288.5 MUPD/s or  255.462 GB/s
STREAM triad of size  9598280 : min/avg/max: 0.000451472 0.000451711 0.000454484 seconds or    21260 MUPD/s or   255.12 GB/s
STREAM triad of size 10558112 : min/avg/max: 0.000496122 0.000496456 0.000499611 seconds or  21281.3 MUPD/s or  255.376 GB/s
STREAM triad of size 11613928 : min/avg/max: 0.000546465 0.000546831 0.000550462 seconds or  21252.8 MUPD/s or  255.034 GB/s
STREAM triad of size 12775328 : min/avg/max: 0.000600421 0.000600863 0.000605796 seconds or  21277.3 MUPD/s or  255.327 GB/s
STREAM triad of size 14052864 : min/avg/max:   0.0006596 0.000660164  0.00066445 seconds or  21305.1 MUPD/s or  255.662 GB/s
STREAM triad of size 15458152 : min/avg/max: 0.000726261 0.000726806 0.000732923 seconds or  21284.6 MUPD/s or  255.415 GB/s
STREAM triad of size 17003968 : min/avg/max: 0.000797772 0.000798385 0.000803994 seconds or  21314.3 MUPD/s or  255.772 GB/s
STREAM triad of size 18704368 : min/avg/max: 0.000877181 0.000877796 0.000885182 seconds or  21323.3 MUPD/s or  255.879 GB/s
STREAM triad of size 20574808 : min/avg/max: 0.000965287 0.000965992 0.000975188 seconds or  21314.7 MUPD/s or  255.776 GB/s
STREAM triad of size 22632296 : min/avg/max:  0.00106146  0.00106232  0.00106991 seconds or  21321.9 MUPD/s or  255.863 GB/s
STREAM triad of size 24895528 : min/avg/max:  0.00116728  0.00116812  0.00117717 seconds or  21327.8 MUPD/s or  255.933 GB/s
STREAM triad of size 27385088 : min/avg/max:  0.00128421  0.00128529  0.00129826 seconds or  21324.4 MUPD/s or  255.893 GB/s
STREAM triad of size 30123600 : min/avg/max:  0.00141379  0.00141481   0.0014264 seconds or    21307 MUPD/s or  255.684 GB/s
STREAM triad of size 33135968 : min/avg/max:  0.00155285  0.00155374  0.00156492 seconds or  21338.8 MUPD/s or  256.066 GB/s
STREAM triad of size 36449568 : min/avg/max:  0.00170856  0.00171004  0.00172712 seconds or  21333.5 MUPD/s or  256.002 GB/s
STREAM triad of size 40094528 : min/avg/max:   0.0018805   0.0018822  0.00189939 seconds or  21321.2 MUPD/s or  255.855 GB/s
STREAM triad of size 44103984 : min/avg/max:  0.00206597  0.00206769  0.00208636 seconds or  21347.8 MUPD/s or  256.174 GB/s
STREAM triad of size 48514384 : min/avg/max:  0.00227335   0.0022748  0.00229216 seconds or  21340.5 MUPD/s or  256.086 GB/s
STREAM triad of size 53365824 : min/avg/max:  0.00250318  0.00250599  0.00254028 seconds or  21319.2 MUPD/s or  255.831 GB/s
STREAM triad of size 58702408 : min/avg/max:  0.00275345  0.00275631  0.00279006 seconds or  21319.6 MUPD/s or  255.835 GB/s
STREAM triad of size 64572656 : min/avg/max:  0.00302791  0.00303062   0.0030649 seconds or  21325.8 MUPD/s or   255.91 GB/s
STREAM triad of size 71029928 : min/avg/max:  0.00333417  0.00333709  0.00337236 seconds or  21303.7 MUPD/s or  255.644 GB/s
STREAM triad of size 78132928 : min/avg/max:  0.00367521  0.00367879  0.00371916 seconds or  21259.5 MUPD/s or  255.113 GB/s
STREAM triad of size 85946224 : min/avg/max:  0.00402452   0.0040285  0.00406385 seconds or  21355.6 MUPD/s or  256.268 GB/s
STREAM triad of size 94540848 : min/avg/max:  0.00443067  0.00443348  0.00446752 seconds or  21337.8 MUPD/s or  256.054 GB/s
STREAM triad of size 103994936 : min/avg/max:  0.00487093  0.00487521  0.00491165 seconds or  21350.1 MUPD/s or  256.202 GB/s
STREAM triad of size 114394432 : min/avg/max:  0.00535354  0.00535778  0.00539164 seconds or    21368 MUPD/s or  256.416 GB/s
STREAM triad of size 125833880 : min/avg/max:   0.0058877  0.00589053  0.00592407 seconds or  21372.3 MUPD/s or  256.468 GB/s
STREAM triad of size 138417272 : min/avg/max:  0.00647409  0.00647755  0.00651151 seconds or  21380.2 MUPD/s or  256.562 GB/s
STREAM triad of size 152259000 : min/avg/max:   0.0071274  0.00713335  0.00720753 seconds or  21362.5 MUPD/s or   256.35 GB/s
STREAM triad of size 167484904 : min/avg/max:  0.00784245  0.00784669   0.0078795 seconds or  21356.2 MUPD/s or  256.274 GB/s
STREAM triad of size 184233400 : min/avg/max:   0.0086251  0.00862955  0.00866499 seconds or  21360.1 MUPD/s or  256.322 GB/s
STREAM triad of size 202656744 : min/avg/max:  0.00948002  0.00948453  0.00951793 seconds or  21377.3 MUPD/s or  256.527 GB/s
STREAM triad of size 222922424 : min/avg/max:   0.0104281   0.0104328   0.0104706 seconds or    21377 MUPD/s or  256.524 GB/s
STREAM triad of size 245214672 : min/avg/max:   0.0114689   0.0114729   0.0115083 seconds or  21380.9 MUPD/s or  256.571 GB/s
STREAM triad of size 269736144 : min/avg/max:   0.0126175   0.0126224   0.0126605 seconds or  21377.9 MUPD/s or  256.535 GB/s
STREAM triad of size 296709760 : min/avg/max:   0.0135667   0.0135852   0.0136516 seconds or  21870.5 MUPD/s or  262.446 GB/s
STREAM triad of size 326380744 : min/avg/max:   0.0152689   0.0152729   0.0153046 seconds or  21375.6 MUPD/s or  256.507 GB/s
STREAM triad of size 359018824 : min/avg/max:   0.0165264   0.0166415   0.0168293 seconds or    21724 MUPD/s or  260.688 GB/s
STREAM triad of size 394920712 : min/avg/max:   0.0182189   0.0182881   0.0184493 seconds or  21676.4 MUPD/s or  260.117 GB/s
STREAM triad of size 434412784 : min/avg/max:   0.0201439   0.0201866    0.020222 seconds or  21565.5 MUPD/s or  258.786 GB/s
STREAM triad of size 477854064 : min/avg/max:   0.0221445   0.0221819   0.0222478 seconds or  21578.9 MUPD/s or  258.947 GB/s
STREAM triad of size 525639472 : min/avg/max:   0.0243172   0.0244233   0.0245637 seconds or  21615.9 MUPD/s or  259.391 GB/s
STREAM triad of size 578203424 : min/avg/max:   0.0263872   0.0267383   0.0270409 seconds or  21912.3 MUPD/s or  262.947 GB/s
STREAM triad of size 636023768 : min/avg/max:   0.0294632   0.0296036   0.0297613 seconds or    21587 MUPD/s or  259.045 GB/s
STREAM triad of size 699626152 : min/avg/max:   0.0319138   0.0324375   0.0327864 seconds or  21922.4 MUPD/s or  263.068 GB/s
STREAM triad of size 769588768 : min/avg/max:   0.0352247   0.0357105   0.0359992 seconds or    21848 MUPD/s or  262.176 GB/s
STREAM triad of size 846547648 : min/avg/max:   0.0389552   0.0393724   0.0395894 seconds or  21731.3 MUPD/s or  260.776 GB/s
STREAM triad of size 931202416 : min/avg/max:   0.0431657   0.0433836   0.0435501 seconds or  21572.7 MUPD/s or  258.873 GB/s
