STREAM triad of size    10000 : min/avg/max: 2.80682e-06 3.28242e-06 3.83315e-06 seconds or  3562.75 MUPD/s or   42.753 GB/s
STREAM triad of size    11008 : min/avg/max: 2.77059e-06  2.8106e-06 2.86194e-06 seconds or  3973.16 MUPD/s or  47.6779 GB/s
STREAM triad of size    12112 : min/avg/max: 2.79984e-06 2.83164e-06 2.87906e-06 seconds or  4325.96 MUPD/s or  51.9115 GB/s
STREAM triad of size    13328 : min/avg/max: 2.81938e-06 2.83425e-06 2.88807e-06 seconds or  4727.28 MUPD/s or  56.7273 GB/s
STREAM triad of size    14664 : min/avg/max: 2.77081e-06 2.80538e-06 2.85346e-06 seconds or  5292.32 MUPD/s or  63.5078 GB/s
STREAM triad of size    16136 : min/avg/max: 2.78091e-06  2.8102e-06 2.86404e-06 seconds or  5802.41 MUPD/s or  69.6289 GB/s
STREAM triad of size    17752 : min/avg/max: 2.76995e-06 2.80879e-06 2.87131e-06 seconds or  6408.77 MUPD/s or  76.9052 GB/s
STREAM triad of size    19528 : min/avg/max: 2.80096e-06 2.83882e-06 2.90665e-06 seconds or  6971.89 MUPD/s or  83.6627 GB/s
STREAM triad of size    21488 : min/avg/max: 2.83571e-06 2.85306e-06 2.92154e-06 seconds or  7577.65 MUPD/s or  90.9318 GB/s
STREAM triad of size    23640 : min/avg/max: 2.81354e-06 2.85294e-06  2.9281e-06 seconds or  8402.22 MUPD/s or  100.827 GB/s
STREAM triad of size    26008 : min/avg/max:  2.8005e-06 2.83011e-06 2.91678e-06 seconds or  9286.91 MUPD/s or  111.443 GB/s
STREAM triad of size    28616 : min/avg/max: 2.80504e-06 2.83123e-06  2.9185e-06 seconds or  10201.7 MUPD/s or   122.42 GB/s
STREAM triad of size    31480 : min/avg/max: 2.82855e-06 2.84964e-06 2.94756e-06 seconds or  11129.4 MUPD/s or  133.552 GB/s
STREAM triad of size    34632 : min/avg/max: 2.81277e-06 2.84095e-06 2.94201e-06 seconds or  12312.4 MUPD/s or  147.749 GB/s
STREAM triad of size    38096 : min/avg/max: 2.82285e-06 2.84895e-06  2.9608e-06 seconds or  13495.6 MUPD/s or  161.947 GB/s
STREAM triad of size    41912 : min/avg/max: 2.81228e-06 2.83589e-06 2.97459e-06 seconds or  14903.2 MUPD/s or  178.839 GB/s
STREAM triad of size    46104 : min/avg/max: 2.82352e-06  2.8422e-06 2.99783e-06 seconds or  16328.5 MUPD/s or  195.942 GB/s
STREAM triad of size    50720 : min/avg/max:   2.801e-06 2.82799e-06 2.99764e-06 seconds or  18107.8 MUPD/s or  217.294 GB/s
STREAM triad of size    55800 : min/avg/max: 2.80787e-06 2.83279e-06 3.02983e-06 seconds or  19872.7 MUPD/s or  238.472 GB/s
STREAM triad of size    61384 : min/avg/max: 2.81088e-06 2.84703e-06 3.04116e-06 seconds or    21838 MUPD/s or  262.056 GB/s
STREAM triad of size    67528 : min/avg/max: 2.80087e-06 2.84724e-06 3.06773e-06 seconds or  24109.6 MUPD/s or  289.316 GB/s
STREAM triad of size    74288 : min/avg/max: 2.79774e-06 2.81611e-06 2.84528e-06 seconds or  26552.9 MUPD/s or  318.634 GB/s
STREAM triad of size    81720 : min/avg/max: 2.80668e-06 2.83529e-06 3.09743e-06 seconds or  29116.2 MUPD/s or  349.395 GB/s
STREAM triad of size    89896 : min/avg/max: 2.91988e-06 2.92708e-06 2.93498e-06 seconds or  30787.5 MUPD/s or   369.45 GB/s
STREAM triad of size    98888 : min/avg/max: 2.97618e-06  2.9984e-06 3.30614e-06 seconds or  33226.5 MUPD/s or  398.718 GB/s
STREAM triad of size   108784 : min/avg/max:  3.0523e-06 3.05951e-06 3.06443e-06 seconds or    35640 MUPD/s or   427.68 GB/s
STREAM triad of size   119664 : min/avg/max:  3.1209e-06 3.14513e-06 3.51416e-06 seconds or  38342.8 MUPD/s or  460.113 GB/s
STREAM triad of size   131632 : min/avg/max: 3.45955e-06 3.46586e-06 3.47254e-06 seconds or  38048.9 MUPD/s or  456.587 GB/s
STREAM triad of size   144800 : min/avg/max: 3.57524e-06 3.57887e-06 3.58458e-06 seconds or  40500.8 MUPD/s or   486.01 GB/s
STREAM triad of size   159288 : min/avg/max: 3.69405e-06 3.72637e-06 4.23126e-06 seconds or  43120.1 MUPD/s or  517.441 GB/s
STREAM triad of size   175224 : min/avg/max: 4.01871e-06  4.0254e-06 4.03398e-06 seconds or  43602.1 MUPD/s or  523.225 GB/s
STREAM triad of size   192752 : min/avg/max: 4.17863e-06 4.21429e-06 4.80862e-06 seconds or  46128.1 MUPD/s or  553.537 GB/s
STREAM triad of size   212032 : min/avg/max: 4.56439e-06 4.56799e-06 4.57679e-06 seconds or  46453.5 MUPD/s or  557.442 GB/s
STREAM triad of size   233240 : min/avg/max: 4.71604e-06 4.72366e-06 4.73918e-06 seconds or  49456.8 MUPD/s or  593.481 GB/s
STREAM triad of size   256568 : min/avg/max: 5.13175e-06 5.15009e-06 5.40809e-06 seconds or  49996.2 MUPD/s or  599.954 GB/s
STREAM triad of size   282232 : min/avg/max: 5.26805e-06  5.2764e-06 5.28394e-06 seconds or  53574.3 MUPD/s or  642.892 GB/s
STREAM triad of size   310456 : min/avg/max: 5.71444e-06 5.71923e-06 5.73794e-06 seconds or  54328.3 MUPD/s or   651.94 GB/s
STREAM triad of size   341504 : min/avg/max: 7.42169e-06 7.43287e-06 7.45133e-06 seconds or  46014.3 MUPD/s or  552.172 GB/s
STREAM triad of size   375656 : min/avg/max: 1.53217e-05 1.54629e-05 1.56524e-05 seconds or  24517.8 MUPD/s or  294.214 GB/s
STREAM triad of size   413224 : min/avg/max: 2.04301e-05 2.04681e-05 2.05151e-05 seconds or  20226.2 MUPD/s or  242.715 GB/s
STREAM triad of size   454552 : min/avg/max:  2.2734e-05  2.2749e-05 2.27643e-05 seconds or  19994.3 MUPD/s or  239.932 GB/s
STREAM triad of size   500008 : min/avg/max: 2.48978e-05 2.49131e-05 2.49314e-05 seconds or  20082.4 MUPD/s or  240.989 GB/s
STREAM triad of size   550016 : min/avg/max: 2.74057e-05 2.74313e-05  2.7509e-05 seconds or  20069.4 MUPD/s or  240.833 GB/s
STREAM triad of size   605024 : min/avg/max: 3.03546e-05 3.03699e-05 3.03966e-05 seconds or  19931.9 MUPD/s or  239.183 GB/s
STREAM triad of size   665528 : min/avg/max: 3.32431e-05 3.32685e-05 3.32911e-05 seconds or    20020 MUPD/s or   240.24 GB/s
STREAM triad of size   732088 : min/avg/max:  3.6326e-05   3.634e-05 3.63649e-05 seconds or  20153.3 MUPD/s or  241.839 GB/s
STREAM triad of size   805304 : min/avg/max: 3.95849e-05 3.96702e-05 4.06571e-05 seconds or  20343.7 MUPD/s or  244.125 GB/s
STREAM triad of size   885840 : min/avg/max: 4.35573e-05 4.35976e-05 4.36602e-05 seconds or  20337.3 MUPD/s or  244.048 GB/s
STREAM triad of size   974432 : min/avg/max: 4.77174e-05 4.77494e-05 4.78351e-05 seconds or  20420.9 MUPD/s or  245.051 GB/s
STREAM triad of size  1071880 : min/avg/max: 5.23548e-05 5.23706e-05 5.24272e-05 seconds or  20473.4 MUPD/s or  245.681 GB/s
STREAM triad of size  1179072 : min/avg/max:  5.7504e-05 5.75314e-05 5.75814e-05 seconds or  20504.2 MUPD/s or   246.05 GB/s
STREAM triad of size  1296984 : min/avg/max: 6.27081e-05  6.2749e-05 6.28811e-05 seconds or  20682.9 MUPD/s or  248.194 GB/s
STREAM triad of size  1426688 : min/avg/max: 6.88296e-05 6.88605e-05 6.89292e-05 seconds or  20727.8 MUPD/s or  248.734 GB/s
STREAM triad of size  1569360 : min/avg/max: 7.55381e-05 7.55638e-05 7.56335e-05 seconds or  20775.7 MUPD/s or  249.309 GB/s
STREAM triad of size  1726304 : min/avg/max: 8.31667e-05 8.32462e-05 8.37638e-05 seconds or  20757.1 MUPD/s or  249.086 GB/s
STREAM triad of size  1898936 : min/avg/max: 9.13762e-05 9.14165e-05 9.15039e-05 seconds or  20781.5 MUPD/s or  249.378 GB/s
STREAM triad of size  2088832 : min/avg/max:  0.00010029 0.000100336 0.000100446 seconds or  20827.9 MUPD/s or  249.935 GB/s
STREAM triad of size  2297720 : min/avg/max: 0.000109582 0.000109626 0.000109735 seconds or    20968 MUPD/s or  251.616 GB/s
STREAM triad of size  2527496 : min/avg/max:  0.00012026 0.000120303 0.000120479 seconds or  21016.9 MUPD/s or  252.203 GB/s
STREAM triad of size  2780248 : min/avg/max: 0.000132151 0.000132192 0.000132389 seconds or  21038.4 MUPD/s or  252.461 GB/s
STREAM triad of size  3058280 : min/avg/max: 0.000145179 0.000145228 0.000145395 seconds or  21065.6 MUPD/s or  252.787 GB/s
STREAM triad of size  3364112 : min/avg/max: 0.000159455 0.000159542 0.000159822 seconds or  21097.6 MUPD/s or  253.171 GB/s
STREAM triad of size  3700528 : min/avg/max: 0.000175163 0.000175229 0.000175555 seconds or  21126.2 MUPD/s or  253.514 GB/s
STREAM triad of size  4070584 : min/avg/max: 0.000192444 0.000192548 0.000192963 seconds or  21152.1 MUPD/s or  253.825 GB/s
STREAM triad of size  4477648 : min/avg/max: 0.000211801 0.000211886 0.000212429 seconds or  21140.8 MUPD/s or   253.69 GB/s
STREAM triad of size  4925416 : min/avg/max: 0.000232515 0.000232623  0.00023332 seconds or  21183.3 MUPD/s or  254.199 GB/s
STREAM triad of size  5417960 : min/avg/max: 0.000255453 0.000255586 0.000256549 seconds or  21209.2 MUPD/s or  254.511 GB/s
STREAM triad of size  5959760 : min/avg/max: 0.000280565 0.000280695 0.000281925 seconds or    21242 MUPD/s or  254.904 GB/s
STREAM triad of size  6555744 : min/avg/max: 0.000308568  0.00030869 0.000310134 seconds or  21245.7 MUPD/s or  254.948 GB/s
STREAM triad of size  7211320 : min/avg/max: 0.000338709 0.000338922 0.000340948 seconds or  21290.6 MUPD/s or  255.487 GB/s
STREAM triad of size  7932456 : min/avg/max: 0.000373393 0.000373658 0.000375923 seconds or  21244.2 MUPD/s or  254.931 GB/s
STREAM triad of size  8725704 : min/avg/max: 0.000410209 0.000411895 0.000439355 seconds or  21271.4 MUPD/s or  255.256 GB/s
STREAM triad of size  9598280 : min/avg/max: 0.000451124 0.000451424 0.000454967 seconds or  21276.4 MUPD/s or  255.317 GB/s
STREAM triad of size 10558112 : min/avg/max: 0.000496067 0.000497804 0.000524109 seconds or  21283.7 MUPD/s or  255.404 GB/s
STREAM triad of size 11613928 : min/avg/max: 0.000546125 0.000546514 0.000550039 seconds or  21266.1 MUPD/s or  255.193 GB/s
STREAM triad of size 12775328 : min/avg/max: 0.000599861 0.000600296 0.000605419 seconds or  21297.1 MUPD/s or  255.566 GB/s
STREAM triad of size 14052864 : min/avg/max: 0.000658855  0.00065936  0.00066446 seconds or  21329.2 MUPD/s or  255.951 GB/s
STREAM triad of size 15458152 : min/avg/max: 0.000725498 0.000726075 0.000731434 seconds or    21307 MUPD/s or  255.683 GB/s
STREAM triad of size 17003968 : min/avg/max: 0.000797033 0.000797643 0.000804787 seconds or  21334.1 MUPD/s or  256.009 GB/s
STREAM triad of size 18704368 : min/avg/max: 0.000877437 0.000878073 0.000885176 seconds or  21317.1 MUPD/s or  255.805 GB/s
STREAM triad of size 20574808 : min/avg/max: 0.000965285 0.000966107 0.000973301 seconds or  21314.7 MUPD/s or  255.777 GB/s
STREAM triad of size 22632296 : min/avg/max:  0.00106096  0.00106163   0.0010706 seconds or    21332 MUPD/s or  255.984 GB/s
STREAM triad of size 24895528 : min/avg/max:  0.00116692  0.00116774  0.00117775 seconds or  21334.4 MUPD/s or  256.012 GB/s
STREAM triad of size 27385088 : min/avg/max:  0.00128227  0.00128355  0.00129554 seconds or  21356.7 MUPD/s or   256.28 GB/s
STREAM triad of size 30123600 : min/avg/max:  0.00141321  0.00141414  0.00142673 seconds or  21315.7 MUPD/s or  255.788 GB/s
STREAM triad of size 33135968 : min/avg/max:  0.00155305  0.00155396  0.00156582 seconds or  21336.1 MUPD/s or  256.033 GB/s
STREAM triad of size 36449568 : min/avg/max:  0.00170795  0.00170933  0.00172825 seconds or  21341.1 MUPD/s or  256.093 GB/s
STREAM triad of size 40094528 : min/avg/max:  0.00187968  0.00188103  0.00189946 seconds or  21330.5 MUPD/s or  255.966 GB/s
STREAM triad of size 44103984 : min/avg/max:  0.00206486  0.00206617  0.00208471 seconds or  21359.3 MUPD/s or  256.312 GB/s
STREAM triad of size 48514384 : min/avg/max:  0.00227133  0.00227276  0.00229021 seconds or  21359.4 MUPD/s or  256.313 GB/s
STREAM triad of size 53365824 : min/avg/max:  0.00250042  0.00250333  0.00254035 seconds or  21342.8 MUPD/s or  256.113 GB/s
STREAM triad of size 58702408 : min/avg/max:  0.00275114  0.00275451  0.00279038 seconds or  21337.4 MUPD/s or  256.049 GB/s
STREAM triad of size 64572656 : min/avg/max:  0.00302469  0.00302742  0.00306362 seconds or  21348.5 MUPD/s or  256.183 GB/s
STREAM triad of size 71029928 : min/avg/max:   0.0033361  0.00333847  0.00337492 seconds or  21291.3 MUPD/s or  255.495 GB/s
STREAM triad of size 78132928 : min/avg/max:  0.00367315  0.00367639  0.00371351 seconds or  21271.4 MUPD/s or  255.257 GB/s
STREAM triad of size 85946224 : min/avg/max:  0.00402087  0.00402362  0.00405916 seconds or    21375 MUPD/s or    256.5 GB/s
STREAM triad of size 94540848 : min/avg/max:  0.00442473   0.0044279  0.00446511 seconds or  21366.5 MUPD/s or  256.398 GB/s
STREAM triad of size 103994936 : min/avg/max:  0.00486503  0.00487268  0.00494968 seconds or    21376 MUPD/s or  256.512 GB/s
STREAM triad of size 114394432 : min/avg/max:  0.00535018  0.00535323  0.00538955 seconds or  21381.4 MUPD/s or  256.577 GB/s
STREAM triad of size 125833880 : min/avg/max:  0.00588587  0.00588914  0.00592675 seconds or    21379 MUPD/s or  256.548 GB/s
STREAM triad of size 138417272 : min/avg/max:  0.00647153   0.0064747  0.00650942 seconds or  21388.6 MUPD/s or  256.664 GB/s
STREAM triad of size 152259000 : min/avg/max:  0.00712269  0.00712568  0.00716121 seconds or  21376.6 MUPD/s or  256.519 GB/s
STREAM triad of size 167484904 : min/avg/max:  0.00784532  0.00785117  0.00792601 seconds or  21348.4 MUPD/s or  256.181 GB/s
STREAM triad of size 184233400 : min/avg/max:   0.0086112  0.00861545    0.008652 seconds or  21394.6 MUPD/s or  256.735 GB/s
STREAM triad of size 202656744 : min/avg/max:  0.00946879  0.00947237  0.00950895 seconds or  21402.6 MUPD/s or  256.831 GB/s
STREAM triad of size 222922424 : min/avg/max:   0.0104169   0.0104201   0.0104573 seconds or  21400.2 MUPD/s or  256.802 GB/s
STREAM triad of size 245214672 : min/avg/max:   0.0114678   0.0114714   0.0115062 seconds or  21382.8 MUPD/s or  256.594 GB/s
STREAM triad of size 269736144 : min/avg/max:   0.0126026   0.0126067   0.0126421 seconds or  21403.2 MUPD/s or  256.838 GB/s
STREAM triad of size 296709760 : min/avg/max:   0.0137167   0.0137638   0.0139067 seconds or  21631.3 MUPD/s or  259.575 GB/s
STREAM triad of size 326380744 : min/avg/max:   0.0152473   0.0152509   0.0152868 seconds or  21405.8 MUPD/s or  256.869 GB/s
STREAM triad of size 359018824 : min/avg/max:   0.0167784   0.0167926    0.016987 seconds or  21397.7 MUPD/s or  256.772 GB/s
STREAM triad of size 394920712 : min/avg/max:   0.0181316    0.018273    0.018466 seconds or  21780.8 MUPD/s or  261.369 GB/s
STREAM triad of size 434412784 : min/avg/max:   0.0198808   0.0200684   0.0203203 seconds or  21850.8 MUPD/s or   262.21 GB/s
STREAM triad of size 477854064 : min/avg/max:   0.0221466   0.0222687   0.0223552 seconds or  21576.8 MUPD/s or  258.922 GB/s
STREAM triad of size 525639472 : min/avg/max:   0.0242227   0.0244147   0.0245785 seconds or  21700.2 MUPD/s or  260.403 GB/s
STREAM triad of size 578203424 : min/avg/max:   0.0263976   0.0267617   0.0270951 seconds or  21903.6 MUPD/s or  262.843 GB/s
STREAM triad of size 636023768 : min/avg/max:   0.0294944    0.029667   0.0297533 seconds or  21564.2 MUPD/s or  258.771 GB/s
STREAM triad of size 699626152 : min/avg/max:   0.0320021   0.0324751   0.0327403 seconds or  21861.9 MUPD/s or  262.342 GB/s
STREAM triad of size 769588768 : min/avg/max:   0.0356763   0.0358869   0.0359688 seconds or  21571.5 MUPD/s or  258.857 GB/s
STREAM triad of size 846547648 : min/avg/max:   0.0386316   0.0392912   0.0395545 seconds or  21913.3 MUPD/s or   262.96 GB/s
STREAM triad of size 931202416 : min/avg/max:   0.0425057   0.0432548   0.0435135 seconds or  21907.7 MUPD/s or  262.893 GB/s
