STREAM triad of size    10000 : min/avg/max: 2.77384e-06 3.49953e-06 4.16839e-06 seconds or  3605.11 MUPD/s or  43.2613 GB/s
STREAM triad of size    11008 : min/avg/max: 2.76459e-06 2.79927e-06 2.90055e-06 seconds or  3981.78 MUPD/s or  47.7814 GB/s
STREAM triad of size    12112 : min/avg/max: 2.78755e-06 2.81897e-06 2.86289e-06 seconds or  4345.03 MUPD/s or  52.1403 GB/s
STREAM triad of size    13328 : min/avg/max: 2.77876e-06   2.813e-06 2.86754e-06 seconds or  4796.39 MUPD/s or  57.5567 GB/s
STREAM triad of size    14664 : min/avg/max: 2.76563e-06 2.79233e-06 2.85634e-06 seconds or  5302.23 MUPD/s or  63.6267 GB/s
STREAM triad of size    16136 : min/avg/max: 2.76504e-06 2.80422e-06 2.93958e-06 seconds or  5835.72 MUPD/s or  70.0287 GB/s
STREAM triad of size    17752 : min/avg/max: 2.76803e-06 2.81365e-06 2.89157e-06 seconds or  6413.22 MUPD/s or  76.9586 GB/s
STREAM triad of size    19528 : min/avg/max: 2.80107e-06 2.83826e-06 2.89923e-06 seconds or  6971.63 MUPD/s or  83.6596 GB/s
STREAM triad of size    21488 : min/avg/max: 2.78647e-06 2.81667e-06 2.89001e-06 seconds or  7711.54 MUPD/s or  92.5384 GB/s
STREAM triad of size    23640 : min/avg/max: 2.78222e-06 2.81204e-06 2.87557e-06 seconds or  8496.82 MUPD/s or  101.962 GB/s
STREAM triad of size    26008 : min/avg/max: 2.76721e-06 2.84089e-06 2.94794e-06 seconds or  9398.62 MUPD/s or  112.783 GB/s
STREAM triad of size    28616 : min/avg/max: 2.76726e-06   2.802e-06 2.88608e-06 seconds or  10340.9 MUPD/s or  124.091 GB/s
STREAM triad of size    31480 : min/avg/max: 2.79862e-06 2.84158e-06 2.98456e-06 seconds or  11248.4 MUPD/s or  134.981 GB/s
STREAM triad of size    34632 : min/avg/max:  2.7717e-06 2.80819e-06  2.9027e-06 seconds or  12494.8 MUPD/s or  149.938 GB/s
STREAM triad of size    38096 : min/avg/max: 2.78401e-06 2.81812e-06 2.94877e-06 seconds or  13683.8 MUPD/s or  164.206 GB/s
STREAM triad of size    41912 : min/avg/max: 2.80696e-06 2.83672e-06 2.99602e-06 seconds or  14931.4 MUPD/s or  179.177 GB/s
STREAM triad of size    46104 : min/avg/max: 2.79271e-06 2.83908e-06 2.99861e-06 seconds or  16508.7 MUPD/s or  198.104 GB/s
STREAM triad of size    50720 : min/avg/max: 2.78345e-06 2.81954e-06 3.02258e-06 seconds or    18222 MUPD/s or  218.664 GB/s
STREAM triad of size    55800 : min/avg/max: 2.78598e-06 2.83545e-06 3.04775e-06 seconds or  20028.8 MUPD/s or  240.346 GB/s
STREAM triad of size    61384 : min/avg/max: 2.78673e-06 2.83924e-06 3.02661e-06 seconds or  22027.3 MUPD/s or  264.327 GB/s
STREAM triad of size    67528 : min/avg/max:  2.7931e-06 2.82413e-06 2.87239e-06 seconds or  24176.8 MUPD/s or  290.121 GB/s
STREAM triad of size    74288 : min/avg/max: 2.80409e-06 2.85329e-06 3.15674e-06 seconds or  26492.7 MUPD/s or  317.913 GB/s
STREAM triad of size    81720 : min/avg/max: 2.81147e-06 2.86703e-06 3.13614e-06 seconds or  29066.7 MUPD/s or    348.8 GB/s
STREAM triad of size    89896 : min/avg/max: 2.84158e-06 2.86178e-06   2.888e-06 seconds or  31635.9 MUPD/s or  379.631 GB/s
STREAM triad of size    98888 : min/avg/max: 2.81748e-06 2.86656e-06 3.17756e-06 seconds or    35098 MUPD/s or  421.176 GB/s
STREAM triad of size   108784 : min/avg/max: 2.84657e-06 2.85991e-06 2.90028e-06 seconds or  38215.8 MUPD/s or  458.589 GB/s
STREAM triad of size   119664 : min/avg/max: 2.90531e-06 2.91395e-06  2.9267e-06 seconds or  41188.1 MUPD/s or  494.257 GB/s
STREAM triad of size   131632 : min/avg/max: 3.12064e-06 3.14438e-06 3.48323e-06 seconds or  42181.1 MUPD/s or  506.173 GB/s
STREAM triad of size   144800 : min/avg/max: 3.26354e-06 3.26811e-06 3.27395e-06 seconds or    44369 MUPD/s or  532.429 GB/s
STREAM triad of size   159288 : min/avg/max: 3.38859e-06 3.39821e-06 3.44086e-06 seconds or  47007.1 MUPD/s or  564.085 GB/s
STREAM triad of size   175224 : min/avg/max: 3.61786e-06 3.62531e-06 3.63629e-06 seconds or    48433 MUPD/s or  581.196 GB/s
STREAM triad of size   192752 : min/avg/max:  3.7866e-06 3.79258e-06 3.79823e-06 seconds or  50903.7 MUPD/s or  610.844 GB/s
STREAM triad of size   212032 : min/avg/max: 4.04725e-06 4.06329e-06 4.10609e-06 seconds or  52389.1 MUPD/s or  628.669 GB/s
STREAM triad of size   233240 : min/avg/max: 4.21218e-06 4.21971e-06  4.2289e-06 seconds or  55372.7 MUPD/s or  664.473 GB/s
STREAM triad of size   256568 : min/avg/max: 4.53393e-06 4.53911e-06 4.54869e-06 seconds or  56588.4 MUPD/s or  679.061 GB/s
STREAM triad of size   282232 : min/avg/max: 4.72277e-06 4.73043e-06 4.74199e-06 seconds or  59759.8 MUPD/s or  717.118 GB/s
STREAM triad of size   310456 : min/avg/max:  5.0394e-06 5.08746e-06 5.88028e-06 seconds or  61605.7 MUPD/s or  739.269 GB/s
STREAM triad of size   341504 : min/avg/max: 6.91546e-06 6.92673e-06 6.94156e-06 seconds or  49382.7 MUPD/s or  592.593 GB/s
STREAM triad of size   375656 : min/avg/max: 1.52107e-05  1.5298e-05  1.5501e-05 seconds or  24696.9 MUPD/s or  296.363 GB/s
STREAM triad of size   413224 : min/avg/max: 2.04123e-05 2.04448e-05 2.04717e-05 seconds or  20243.8 MUPD/s or  242.926 GB/s
STREAM triad of size   454552 : min/avg/max: 2.25399e-05 2.25582e-05 2.25786e-05 seconds or  20166.6 MUPD/s or  241.999 GB/s
STREAM triad of size   500008 : min/avg/max: 2.46521e-05 2.46726e-05 2.47167e-05 seconds or  20282.6 MUPD/s or  243.391 GB/s
STREAM triad of size   550016 : min/avg/max: 2.72269e-05 2.72437e-05 2.72763e-05 seconds or  20201.2 MUPD/s or  242.414 GB/s
STREAM triad of size   605024 : min/avg/max: 3.01944e-05 3.02118e-05 3.02369e-05 seconds or  20037.6 MUPD/s or  240.451 GB/s
STREAM triad of size   665528 : min/avg/max:   3.313e-05  3.3146e-05 3.31805e-05 seconds or  20088.4 MUPD/s or   241.06 GB/s
STREAM triad of size   732088 : min/avg/max: 3.61658e-05 3.61765e-05 3.62156e-05 seconds or  20242.5 MUPD/s or   242.91 GB/s
STREAM triad of size   805304 : min/avg/max: 3.94805e-05 3.94847e-05 3.94907e-05 seconds or  20397.5 MUPD/s or   244.77 GB/s
STREAM triad of size   885840 : min/avg/max: 4.34058e-05  4.3439e-05 4.34866e-05 seconds or  20408.4 MUPD/s or    244.9 GB/s
STREAM triad of size   974432 : min/avg/max: 4.75485e-05 4.77317e-05  5.0798e-05 seconds or  20493.4 MUPD/s or  245.921 GB/s
STREAM triad of size  1071880 : min/avg/max: 5.22028e-05 5.22248e-05 5.22919e-05 seconds or    20533 MUPD/s or  246.396 GB/s
STREAM triad of size  1179072 : min/avg/max: 5.71746e-05 5.72048e-05 5.72595e-05 seconds or  20622.3 MUPD/s or  247.467 GB/s
STREAM triad of size  1296984 : min/avg/max: 6.25325e-05 6.25626e-05 6.26193e-05 seconds or    20741 MUPD/s or  248.892 GB/s
STREAM triad of size  1426688 : min/avg/max: 6.86178e-05  6.8657e-05 6.87386e-05 seconds or  20791.8 MUPD/s or  249.502 GB/s
STREAM triad of size  1569360 : min/avg/max: 7.53357e-05 7.53846e-05 7.54343e-05 seconds or  20831.6 MUPD/s or  249.979 GB/s
STREAM triad of size  1726304 : min/avg/max: 8.29084e-05 8.29715e-05 8.34628e-05 seconds or  20821.8 MUPD/s or  249.862 GB/s
STREAM triad of size  1898936 : min/avg/max: 9.10971e-05 9.11312e-05 9.12458e-05 seconds or  20845.2 MUPD/s or  250.142 GB/s
STREAM triad of size  2088832 : min/avg/max: 9.99329e-05  9.9983e-05 0.000100085 seconds or  20902.3 MUPD/s or  250.828 GB/s
STREAM triad of size  2297720 : min/avg/max: 0.000109421 0.000109454 0.000109539 seconds or  20998.8 MUPD/s or  251.986 GB/s
STREAM triad of size  2527496 : min/avg/max: 0.000120047 0.000120093   0.0001202 seconds or  21054.2 MUPD/s or   252.65 GB/s
STREAM triad of size  2780248 : min/avg/max: 0.000131842 0.000131876 0.000132018 seconds or  21087.8 MUPD/s or  253.053 GB/s
STREAM triad of size  3058280 : min/avg/max: 0.000144866 0.000144923 0.000145043 seconds or  21111.1 MUPD/s or  253.333 GB/s
STREAM triad of size  3364112 : min/avg/max: 0.000159104 0.000159166 0.000159385 seconds or  21144.1 MUPD/s or   253.73 GB/s
STREAM triad of size  3700528 : min/avg/max:  0.00017477 0.000174812 0.000175011 seconds or  21173.7 MUPD/s or  254.084 GB/s
STREAM triad of size  4070584 : min/avg/max: 0.000192076  0.00019218 0.000192483 seconds or  21192.6 MUPD/s or  254.311 GB/s
STREAM triad of size  4477648 : min/avg/max:  0.00021124  0.00021135 0.000211813 seconds or    21197 MUPD/s or  254.364 GB/s
STREAM triad of size  4925416 : min/avg/max: 0.000232114 0.000232196 0.000232777 seconds or  21219.9 MUPD/s or  254.638 GB/s
STREAM triad of size  5417960 : min/avg/max: 0.000255062 0.000255185 0.000255873 seconds or  21241.7 MUPD/s or  254.901 GB/s
STREAM triad of size  5959760 : min/avg/max: 0.000280142 0.000280514 0.000285317 seconds or  21274.1 MUPD/s or  255.289 GB/s
STREAM triad of size  6555744 : min/avg/max: 0.000308022 0.000308166 0.000309535 seconds or  21283.3 MUPD/s or    255.4 GB/s
STREAM triad of size  7211320 : min/avg/max: 0.000338473 0.000338645 0.000340402 seconds or  21305.4 MUPD/s or  255.665 GB/s
STREAM triad of size  7932456 : min/avg/max: 0.000372711 0.000372922 0.000375469 seconds or  21283.1 MUPD/s or  255.397 GB/s
STREAM triad of size  8725704 : min/avg/max: 0.000409252 0.000409545 0.000412693 seconds or  21321.1 MUPD/s or  255.853 GB/s
STREAM triad of size  9598280 : min/avg/max: 0.000450383  0.00045066 0.000453706 seconds or  21311.4 MUPD/s or  255.736 GB/s
STREAM triad of size 10558112 : min/avg/max: 0.000495107 0.000495411 0.000498806 seconds or  21324.9 MUPD/s or  255.899 GB/s
STREAM triad of size 11613928 : min/avg/max:  0.00054519 0.000545488 0.000549402 seconds or  21302.5 MUPD/s or   255.63 GB/s
STREAM triad of size 12775328 : min/avg/max: 0.000598841 0.000599231 0.000604406 seconds or  21333.4 MUPD/s or  256.001 GB/s
STREAM triad of size 14052864 : min/avg/max: 0.000658186 0.000658548 0.000662637 seconds or  21350.9 MUPD/s or  256.211 GB/s
STREAM triad of size 15458152 : min/avg/max: 0.000724797 0.000725259 0.000731481 seconds or  21327.5 MUPD/s or  255.931 GB/s
STREAM triad of size 17003968 : min/avg/max: 0.000795962 0.000796577 0.000802445 seconds or  21362.8 MUPD/s or  256.353 GB/s
STREAM triad of size 18704368 : min/avg/max: 0.000875772 0.000876382 0.000883797 seconds or  21357.6 MUPD/s or  256.291 GB/s
STREAM triad of size 20574808 : min/avg/max: 0.000962795 0.000963969 0.000972146 seconds or  21369.9 MUPD/s or  256.438 GB/s
STREAM triad of size 22632296 : min/avg/max:   0.0010592  0.00105998  0.00106989 seconds or  21367.4 MUPD/s or  256.409 GB/s
STREAM triad of size 24895528 : min/avg/max:  0.00116499  0.00116569  0.00117454 seconds or  21369.8 MUPD/s or  256.437 GB/s
STREAM triad of size 27385088 : min/avg/max:  0.00128092  0.00128205  0.00129407 seconds or  21379.2 MUPD/s or  256.551 GB/s
STREAM triad of size 30123600 : min/avg/max:  0.00141069   0.0014117  0.00142356 seconds or  21353.8 MUPD/s or  256.245 GB/s
STREAM triad of size 33135968 : min/avg/max:  0.00155007  0.00155095  0.00156298 seconds or  21377.1 MUPD/s or  256.525 GB/s
STREAM triad of size 36449568 : min/avg/max:  0.00170486  0.00170634  0.00172387 seconds or  21379.7 MUPD/s or  256.557 GB/s
STREAM triad of size 40094528 : min/avg/max:  0.00187642  0.00187779   0.0018959 seconds or  21367.5 MUPD/s or   256.41 GB/s
STREAM triad of size 44103984 : min/avg/max:  0.00206159  0.00206298  0.00208123 seconds or  21393.2 MUPD/s or  256.718 GB/s
STREAM triad of size 48514384 : min/avg/max:  0.00226777   0.0022694  0.00228702 seconds or    21393 MUPD/s or  256.716 GB/s
STREAM triad of size 53365824 : min/avg/max:  0.00249704  0.00249991  0.00253602 seconds or  21371.6 MUPD/s or  256.459 GB/s
STREAM triad of size 58702408 : min/avg/max:  0.00274726   0.0027509  0.00278562 seconds or  21367.6 MUPD/s or  256.412 GB/s
STREAM triad of size 64572656 : min/avg/max:  0.00302097  0.00302377  0.00306061 seconds or  21374.8 MUPD/s or  256.498 GB/s
STREAM triad of size 71029928 : min/avg/max:  0.00332815  0.00333107  0.00336807 seconds or  21342.2 MUPD/s or  256.106 GB/s
STREAM triad of size 78132928 : min/avg/max:  0.00366573  0.00366937  0.00370408 seconds or  21314.4 MUPD/s or  255.773 GB/s
STREAM triad of size 85946224 : min/avg/max:  0.00401431  0.00401696  0.00405203 seconds or    21410 MUPD/s or   256.92 GB/s
STREAM triad of size 94540848 : min/avg/max:  0.00441871   0.0044219  0.00445848 seconds or  21395.6 MUPD/s or  256.747 GB/s
STREAM triad of size 103994936 : min/avg/max:  0.00485959  0.00486281  0.00489901 seconds or  21399.9 MUPD/s or  256.799 GB/s
STREAM triad of size 114394432 : min/avg/max:  0.00534242  0.00534506  0.00538034 seconds or  21412.5 MUPD/s or   256.95 GB/s
STREAM triad of size 125833880 : min/avg/max:  0.00587638  0.00587955  0.00591426 seconds or  21413.5 MUPD/s or  256.962 GB/s
STREAM triad of size 138417272 : min/avg/max:  0.00646085  0.00646446  0.00649796 seconds or    21424 MUPD/s or  257.088 GB/s
STREAM triad of size 152259000 : min/avg/max:  0.00711093  0.00711418  0.00714924 seconds or    21412 MUPD/s or  256.943 GB/s
STREAM triad of size 167484904 : min/avg/max:  0.00782904  0.00783525  0.00791394 seconds or  21392.8 MUPD/s or  256.713 GB/s
STREAM triad of size 184233400 : min/avg/max:  0.00860127  0.00860601  0.00864167 seconds or  21419.3 MUPD/s or  257.032 GB/s
STREAM triad of size 202656744 : min/avg/max:  0.00945686  0.00945985  0.00949417 seconds or  21429.6 MUPD/s or  257.155 GB/s
STREAM triad of size 222922424 : min/avg/max:   0.0104025   0.0104054   0.0104389 seconds or  21429.7 MUPD/s or  257.156 GB/s
STREAM triad of size 245214672 : min/avg/max:   0.0114479   0.0114507   0.0114863 seconds or  21420.1 MUPD/s or  257.041 GB/s
STREAM triad of size 269736144 : min/avg/max:   0.0125877   0.0125916   0.0126317 seconds or  21428.5 MUPD/s or  257.142 GB/s
STREAM triad of size 296709760 : min/avg/max:   0.0138484   0.0138518   0.0138853 seconds or  21425.6 MUPD/s or  257.107 GB/s
STREAM triad of size 326380744 : min/avg/max:   0.0152285   0.0152319   0.0152655 seconds or  21432.2 MUPD/s or  257.187 GB/s
STREAM triad of size 359018824 : min/avg/max:   0.0167533   0.0167567    0.016789 seconds or  21429.8 MUPD/s or  257.158 GB/s
STREAM triad of size 394920712 : min/avg/max:    0.017937    0.018035   0.0184081 seconds or  22017.1 MUPD/s or  264.205 GB/s
STREAM triad of size 434412784 : min/avg/max:   0.0198972   0.0199767   0.0201637 seconds or  21832.8 MUPD/s or  261.994 GB/s
STREAM triad of size 477854064 : min/avg/max:   0.0218717   0.0220007    0.022196 seconds or    21848 MUPD/s or  262.176 GB/s
STREAM triad of size 525639472 : min/avg/max:   0.0240806   0.0242077   0.0245084 seconds or  21828.3 MUPD/s or   261.94 GB/s
STREAM triad of size 578203424 : min/avg/max:   0.0262675   0.0265868   0.0269706 seconds or  22012.2 MUPD/s or  264.146 GB/s
STREAM triad of size 636023768 : min/avg/max:   0.0291237   0.0294301   0.0297055 seconds or  21838.7 MUPD/s or  262.064 GB/s
STREAM triad of size 699626152 : min/avg/max:   0.0319132   0.0323308   0.0326955 seconds or  21922.8 MUPD/s or  263.073 GB/s
STREAM triad of size 769588768 : min/avg/max:   0.0352482   0.0356065    0.035912 seconds or  21833.4 MUPD/s or  262.001 GB/s
STREAM triad of size 846547648 : min/avg/max:   0.0385012   0.0390979   0.0394956 seconds or  21987.5 MUPD/s or   263.85 GB/s
STREAM triad of size 931202416 : min/avg/max:    0.042604   0.0430925   0.0434497 seconds or  21857.2 MUPD/s or  262.286 GB/s
