STREAM triad of size    10000 : min/avg/max: 2.85503e-06 3.72164e-06 5.21132e-06 seconds or  3502.59 MUPD/s or  84.0622 GB/s
STREAM triad of size    11008 : min/avg/max: 2.87056e-06 2.89669e-06 2.93415e-06 seconds or   3834.8 MUPD/s or  92.0351 GB/s
STREAM triad of size    12112 : min/avg/max: 2.87806e-06 2.91246e-06 2.95273e-06 seconds or  4208.39 MUPD/s or  101.001 GB/s
STREAM triad of size    13328 : min/avg/max:  2.8784e-06 2.89708e-06 2.93017e-06 seconds or  4630.36 MUPD/s or  111.129 GB/s
STREAM triad of size    14664 : min/avg/max: 2.84519e-06 2.88867e-06 2.93009e-06 seconds or  5153.96 MUPD/s or  123.695 GB/s
STREAM triad of size    16136 : min/avg/max: 2.87134e-06 2.89949e-06 2.95772e-06 seconds or  5619.67 MUPD/s or  134.872 GB/s
STREAM triad of size    17752 : min/avg/max: 2.88006e-06 2.91462e-06 2.96348e-06 seconds or  6163.75 MUPD/s or   147.93 GB/s
STREAM triad of size    19528 : min/avg/max:  2.9121e-06 2.94465e-06 3.00776e-06 seconds or  6705.81 MUPD/s or  160.939 GB/s
STREAM triad of size    21488 : min/avg/max:  2.8931e-06 2.93392e-06 3.05188e-06 seconds or  7427.32 MUPD/s or  178.256 GB/s
STREAM triad of size    23640 : min/avg/max: 2.86053e-06 2.90784e-06 2.99976e-06 seconds or   8264.2 MUPD/s or  198.341 GB/s
STREAM triad of size    26008 : min/avg/max: 2.91911e-06 2.93663e-06 3.02836e-06 seconds or  8909.57 MUPD/s or   213.83 GB/s
STREAM triad of size    28616 : min/avg/max: 2.88666e-06 2.93345e-06 3.03404e-06 seconds or   9913.2 MUPD/s or  237.917 GB/s
STREAM triad of size    31480 : min/avg/max: 2.89536e-06 2.92733e-06 3.03411e-06 seconds or  10872.6 MUPD/s or  260.942 GB/s
STREAM triad of size    34632 : min/avg/max: 2.90789e-06 2.94608e-06 3.05325e-06 seconds or  11909.7 MUPD/s or  285.832 GB/s
STREAM triad of size    38096 : min/avg/max: 2.89222e-06 2.92144e-06 3.06172e-06 seconds or  13171.9 MUPD/s or  316.125 GB/s
STREAM triad of size    41912 : min/avg/max: 2.88264e-06 2.90941e-06 3.04284e-06 seconds or  14539.4 MUPD/s or  348.946 GB/s
STREAM triad of size    46104 : min/avg/max: 2.89588e-06 2.92915e-06 3.07456e-06 seconds or  15920.6 MUPD/s or  382.094 GB/s
STREAM triad of size    50720 : min/avg/max: 2.90521e-06 2.92883e-06 3.07316e-06 seconds or  17458.3 MUPD/s or  418.999 GB/s
STREAM triad of size    55800 : min/avg/max: 2.88697e-06 2.93014e-06 3.12574e-06 seconds or  19328.2 MUPD/s or  463.877 GB/s
STREAM triad of size    61384 : min/avg/max: 2.91096e-06 2.95074e-06 3.16368e-06 seconds or  21087.2 MUPD/s or  506.092 GB/s
STREAM triad of size    67528 : min/avg/max: 2.94471e-06 2.95522e-06 2.97743e-06 seconds or    22932 MUPD/s or  550.367 GB/s
STREAM triad of size    74288 : min/avg/max: 3.03378e-06 3.05214e-06 3.29354e-06 seconds or    24487 MUPD/s or  587.687 GB/s
STREAM triad of size    81720 : min/avg/max: 3.12713e-06 3.14426e-06 3.36457e-06 seconds or  26132.6 MUPD/s or  627.182 GB/s
STREAM triad of size    89896 : min/avg/max: 3.33523e-06 3.34454e-06 3.35089e-06 seconds or  26953.5 MUPD/s or  646.883 GB/s
STREAM triad of size    98888 : min/avg/max: 3.53077e-06  3.5363e-06 3.54378e-06 seconds or  28007.5 MUPD/s or  672.179 GB/s
STREAM triad of size   108784 : min/avg/max: 3.66632e-06 3.67203e-06 3.67542e-06 seconds or  29671.2 MUPD/s or  712.108 GB/s
STREAM triad of size   119664 : min/avg/max: 3.77717e-06 3.78008e-06 3.78392e-06 seconds or  31680.8 MUPD/s or   760.34 GB/s
STREAM triad of size   131632 : min/avg/max: 3.94866e-06 3.95586e-06 3.96172e-06 seconds or  33335.9 MUPD/s or  800.062 GB/s
STREAM triad of size   144800 : min/avg/max: 4.17154e-06 4.17657e-06 4.18454e-06 seconds or  34711.4 MUPD/s or  833.073 GB/s
STREAM triad of size   159288 : min/avg/max: 4.38022e-06 4.38486e-06 4.39232e-06 seconds or  36365.3 MUPD/s or  872.766 GB/s
STREAM triad of size   175224 : min/avg/max: 9.23096e-06 9.40161e-06 9.55147e-06 seconds or  18982.2 MUPD/s or  455.573 GB/s
STREAM triad of size   192752 : min/avg/max: 1.94402e-05 1.95586e-05 1.96272e-05 seconds or  9915.13 MUPD/s or  237.963 GB/s
STREAM triad of size   212032 : min/avg/max: 2.08845e-05 2.09129e-05 2.09454e-05 seconds or  10152.6 MUPD/s or  243.662 GB/s
STREAM triad of size   233240 : min/avg/max: 2.25732e-05 2.25866e-05  2.2605e-05 seconds or  10332.6 MUPD/s or  247.983 GB/s
STREAM triad of size   256568 : min/avg/max: 2.46529e-05 2.46899e-05 2.47476e-05 seconds or  10407.2 MUPD/s or  249.773 GB/s
STREAM triad of size   282232 : min/avg/max: 2.65598e-05 2.65859e-05 2.66182e-05 seconds or  10626.3 MUPD/s or  255.031 GB/s
STREAM triad of size   310456 : min/avg/max: 3.04987e-05 3.05609e-05 3.14441e-05 seconds or  10179.3 MUPD/s or  244.304 GB/s
STREAM triad of size   341504 : min/avg/max: 3.47618e-05 3.48005e-05 3.48273e-05 seconds or  9824.11 MUPD/s or  235.779 GB/s
STREAM triad of size   375656 : min/avg/max: 3.80735e-05 3.81332e-05 3.82494e-05 seconds or  9866.59 MUPD/s or  236.798 GB/s
STREAM triad of size   413224 : min/avg/max: 4.23679e-05 4.24316e-05 4.24751e-05 seconds or  9753.23 MUPD/s or  234.078 GB/s
STREAM triad of size   454552 : min/avg/max: 4.64147e-05  4.6474e-05 4.65206e-05 seconds or  9793.27 MUPD/s or  235.038 GB/s
STREAM triad of size   500008 : min/avg/max: 5.00773e-05 5.01313e-05  5.0207e-05 seconds or  9984.73 MUPD/s or  239.634 GB/s
STREAM triad of size   550016 : min/avg/max: 5.34671e-05 5.34849e-05 5.35019e-05 seconds or    10287 MUPD/s or  246.888 GB/s
STREAM triad of size   605024 : min/avg/max: 5.85526e-05 5.85685e-05 5.86012e-05 seconds or    10333 MUPD/s or  247.992 GB/s
STREAM triad of size   665528 : min/avg/max:  6.4142e-05 6.41679e-05 6.41913e-05 seconds or  10375.9 MUPD/s or  249.021 GB/s
STREAM triad of size   732088 : min/avg/max: 7.04007e-05 7.04229e-05 7.04682e-05 seconds or  10398.9 MUPD/s or  249.573 GB/s
STREAM triad of size   805304 : min/avg/max: 7.94492e-05 7.95328e-05 7.96155e-05 seconds or  10136.1 MUPD/s or  243.266 GB/s
STREAM triad of size   885840 : min/avg/max: 8.65426e-05 8.66106e-05 8.67049e-05 seconds or  10235.9 MUPD/s or  245.661 GB/s
STREAM triad of size   974432 : min/avg/max: 9.49923e-05 9.50787e-05 9.52596e-05 seconds or    10258 MUPD/s or  246.192 GB/s
STREAM triad of size  1071880 : min/avg/max: 0.000103211 0.000103305 0.000103377 seconds or  10385.4 MUPD/s or  249.249 GB/s
STREAM triad of size  1179072 : min/avg/max: 0.000114181 0.000114304 0.000114404 seconds or  10326.3 MUPD/s or  247.832 GB/s
STREAM triad of size  1296984 : min/avg/max: 0.000125532  0.00012563  0.00012572 seconds or  10331.9 MUPD/s or  247.965 GB/s
STREAM triad of size  1426688 : min/avg/max: 0.000138142 0.000138338 0.000138559 seconds or  10327.7 MUPD/s or  247.865 GB/s
STREAM triad of size  1569360 : min/avg/max: 0.000151346 0.000151502 0.000151641 seconds or  10369.4 MUPD/s or  248.864 GB/s
STREAM triad of size  1726304 : min/avg/max: 0.000163258 0.000163331 0.000163529 seconds or  10574.1 MUPD/s or  253.778 GB/s
STREAM triad of size  1898936 : min/avg/max: 0.000181539 0.000181685 0.000181918 seconds or  10460.2 MUPD/s or  251.044 GB/s
STREAM triad of size  2088832 : min/avg/max: 0.000198552 0.000198683   0.0001988 seconds or  10520.3 MUPD/s or  252.488 GB/s
STREAM triad of size  2297720 : min/avg/max: 0.000219395 0.000219517 0.000219636 seconds or    10473 MUPD/s or  251.351 GB/s
STREAM triad of size  2527496 : min/avg/max: 0.000239063 0.000239299 0.000239671 seconds or  10572.5 MUPD/s or   253.74 GB/s
STREAM triad of size  2780248 : min/avg/max: 0.000263393 0.000263595 0.000263933 seconds or  10555.5 MUPD/s or  253.333 GB/s
STREAM triad of size  3058280 : min/avg/max: 0.000290148  0.00029045 0.000291032 seconds or  10540.4 MUPD/s or   252.97 GB/s
STREAM triad of size  3364112 : min/avg/max: 0.000320246   0.0003206 0.000321514 seconds or  10504.8 MUPD/s or  252.115 GB/s
STREAM triad of size  3700528 : min/avg/max: 0.000347035 0.000347176 0.000347969 seconds or  10663.3 MUPD/s or  255.918 GB/s
STREAM triad of size  4070584 : min/avg/max: 0.000384857 0.000385314 0.000386208 seconds or  10576.9 MUPD/s or  253.845 GB/s
STREAM triad of size  4477648 : min/avg/max: 0.000426422 0.000426875 0.000427989 seconds or  10500.5 MUPD/s or  252.012 GB/s
STREAM triad of size  4925416 : min/avg/max: 0.000465816 0.000466046 0.000467371 seconds or  10573.7 MUPD/s or   253.77 GB/s
STREAM triad of size  5417960 : min/avg/max: 0.000510611 0.000511376 0.000513697 seconds or  10610.7 MUPD/s or  254.658 GB/s
STREAM triad of size  5959760 : min/avg/max: 0.000565606 0.000566642 0.000568206 seconds or  10536.9 MUPD/s or  252.887 GB/s
STREAM triad of size  6555744 : min/avg/max: 0.000618857 0.000619618 0.000621717 seconds or  10593.3 MUPD/s or   254.24 GB/s
STREAM triad of size  7211320 : min/avg/max: 0.000680355 0.000680913 0.000682896 seconds or  10599.3 MUPD/s or  254.384 GB/s
STREAM triad of size  7932456 : min/avg/max: 0.000747573 0.000748099 0.000750774 seconds or  10610.9 MUPD/s or  254.663 GB/s
STREAM triad of size  8725704 : min/avg/max: 0.000828296 0.000829632 0.000831991 seconds or  10534.5 MUPD/s or  252.829 GB/s
STREAM triad of size  9598280 : min/avg/max: 0.000906996   0.0009077 0.000910431 seconds or  10582.5 MUPD/s or   253.98 GB/s
STREAM triad of size 10558112 : min/avg/max: 0.000996008 0.000996835  0.00099963 seconds or  10600.4 MUPD/s or   254.41 GB/s
STREAM triad of size 11613928 : min/avg/max:   0.0010935  0.00109508  0.00109912 seconds or  10620.9 MUPD/s or    254.9 GB/s
STREAM triad of size 12775328 : min/avg/max:  0.00120513  0.00120613  0.00121094 seconds or  10600.8 MUPD/s or  254.419 GB/s
STREAM triad of size 14052864 : min/avg/max:  0.00132716  0.00132865  0.00133386 seconds or  10588.7 MUPD/s or  254.128 GB/s
STREAM triad of size 15458152 : min/avg/max:  0.00146031  0.00146176  0.00146765 seconds or  10585.6 MUPD/s or  254.053 GB/s
STREAM triad of size 17003968 : min/avg/max:  0.00160301  0.00160393  0.00160928 seconds or  10607.5 MUPD/s or   254.58 GB/s
STREAM triad of size 18704368 : min/avg/max:  0.00176637  0.00176869  0.00177575 seconds or  10589.1 MUPD/s or  254.139 GB/s
STREAM triad of size 20574808 : min/avg/max:  0.00194151  0.00194322  0.00195153 seconds or  10597.3 MUPD/s or  254.336 GB/s
STREAM triad of size 22632296 : min/avg/max:  0.00213196   0.0021339  0.00214227 seconds or  10615.7 MUPD/s or  254.777 GB/s
STREAM triad of size 24895528 : min/avg/max:  0.00234856   0.0023507  0.00235822 seconds or  10600.3 MUPD/s or  254.408 GB/s
STREAM triad of size 27385088 : min/avg/max:  0.00258264  0.00258545  0.00259743 seconds or  10603.5 MUPD/s or  254.484 GB/s
STREAM triad of size 30123600 : min/avg/max:   0.0028371  0.00284007  0.00285046 seconds or  10617.7 MUPD/s or  254.826 GB/s
STREAM triad of size 33135968 : min/avg/max:  0.00312808  0.00313063  0.00314231 seconds or  10593.1 MUPD/s or  254.234 GB/s
STREAM triad of size 36449568 : min/avg/max:  0.00344371  0.00344886  0.00346752 seconds or  10584.4 MUPD/s or  254.025 GB/s
STREAM triad of size 40094528 : min/avg/max:  0.00378075  0.00378401  0.00380101 seconds or  10604.9 MUPD/s or  254.518 GB/s
STREAM triad of size 44103984 : min/avg/max:    0.004158  0.00416179  0.00417844 seconds or    10607 MUPD/s or  254.568 GB/s
STREAM triad of size 48514384 : min/avg/max:  0.00457335  0.00457837  0.00459451 seconds or  10608.1 MUPD/s or  254.594 GB/s
STREAM triad of size 53365824 : min/avg/max:  0.00503506  0.00504266  0.00507507 seconds or  10598.8 MUPD/s or  254.372 GB/s
STREAM triad of size 58702408 : min/avg/max:  0.00557693  0.00558813   0.0056624 seconds or  10525.9 MUPD/s or  252.623 GB/s
STREAM triad of size 64572656 : min/avg/max:  0.00609626  0.00610315  0.00613972 seconds or  10592.2 MUPD/s or  254.212 GB/s
STREAM triad of size 71029928 : min/avg/max:  0.00669239  0.00669943  0.00673211 seconds or  10613.5 MUPD/s or  254.725 GB/s
STREAM triad of size 78132928 : min/avg/max:  0.00735918  0.00737031   0.0074021 seconds or  10617.1 MUPD/s or   254.81 GB/s
STREAM triad of size 85946224 : min/avg/max:  0.00810534  0.00811425  0.00814592 seconds or  10603.7 MUPD/s or  254.488 GB/s
STREAM triad of size 94540848 : min/avg/max:  0.00889738  0.00890808   0.0089378 seconds or  10625.7 MUPD/s or  255.017 GB/s
STREAM triad of size 103994936 : min/avg/max:  0.00979721  0.00980784  0.00984781 seconds or  10614.8 MUPD/s or  254.754 GB/s
STREAM triad of size 114394432 : min/avg/max:   0.0107892   0.0107997   0.0108433 seconds or  10602.7 MUPD/s or  254.464 GB/s
STREAM triad of size 125833880 : min/avg/max:   0.0118556   0.0118664   0.0119042 seconds or  10613.9 MUPD/s or  254.733 GB/s
STREAM triad of size 138417272 : min/avg/max:   0.0130451   0.0130566   0.0130918 seconds or  10610.7 MUPD/s or  254.656 GB/s
STREAM triad of size 152259000 : min/avg/max:   0.0143459   0.0143565   0.0143797 seconds or  10613.4 MUPD/s or  254.721 GB/s
STREAM triad of size 167484904 : min/avg/max:   0.0157553   0.0157661   0.0157956 seconds or  10630.4 MUPD/s or  255.129 GB/s
STREAM triad of size 184233400 : min/avg/max:   0.0173606   0.0173709   0.0173919 seconds or  10612.2 MUPD/s or  254.692 GB/s
STREAM triad of size 202656744 : min/avg/max:   0.0191052   0.0191183   0.0191529 seconds or  10607.4 MUPD/s or  254.578 GB/s
STREAM triad of size 222922424 : min/avg/max:   0.0209864   0.0209996   0.0210366 seconds or  10622.2 MUPD/s or  254.933 GB/s
STREAM triad of size 245214672 : min/avg/max:   0.0231324   0.0231493   0.0231773 seconds or  10600.5 MUPD/s or  254.412 GB/s
STREAM triad of size 269736144 : min/avg/max:   0.0245169   0.0248576   0.0253799 seconds or  11002.1 MUPD/s or  264.049 GB/s
STREAM triad of size 296709760 : min/avg/max:   0.0269864   0.0274215   0.0280038 seconds or  10994.8 MUPD/s or  263.875 GB/s
STREAM triad of size 326380744 : min/avg/max:   0.0296672   0.0302861   0.0307802 seconds or  11001.4 MUPD/s or  264.033 GB/s
STREAM triad of size 359018824 : min/avg/max:   0.0326469   0.0333007   0.0338743 seconds or    10997 MUPD/s or  263.928 GB/s
STREAM triad of size 394920712 : min/avg/max:    0.035881   0.0366772    0.037179 seconds or  11006.4 MUPD/s or  264.154 GB/s
STREAM triad of size 434412784 : min/avg/max:    0.039464   0.0404598   0.0410123 seconds or  11007.8 MUPD/s or  264.188 GB/s
STREAM triad of size 477854064 : min/avg/max:   0.0434046   0.0445755   0.0450722 seconds or  11009.3 MUPD/s or  264.223 GB/s
STREAM triad of size 525639472 : min/avg/max:   0.0477349   0.0489566    0.049533 seconds or  11011.6 MUPD/s or  264.279 GB/s
STREAM triad of size 578203424 : min/avg/max:    0.052544   0.0540423   0.0545731 seconds or  11004.2 MUPD/s or    264.1 GB/s
STREAM triad of size 636023768 : min/avg/max:   0.0577553   0.0593518   0.0598862 seconds or  11012.4 MUPD/s or  264.298 GB/s
Error in computation, got 0 instead of 526
STREAM triad of size 699626152 : min/avg/max:    2.88e-07  8.2325e-07  1.0687e-05 seconds or 2.42926e+09 MUPD/s or 5.83022e+07 GB/s
Error in computation, got 0 instead of 526
STREAM triad of size 769588768 : min/avg/max:    2.87e-07   8.064e-07  1.0333e-05 seconds or 2.68149e+09 MUPD/s or 6.43559e+07 GB/s
Error in computation, got 0 instead of 526
STREAM triad of size 846547648 : min/avg/max:    2.88e-07  8.2175e-07   1.057e-05 seconds or 2.9394e+09 MUPD/s or 7.05456e+07 GB/s
Error in computation, got 0 instead of 526
STREAM triad of size 931202416 : min/avg/max:    2.86e-07  8.4285e-07  1.1029e-05 seconds or 3.25595e+09 MUPD/s or 7.81429e+07 GB/s
