Intrinsics-based vectorization over 8 floats = 256 bits
STREAM triad of size        8 : min/avg/max: 2.59871e-09 2.74948e-09 5.18312e-09 seconds or  3078.45 MUPD/s or  36.9414 GB/s
STREAM triad of size       16 : min/avg/max: 3.46732e-09 3.68524e-09 3.85054e-09 seconds or  4614.51 MUPD/s or  55.3741 GB/s
STREAM triad of size       24 : min/avg/max: 4.32279e-09 4.42628e-09 4.50099e-09 seconds or  5551.97 MUPD/s or  66.6236 GB/s
STREAM triad of size       32 : min/avg/max: 5.19633e-09 5.26782e-09 5.35032e-09 seconds or  6158.19 MUPD/s or  73.8983 GB/s
STREAM triad of size       40 : min/avg/max:  6.1648e-09  6.3202e-09 7.05509e-09 seconds or  6488.45 MUPD/s or  77.8614 GB/s
STREAM triad of size       48 : min/avg/max: 7.15005e-09 7.27188e-09 7.47391e-09 seconds or  6713.24 MUPD/s or  80.5588 GB/s
STREAM triad of size       56 : min/avg/max: 8.18097e-09 8.59468e-09 1.03392e-08 seconds or  6845.16 MUPD/s or  82.1419 GB/s
STREAM triad of size       64 : min/avg/max: 9.08329e-09 9.73761e-09 1.66788e-08 seconds or  7045.91 MUPD/s or  84.5509 GB/s
STREAM triad of size       72 : min/avg/max:  1.0053e-08 1.01261e-08 1.02894e-08 seconds or  7162.06 MUPD/s or  85.9447 GB/s
STREAM triad of size       80 : min/avg/max: 1.10226e-08 1.11514e-08 1.14169e-08 seconds or  7257.79 MUPD/s or  87.0934 GB/s
STREAM triad of size       96 : min/avg/max: 1.29654e-08   1.309e-08 1.34146e-08 seconds or  7404.32 MUPD/s or  88.8519 GB/s
STREAM triad of size      112 : min/avg/max:  1.4928e-08  1.5002e-08 1.51199e-08 seconds or  7502.67 MUPD/s or   90.032 GB/s
STREAM triad of size      128 : min/avg/max: 1.69266e-08 1.70419e-08 1.73539e-08 seconds or  7562.05 MUPD/s or  90.7446 GB/s
STREAM triad of size      144 : min/avg/max: 1.88287e-08 1.90716e-08 1.93601e-08 seconds or  7647.89 MUPD/s or  91.7746 GB/s
STREAM triad of size      160 : min/avg/max: 2.08213e-08 2.10477e-08 2.12565e-08 seconds or  7684.45 MUPD/s or  92.2134 GB/s
STREAM triad of size      184 : min/avg/max:  2.7717e-08 2.94587e-08 3.08784e-08 seconds or  6638.52 MUPD/s or  79.6622 GB/s
STREAM triad of size      208 : min/avg/max: 3.19986e-08 3.34736e-08 3.56242e-08 seconds or  6500.28 MUPD/s or  78.0034 GB/s
STREAM triad of size      232 : min/avg/max: 3.50234e-08 3.67283e-08 3.86829e-08 seconds or  6624.14 MUPD/s or  79.4896 GB/s
STREAM triad of size      256 : min/avg/max: 3.95066e-08 4.03554e-08 4.13966e-08 seconds or  6479.92 MUPD/s or  77.7591 GB/s
STREAM triad of size      288 : min/avg/max: 4.35505e-08 4.43533e-08 4.50964e-08 seconds or  6613.02 MUPD/s or  79.3562 GB/s
STREAM triad of size      320 : min/avg/max: 4.80343e-08 4.82394e-08 4.94896e-08 seconds or  6661.91 MUPD/s or  79.9429 GB/s
STREAM triad of size      360 : min/avg/max: 5.25917e-08 5.38064e-08 7.18982e-08 seconds or  6845.19 MUPD/s or  82.1423 GB/s
STREAM triad of size      400 : min/avg/max: 5.77486e-08 5.98723e-08  8.2338e-08 seconds or  6926.57 MUPD/s or  83.1188 GB/s
STREAM triad of size      448 : min/avg/max: 6.34902e-08 6.37688e-08 6.47299e-08 seconds or   7056.2 MUPD/s or  84.6744 GB/s
STREAM triad of size      496 : min/avg/max: 6.93206e-08 6.99496e-08  7.1188e-08 seconds or  7155.17 MUPD/s or   85.862 GB/s
STREAM triad of size      552 : min/avg/max: 7.59707e-08 7.62964e-08 7.75132e-08 seconds or  7265.96 MUPD/s or  87.1915 GB/s
STREAM triad of size      608 : min/avg/max: 8.29647e-08 8.38619e-08 8.72459e-08 seconds or  7328.41 MUPD/s or   87.941 GB/s
STREAM triad of size      672 : min/avg/max: 9.07315e-08 9.11024e-08 9.21244e-08 seconds or  7406.47 MUPD/s or  88.8777 GB/s
STREAM triad of size      744 : min/avg/max: 9.88504e-08 1.00357e-07 1.03485e-07 seconds or  7526.52 MUPD/s or  90.3183 GB/s
STREAM triad of size      824 : min/avg/max: 1.09041e-07 1.10078e-07 1.11714e-07 seconds or  7556.76 MUPD/s or  90.6811 GB/s
STREAM triad of size      912 : min/avg/max: 1.19429e-07  1.2068e-07 1.22982e-07 seconds or  7636.35 MUPD/s or  91.6362 GB/s
STREAM triad of size     1008 : min/avg/max: 1.31554e-07 1.33003e-07 1.35462e-07 seconds or  7662.23 MUPD/s or  91.9468 GB/s
STREAM triad of size     1112 : min/avg/max: 1.44337e-07  1.4563e-07 1.47238e-07 seconds or   7704.2 MUPD/s or  92.4504 GB/s
STREAM triad of size     1224 : min/avg/max: 1.57566e-07 1.60193e-07 1.86392e-07 seconds or  7768.19 MUPD/s or  93.2183 GB/s
STREAM triad of size     1352 : min/avg/max: 1.73339e-07 1.74132e-07 1.76773e-07 seconds or  7799.75 MUPD/s or   93.597 GB/s
STREAM triad of size     1488 : min/avg/max: 1.90088e-07 1.95243e-07 2.41305e-07 seconds or  7827.94 MUPD/s or  93.9353 GB/s
STREAM triad of size     1640 : min/avg/max: 2.08224e-07 2.09477e-07 2.15201e-07 seconds or  7876.15 MUPD/s or  94.5138 GB/s
STREAM triad of size     1808 : min/avg/max: 2.28994e-07  2.3128e-07  2.4041e-07 seconds or  7895.39 MUPD/s or  94.7447 GB/s
STREAM triad of size     1992 : min/avg/max: 2.50922e-07 2.52464e-07  2.5707e-07 seconds or  7938.71 MUPD/s or  95.2645 GB/s
STREAM triad of size     2192 : min/avg/max: 2.75529e-07 2.77642e-07 2.81184e-07 seconds or  7955.61 MUPD/s or  95.4674 GB/s
STREAM triad of size     2416 : min/avg/max:  3.0274e-07 3.04671e-07 3.08299e-07 seconds or  7980.44 MUPD/s or  95.7653 GB/s
STREAM triad of size     2664 : min/avg/max:  3.3321e-07 3.35033e-07 3.38999e-07 seconds or  7994.96 MUPD/s or  95.9395 GB/s
STREAM triad of size     2936 : min/avg/max: 3.65753e-07 3.67965e-07 3.72973e-07 seconds or  8027.27 MUPD/s or  96.3272 GB/s
STREAM triad of size     3232 : min/avg/max: 3.99741e-07 4.04391e-07 4.11063e-07 seconds or  8085.23 MUPD/s or  97.0228 GB/s
STREAM triad of size     3560 : min/avg/max: 4.41221e-07 4.44252e-07  4.5349e-07 seconds or  8068.52 MUPD/s or  96.8222 GB/s
STREAM triad of size     3920 : min/avg/max: 4.85249e-07 4.90221e-07 5.01839e-07 seconds or  8078.33 MUPD/s or  96.9399 GB/s
STREAM triad of size     4320 : min/avg/max:  6.0811e-07 6.12509e-07 6.19008e-07 seconds or  7103.97 MUPD/s or  85.2477 GB/s
STREAM triad of size     4760 : min/avg/max: 7.77493e-07 7.81664e-07 7.90121e-07 seconds or  6122.24 MUPD/s or  73.4669 GB/s
STREAM triad of size     5240 : min/avg/max: 8.57333e-07 8.60811e-07 8.68607e-07 seconds or  6111.98 MUPD/s or  73.3437 GB/s
STREAM triad of size     5768 : min/avg/max: 9.42828e-07 9.48683e-07 9.57864e-07 seconds or  6117.76 MUPD/s or  73.4132 GB/s
STREAM triad of size     6352 : min/avg/max: 1.03602e-06 1.04668e-06 1.16043e-06 seconds or  6131.14 MUPD/s or  73.5737 GB/s
STREAM triad of size     6992 : min/avg/max: 1.13809e-06 1.17406e-06 1.51519e-06 seconds or  6143.63 MUPD/s or  73.7235 GB/s
STREAM triad of size     7696 : min/avg/max: 1.45792e-06 1.47477e-06 1.63931e-06 seconds or  5278.77 MUPD/s or  63.3452 GB/s
STREAM triad of size     8472 : min/avg/max:  1.3805e-06 1.41164e-06 1.80677e-06 seconds or  6136.91 MUPD/s or  73.6429 GB/s
STREAM triad of size     9320 : min/avg/max: 1.52066e-06  1.5434e-06 1.68689e-06 seconds or   6128.9 MUPD/s or  73.5468 GB/s
STREAM triad of size    10256 : min/avg/max: 2.18082e-06 2.20873e-06 2.46837e-06 seconds or  4702.83 MUPD/s or  56.4339 GB/s
STREAM triad of size    11288 : min/avg/max: 2.25263e-06  2.2638e-06 2.29496e-06 seconds or  5011.04 MUPD/s or  60.1325 GB/s
STREAM triad of size    12424 : min/avg/max: 2.01597e-06 2.02266e-06 2.04829e-06 seconds or  6162.78 MUPD/s or  73.9534 GB/s
STREAM triad of size    13672 : min/avg/max: 2.22366e-06 2.23437e-06 2.25607e-06 seconds or  6148.43 MUPD/s or  73.7812 GB/s
STREAM triad of size    15040 : min/avg/max: 2.46093e-06 2.46957e-06 2.48675e-06 seconds or  6111.51 MUPD/s or  73.3381 GB/s
STREAM triad of size    16552 : min/avg/max: 2.69327e-06 2.71054e-06 2.73411e-06 seconds or  6145.69 MUPD/s or  73.7483 GB/s
STREAM triad of size    18208 : min/avg/max:  2.9653e-06 2.97991e-06  3.0012e-06 seconds or  6140.35 MUPD/s or  73.6842 GB/s
STREAM triad of size    20032 : min/avg/max: 3.28808e-06 3.30596e-06 3.34068e-06 seconds or  6092.32 MUPD/s or  73.1078 GB/s
STREAM triad of size    22040 : min/avg/max: 3.91707e-06 3.93229e-06 3.99207e-06 seconds or  5626.66 MUPD/s or  67.5199 GB/s
STREAM triad of size    24248 : min/avg/max: 3.97095e-06 4.02021e-06 4.29057e-06 seconds or  6106.34 MUPD/s or  73.2761 GB/s
STREAM triad of size    26680 : min/avg/max: 4.69547e-06   4.708e-06 4.74728e-06 seconds or  5682.07 MUPD/s or  68.1849 GB/s
STREAM triad of size    29352 : min/avg/max: 4.79365e-06 4.83143e-06 5.23676e-06 seconds or   6123.1 MUPD/s or  73.4772 GB/s
STREAM triad of size    32288 : min/avg/max: 5.48432e-06 5.62696e-06 7.17849e-06 seconds or  5887.33 MUPD/s or  70.6479 GB/s
STREAM triad of size    35520 : min/avg/max: 6.18756e-06 6.22906e-06 6.30367e-06 seconds or  5740.55 MUPD/s or  68.8866 GB/s
STREAM triad of size    39080 : min/avg/max: 6.81962e-06 6.84665e-06 6.95639e-06 seconds or  5730.53 MUPD/s or  68.7663 GB/s
STREAM triad of size    42992 : min/avg/max: 7.49149e-06 7.54383e-06 7.64093e-06 seconds or  5738.78 MUPD/s or  68.8653 GB/s
STREAM triad of size    47296 : min/avg/max: 8.23965e-06 8.36775e-06 9.73047e-06 seconds or  5740.05 MUPD/s or  68.8806 GB/s
STREAM triad of size    52032 : min/avg/max: 9.07021e-06 9.10306e-06  9.2097e-06 seconds or  5736.58 MUPD/s or  68.8389 GB/s
STREAM triad of size    57240 : min/avg/max: 9.96733e-06 9.99742e-06 1.01276e-05 seconds or  5742.76 MUPD/s or  68.9132 GB/s
STREAM triad of size    62968 : min/avg/max: 1.09664e-05 1.11771e-05 1.27806e-05 seconds or  5741.92 MUPD/s or   68.903 GB/s
STREAM triad of size    69272 : min/avg/max: 1.20767e-05 1.22546e-05 1.36438e-05 seconds or  5736.03 MUPD/s or  68.8323 GB/s
STREAM triad of size    76200 : min/avg/max: 1.33057e-05   1.343e-05 1.45473e-05 seconds or  5726.87 MUPD/s or  68.7225 GB/s
STREAM triad of size    83824 : min/avg/max: 1.46065e-05 1.51143e-05 1.75565e-05 seconds or  5738.83 MUPD/s or  68.8659 GB/s
STREAM triad of size    92208 : min/avg/max: 1.63769e-05 1.70103e-05 1.96857e-05 seconds or  5630.38 MUPD/s or  67.5646 GB/s
STREAM triad of size   101432 : min/avg/max: 1.87459e-05 1.89163e-05  1.9308e-05 seconds or  5410.89 MUPD/s or  64.9306 GB/s
STREAM triad of size   111576 : min/avg/max: 2.24591e-05 2.27745e-05 2.29902e-05 seconds or  4967.96 MUPD/s or  59.6155 GB/s
STREAM triad of size   122736 : min/avg/max: 2.70336e-05  2.7405e-05 2.79459e-05 seconds or  4540.12 MUPD/s or  54.4815 GB/s
STREAM triad of size   135016 : min/avg/max: 3.50824e-05  3.5473e-05 3.59633e-05 seconds or  3848.54 MUPD/s or  46.1825 GB/s
STREAM triad of size   148520 : min/avg/max: 4.15267e-05 4.18478e-05 4.21184e-05 seconds or   3576.5 MUPD/s or   42.918 GB/s
STREAM triad of size   163376 : min/avg/max: 4.71433e-05 4.77628e-05 5.00756e-05 seconds or  3465.52 MUPD/s or  41.5862 GB/s
STREAM triad of size   179720 : min/avg/max: 5.25817e-05 5.33206e-05 5.55218e-05 seconds or  3417.92 MUPD/s or  41.0151 GB/s
STREAM triad of size   197696 : min/avg/max:  5.7995e-05 5.91841e-05 6.33868e-05 seconds or  3408.85 MUPD/s or  40.9062 GB/s
STREAM triad of size   217472 : min/avg/max: 6.38745e-05 6.49231e-05 6.78179e-05 seconds or  3404.68 MUPD/s or  40.8561 GB/s
STREAM triad of size   239224 : min/avg/max: 7.09067e-05 7.18587e-05  7.6004e-05 seconds or  3373.79 MUPD/s or  40.4854 GB/s
STREAM triad of size   263152 : min/avg/max: 7.71895e-05 7.91786e-05 8.56579e-05 seconds or  3409.17 MUPD/s or    40.91 GB/s
STREAM triad of size   289472 : min/avg/max: 8.58034e-05  8.6982e-05 9.46758e-05 seconds or  3373.66 MUPD/s or   40.484 GB/s
STREAM triad of size   318424 : min/avg/max: 9.48143e-05 9.66421e-05 0.000105449 seconds or   3358.4 MUPD/s or  40.3007 GB/s
STREAM triad of size   350272 : min/avg/max: 0.000105237 0.000107306 0.000116952 seconds or   3328.4 MUPD/s or  39.9408 GB/s
STREAM triad of size   385304 : min/avg/max: 0.000119106 0.000122075 0.000128459 seconds or  3234.97 MUPD/s or  38.8197 GB/s
STREAM triad of size   423840 : min/avg/max: 0.000133066 0.000135972 0.000147732 seconds or  3185.19 MUPD/s or  38.2223 GB/s
STREAM triad of size   466232 : min/avg/max: 0.000149483 0.000154491 0.000176513 seconds or  3118.96 MUPD/s or  37.4275 GB/s
STREAM triad of size   512856 : min/avg/max: 0.000171932 0.000179106 0.000210637 seconds or   2982.9 MUPD/s or  35.7948 GB/s
STREAM triad of size   564144 : min/avg/max: 0.000201836 0.000209608 0.000248897 seconds or  2795.06 MUPD/s or  33.5407 GB/s
STREAM triad of size   620560 : min/avg/max: 0.000235676 0.000253578 0.000322844 seconds or  2633.11 MUPD/s or  31.5973 GB/s
STREAM triad of size   682624 : min/avg/max: 0.000283865 0.000293596 0.000306666 seconds or  2404.75 MUPD/s or   28.857 GB/s
STREAM triad of size   750888 : min/avg/max: 0.000330441 0.000340014 0.000366478 seconds or  2272.38 MUPD/s or  27.2686 GB/s
STREAM triad of size   825984 : min/avg/max:  0.00039156 0.000400616 0.000408984 seconds or  2109.47 MUPD/s or  25.3137 GB/s
STREAM triad of size   908584 : min/avg/max: 0.000454062  0.00046634 0.000475973 seconds or  2001.01 MUPD/s or  24.0122 GB/s
STREAM triad of size   999448 : min/avg/max: 0.000517708 0.000530934 0.000566983 seconds or  1930.52 MUPD/s or  23.1663 GB/s
STREAM triad of size  1099400 : min/avg/max: 0.000539638 0.000581434 0.000709295 seconds or  2037.29 MUPD/s or  24.4475 GB/s
STREAM triad of size  1209344 : min/avg/max: 0.000594336 0.000612271 0.000640191 seconds or  2034.78 MUPD/s or  24.4174 GB/s
STREAM triad of size  1330280 : min/avg/max: 0.000662647 0.000689186 0.000708617 seconds or  2007.53 MUPD/s or  24.0903 GB/s
STREAM triad of size  1463312 : min/avg/max: 0.000748296 0.000773339 0.000805258 seconds or  1955.53 MUPD/s or  23.4663 GB/s
STREAM triad of size  1609648 : min/avg/max: 0.000843603 0.000870163 0.000955489 seconds or  1908.06 MUPD/s or  22.8968 GB/s
STREAM triad of size  1770616 : min/avg/max: 0.000943691 0.000985533  0.00102162 seconds or  1876.27 MUPD/s or  22.5152 GB/s
STREAM triad of size  1947680 : min/avg/max:  0.00104624  0.00110476  0.00119225 seconds or   1861.6 MUPD/s or  22.3392 GB/s
STREAM triad of size  2142456 : min/avg/max:  0.00115405  0.00119968  0.00123752 seconds or  1856.46 MUPD/s or  22.2776 GB/s
STREAM triad of size  2356704 : min/avg/max:   0.0012846  0.00133334  0.00137929 seconds or  1834.58 MUPD/s or  22.0149 GB/s
STREAM triad of size  2592376 : min/avg/max:  0.00142438  0.00148257  0.00151137 seconds or  1820.01 MUPD/s or  21.8401 GB/s
STREAM triad of size  2851616 : min/avg/max:  0.00157661  0.00163666  0.00170059 seconds or   1808.7 MUPD/s or  21.7044 GB/s
STREAM triad of size  3136784 : min/avg/max:  0.00175938  0.00182497  0.00188204 seconds or  1782.89 MUPD/s or  21.3947 GB/s
STREAM triad of size  3450464 : min/avg/max:  0.00194331  0.00200076  0.00203735 seconds or  1775.56 MUPD/s or  21.3067 GB/s
STREAM triad of size  3795512 : min/avg/max:   0.0021676  0.00222172  0.00235902 seconds or  1751.02 MUPD/s or  21.0123 GB/s
STREAM triad of size  4175064 : min/avg/max:  0.00238871  0.00246261  0.00251151 seconds or  1747.84 MUPD/s or   20.974 GB/s
STREAM triad of size  4592576 : min/avg/max:   0.0026086  0.00270198  0.00275845 seconds or  1760.55 MUPD/s or  21.1266 GB/s
STREAM triad of size  5051840 : min/avg/max:  0.00286594  0.00297878  0.00304851 seconds or  1762.72 MUPD/s or  21.1526 GB/s
STREAM triad of size  5557032 : min/avg/max:  0.00319954  0.00337065  0.00370559 seconds or  1736.82 MUPD/s or  20.8418 GB/s
STREAM triad of size  6112736 : min/avg/max:   0.0035427  0.00362762   0.0037197 seconds or  1725.44 MUPD/s or  20.7053 GB/s
STREAM triad of size  6724016 : min/avg/max:  0.00390358  0.00403104    0.004203 seconds or  1722.53 MUPD/s or  20.6703 GB/s
STREAM triad of size  7396424 : min/avg/max:  0.00429328  0.00443722  0.00476101 seconds or  1722.79 MUPD/s or  20.6735 GB/s
STREAM triad of size  8136072 : min/avg/max:  0.00467841  0.00487165  0.00537431 seconds or  1739.07 MUPD/s or  20.8688 GB/s
STREAM triad of size  8949680 : min/avg/max:  0.00516024  0.00536209  0.00556241 seconds or  1734.35 MUPD/s or  20.8122 GB/s
STREAM triad of size  9844656 : min/avg/max:  0.00575773  0.00603089  0.00682573 seconds or  1709.82 MUPD/s or  20.5178 GB/s
STREAM triad of size 10829128 : min/avg/max:  0.00628295  0.00660074   0.0074272 seconds or  1723.57 MUPD/s or  20.6829 GB/s
STREAM triad of size 11912048 : min/avg/max:  0.00695049  0.00726138  0.00782857 seconds or  1713.84 MUPD/s or  20.5661 GB/s
STREAM triad of size 13103256 : min/avg/max:  0.00763719  0.00785898  0.00804587 seconds or  1715.72 MUPD/s or  20.5886 GB/s
STREAM triad of size 14413584 : min/avg/max:  0.00836811  0.00874129  0.00933515 seconds or  1722.44 MUPD/s or  20.6693 GB/s
STREAM triad of size 15854944 : min/avg/max:  0.00922164  0.00978015   0.0110781 seconds or  1719.32 MUPD/s or  20.6318 GB/s
STREAM triad of size 17440440 : min/avg/max:   0.0101706   0.0105143   0.0107274 seconds or  1714.78 MUPD/s or  20.5774 GB/s
STREAM triad of size 19184488 : min/avg/max:    0.011129   0.0115206   0.0119174 seconds or  1723.83 MUPD/s or   20.686 GB/s
STREAM triad of size 21102944 : min/avg/max:   0.0123266   0.0127171   0.0128847 seconds or  1711.99 MUPD/s or  20.5438 GB/s
STREAM triad of size 23213240 : min/avg/max:   0.0134795   0.0138973   0.0141665 seconds or  1722.12 MUPD/s or  20.6654 GB/s
STREAM triad of size 25534568 : min/avg/max:   0.0149473   0.0157724   0.0174132 seconds or  1708.31 MUPD/s or  20.4997 GB/s
STREAM triad of size 28088032 : min/avg/max:   0.0162497   0.0169233   0.0172587 seconds or  1728.53 MUPD/s or  20.7424 GB/s
STREAM triad of size 30896840 : min/avg/max:   0.0181264    0.018684   0.0208677 seconds or  1704.52 MUPD/s or  20.4542 GB/s
STREAM triad of size 33986528 : min/avg/max:   0.0198162    0.020709   0.0225783 seconds or  1715.09 MUPD/s or  20.5811 GB/s
STREAM triad of size 37385184 : min/avg/max:   0.0220037   0.0228206   0.0247726 seconds or  1699.04 MUPD/s or  20.3885 GB/s
STREAM triad of size 41123704 : min/avg/max:   0.0239582   0.0246801   0.0250858 seconds or  1716.48 MUPD/s or  20.5977 GB/s
STREAM triad of size 45236080 : min/avg/max:   0.0266412    0.027318   0.0285091 seconds or  1697.98 MUPD/s or  20.3757 GB/s
STREAM triad of size 49759696 : min/avg/max:   0.0289031   0.0306467   0.0342521 seconds or   1721.6 MUPD/s or  20.6592 GB/s
STREAM triad of size 54735672 : min/avg/max:   0.0334923   0.0360802   0.0418472 seconds or  1634.28 MUPD/s or  19.6113 GB/s
STREAM triad of size 60209240 : min/avg/max:    0.038704   0.0432319    0.047413 seconds or  1555.63 MUPD/s or  18.6676 GB/s
STREAM triad of size 66230168 : min/avg/max:   0.0400419   0.0406945   0.0420792 seconds or  1654.02 MUPD/s or  19.8483 GB/s
STREAM triad of size 72853192 : min/avg/max:   0.0427363   0.0434283   0.0447502 seconds or  1704.72 MUPD/s or  20.4566 GB/s
STREAM triad of size 80138512 : min/avg/max:   0.0486661   0.0624529    0.076792 seconds or   1646.7 MUPD/s or  19.7604 GB/s
STREAM triad of size 88152368 : min/avg/max:   0.0541038   0.0662272   0.0785019 seconds or  1629.32 MUPD/s or  19.5518 GB/s
STREAM triad of size 96967608 : min/avg/max:   0.0570843   0.0600448   0.0667587 seconds or  1698.68 MUPD/s or  20.3841 GB/s
