STREAM triad of size        8 : min/avg/max: 1.96658e-09 2.29962e-09 2.78702e-09 seconds or  4067.98 MUPD/s or  48.8158 GB/s
STREAM triad of size       16 : min/avg/max: 3.69492e-09 3.79562e-09 4.07409e-09 seconds or  4330.27 MUPD/s or  51.9632 GB/s
STREAM triad of size       24 : min/avg/max: 5.02319e-09 5.03679e-09 5.11192e-09 seconds or  4777.84 MUPD/s or  57.3341 GB/s
STREAM triad of size       32 : min/avg/max: 6.69759e-09 6.72746e-09 6.81797e-09 seconds or  4777.84 MUPD/s or  57.3341 GB/s
STREAM triad of size       40 : min/avg/max: 8.03697e-09  8.0613e-09 8.18806e-09 seconds or     4977 MUPD/s or   59.724 GB/s
STREAM triad of size       48 : min/avg/max: 9.71125e-09 9.73905e-09 9.88417e-09 seconds or  4942.72 MUPD/s or  59.3126 GB/s
STREAM triad of size       56 : min/avg/max: 1.10506e-08 1.10858e-08 1.12569e-08 seconds or  5067.59 MUPD/s or  60.8111 GB/s
STREAM triad of size       64 : min/avg/max: 1.27248e-08 1.27735e-08 1.29637e-08 seconds or  5029.55 MUPD/s or  60.3546 GB/s
STREAM triad of size       72 : min/avg/max: 1.40638e-08 1.41088e-08 1.43271e-08 seconds or  5119.54 MUPD/s or  61.4345 GB/s
STREAM triad of size       80 : min/avg/max: 1.57377e-08 1.57858e-08  1.6035e-08 seconds or  5083.34 MUPD/s or  61.0001 GB/s
STREAM triad of size       96 : min/avg/max: 1.87519e-08 1.88092e-08 1.91045e-08 seconds or  5119.49 MUPD/s or  61.4339 GB/s
STREAM triad of size      112 : min/avg/max: 2.17656e-08  2.1829e-08 2.21716e-08 seconds or  5145.73 MUPD/s or  61.7488 GB/s
STREAM triad of size      128 : min/avg/max:  2.4779e-08 2.48537e-08 2.52478e-08 seconds or  5165.67 MUPD/s or   61.988 GB/s
STREAM triad of size      144 : min/avg/max: 2.77935e-08 2.78809e-08 2.83366e-08 seconds or  5181.07 MUPD/s or  62.1728 GB/s
STREAM triad of size      160 : min/avg/max: 3.08073e-08 3.08967e-08  3.1395e-08 seconds or  5193.58 MUPD/s or  62.3229 GB/s
STREAM triad of size      184 : min/avg/max: 3.51606e-08 3.52988e-08 3.58688e-08 seconds or  5233.14 MUPD/s or  62.7976 GB/s
STREAM triad of size      208 : min/avg/max: 3.98479e-08 3.99699e-08 4.06154e-08 seconds or  5219.86 MUPD/s or  62.6383 GB/s
STREAM triad of size      232 : min/avg/max: 4.42015e-08 4.43327e-08 4.50601e-08 seconds or   5248.7 MUPD/s or  62.9844 GB/s
STREAM triad of size      256 : min/avg/max: 4.88886e-08 4.90427e-08 4.98287e-08 seconds or  5236.39 MUPD/s or  62.8367 GB/s
STREAM triad of size      288 : min/avg/max: 6.09436e-08 6.11095e-08 6.20305e-08 seconds or  4725.68 MUPD/s or  56.7081 GB/s
STREAM triad of size      320 : min/avg/max: 6.62987e-08  6.6491e-08 6.74427e-08 seconds or  4826.64 MUPD/s or  57.9197 GB/s
STREAM triad of size      360 : min/avg/max:  7.2998e-08 7.32772e-08 7.44442e-08 seconds or  4931.64 MUPD/s or  59.1797 GB/s
STREAM triad of size      400 : min/avg/max: 7.96944e-08 7.99322e-08  8.1177e-08 seconds or  5019.17 MUPD/s or  60.2301 GB/s
STREAM triad of size      448 : min/avg/max: 8.77293e-08 8.80009e-08 8.94269e-08 seconds or  5106.62 MUPD/s or  61.2794 GB/s
STREAM triad of size      496 : min/avg/max: 9.57672e-08 9.60596e-08 9.76329e-08 seconds or  5179.23 MUPD/s or  62.1507 GB/s
STREAM triad of size      552 : min/avg/max: 1.05146e-07 1.05456e-07 1.07111e-07 seconds or  5249.83 MUPD/s or   62.998 GB/s
STREAM triad of size      608 : min/avg/max: 1.14514e-07 1.14885e-07   1.168e-07 seconds or  5309.41 MUPD/s or  63.7129 GB/s
STREAM triad of size      672 : min/avg/max: 1.25228e-07 1.25608e-07 1.27727e-07 seconds or   5366.2 MUPD/s or  64.3944 GB/s
STREAM triad of size      744 : min/avg/max: 1.37284e-07 1.37728e-07 1.40014e-07 seconds or  5419.42 MUPD/s or   65.033 GB/s
STREAM triad of size      824 : min/avg/max: 1.50681e-07 1.51299e-07 1.53647e-07 seconds or  5468.49 MUPD/s or  65.6219 GB/s
STREAM triad of size      912 : min/avg/max: 1.65417e-07 1.65926e-07 1.68778e-07 seconds or  5513.33 MUPD/s or    66.16 GB/s
STREAM triad of size     1008 : min/avg/max: 1.81494e-07  1.8204e-07 1.85096e-07 seconds or  5553.91 MUPD/s or  66.6469 GB/s
STREAM triad of size     1112 : min/avg/max: 1.98897e-07 1.99526e-07 2.02891e-07 seconds or  5590.82 MUPD/s or  67.0899 GB/s
STREAM triad of size     1224 : min/avg/max: 2.17656e-07  2.1837e-07 2.22018e-07 seconds or  5623.55 MUPD/s or  67.4826 GB/s
STREAM triad of size     1352 : min/avg/max: 2.39083e-07 2.39631e-07   2.441e-07 seconds or  5654.95 MUPD/s or  67.8593 GB/s
STREAM triad of size     1488 : min/avg/max: 2.61851e-07 2.62701e-07 2.67376e-07 seconds or  5682.62 MUPD/s or  68.1914 GB/s
STREAM triad of size     1640 : min/avg/max: 2.87248e-07 2.88252e-07 2.93337e-07 seconds or  5709.36 MUPD/s or  68.5123 GB/s
STREAM triad of size     1808 : min/avg/max:  3.1545e-07 3.16777e-07   3.284e-07 seconds or  5731.49 MUPD/s or  68.7779 GB/s
STREAM triad of size     1992 : min/avg/max: 3.46272e-07 3.47447e-07 3.53539e-07 seconds or   5752.7 MUPD/s or  69.0324 GB/s
STREAM triad of size     2192 : min/avg/max: 3.79789e-07 3.80716e-07 3.88129e-07 seconds or  5771.62 MUPD/s or  69.2595 GB/s
STREAM triad of size     2416 : min/avg/max: 4.17324e-07 4.18716e-07 4.26122e-07 seconds or  5789.27 MUPD/s or  69.4713 GB/s
STREAM triad of size     2664 : min/avg/max: 4.58887e-07 4.60431e-07 4.68541e-07 seconds or  5805.35 MUPD/s or  69.6642 GB/s
STREAM triad of size     2936 : min/avg/max: 5.98945e-07 6.09233e-07 6.24962e-07 seconds or  4901.95 MUPD/s or  58.8234 GB/s
STREAM triad of size     3232 : min/avg/max: 7.60081e-07 7.70709e-07 7.85641e-07 seconds or  4252.18 MUPD/s or  51.0261 GB/s
STREAM triad of size     3560 : min/avg/max: 8.89373e-07 8.95019e-07 9.11516e-07 seconds or  4002.82 MUPD/s or  48.0338 GB/s
STREAM triad of size     3920 : min/avg/max: 9.37956e-07 9.49204e-07 9.96546e-07 seconds or   4179.3 MUPD/s or  50.1516 GB/s
STREAM triad of size     4320 : min/avg/max: 1.01746e-06 1.03269e-06 1.06161e-06 seconds or  4245.86 MUPD/s or  50.9503 GB/s
STREAM triad of size     4760 : min/avg/max: 1.10086e-06 1.11995e-06 1.15021e-06 seconds or  4323.88 MUPD/s or  51.8865 GB/s
STREAM triad of size     5240 : min/avg/max: 1.21696e-06 1.24202e-06 1.27875e-06 seconds or  4305.82 MUPD/s or  51.6699 GB/s
STREAM triad of size     5768 : min/avg/max: 1.33629e-06 1.36398e-06 1.42442e-06 seconds or  4316.42 MUPD/s or   51.797 GB/s
STREAM triad of size     6352 : min/avg/max: 1.49274e-06 1.52756e-06 1.57763e-06 seconds or  4255.27 MUPD/s or  51.0632 GB/s
STREAM triad of size     6992 : min/avg/max: 1.65872e-06 1.67657e-06 1.71577e-06 seconds or  4215.31 MUPD/s or  50.5837 GB/s
STREAM triad of size     7696 : min/avg/max: 1.96672e-06 1.99641e-06 2.05173e-06 seconds or  3913.11 MUPD/s or  46.9574 GB/s
STREAM triad of size     8472 : min/avg/max: 2.01719e-06 2.05186e-06 2.08797e-06 seconds or  4199.91 MUPD/s or  50.3989 GB/s
STREAM triad of size     9320 : min/avg/max: 2.20542e-06   2.241e-06 2.28812e-06 seconds or  4225.95 MUPD/s or  50.7115 GB/s
STREAM triad of size    10256 : min/avg/max: 2.87576e-06 2.90122e-06 2.94151e-06 seconds or  3566.37 MUPD/s or  42.7964 GB/s
STREAM triad of size    11288 : min/avg/max: 3.16563e-06 3.19149e-06 3.23947e-06 seconds or   3565.8 MUPD/s or  42.7896 GB/s
STREAM triad of size    12424 : min/avg/max: 2.98119e-06 3.01477e-06 3.06433e-06 seconds or  4167.46 MUPD/s or  50.0095 GB/s
STREAM triad of size    13672 : min/avg/max: 3.33025e-06 3.35442e-06 3.40819e-06 seconds or  4105.39 MUPD/s or  49.2647 GB/s
STREAM triad of size    15040 : min/avg/max: 3.72689e-06  3.7525e-06 3.80124e-06 seconds or  4035.54 MUPD/s or  48.4265 GB/s
STREAM triad of size    16552 : min/avg/max: 4.28661e-06 4.32175e-06 4.38208e-06 seconds or  3861.33 MUPD/s or  46.3359 GB/s
STREAM triad of size    18208 : min/avg/max: 4.79855e-06 4.82485e-06 4.87992e-06 seconds or  3794.48 MUPD/s or  45.5338 GB/s
STREAM triad of size    20032 : min/avg/max:  5.4404e-06 5.46362e-06 5.52592e-06 seconds or  3682.08 MUPD/s or   44.185 GB/s
STREAM triad of size    22040 : min/avg/max: 6.42026e-06 6.44318e-06 6.51069e-06 seconds or  3432.88 MUPD/s or  41.1946 GB/s
STREAM triad of size    24248 : min/avg/max: 6.93023e-06  6.9757e-06 7.04241e-06 seconds or  3498.87 MUPD/s or  41.9865 GB/s
STREAM triad of size    26680 : min/avg/max: 8.73919e-06 8.76739e-06 8.84435e-06 seconds or  3052.91 MUPD/s or   36.635 GB/s
STREAM triad of size    29352 : min/avg/max: 9.68053e-06 9.73329e-06   9.824e-06 seconds or  3032.07 MUPD/s or  36.3848 GB/s
STREAM triad of size    32288 : min/avg/max: 1.24565e-05  1.2497e-05 1.25815e-05 seconds or  2592.05 MUPD/s or  31.1046 GB/s
STREAM triad of size    35520 : min/avg/max: 1.46558e-05 1.47043e-05  1.4795e-05 seconds or  2423.62 MUPD/s or  29.0834 GB/s
STREAM triad of size    39080 : min/avg/max: 1.67728e-05 1.68306e-05 1.69402e-05 seconds or  2329.96 MUPD/s or  27.9595 GB/s
STREAM triad of size    42992 : min/avg/max: 1.87807e-05 1.88488e-05 1.89536e-05 seconds or  2289.16 MUPD/s or  27.4699 GB/s
STREAM triad of size    47296 : min/avg/max: 2.07255e-05 2.07877e-05  2.0905e-05 seconds or  2282.02 MUPD/s or  27.3843 GB/s
STREAM triad of size    52032 : min/avg/max: 2.28022e-05 2.28729e-05 2.30076e-05 seconds or  2281.89 MUPD/s or  27.3827 GB/s
STREAM triad of size    57240 : min/avg/max: 2.50837e-05 2.51628e-05 2.53214e-05 seconds or  2281.96 MUPD/s or  27.3835 GB/s
STREAM triad of size    62968 : min/avg/max: 2.75875e-05 2.76751e-05 2.78265e-05 seconds or  2282.49 MUPD/s or  27.3898 GB/s
STREAM triad of size    69272 : min/avg/max: 3.03551e-05 3.04466e-05 3.06147e-05 seconds or  2282.06 MUPD/s or  27.3847 GB/s
STREAM triad of size    76200 : min/avg/max: 3.34041e-05  3.3507e-05 3.36918e-05 seconds or  2281.16 MUPD/s or  27.3739 GB/s
STREAM triad of size    83824 : min/avg/max: 3.67266e-05  3.6841e-05 3.70655e-05 seconds or  2282.38 MUPD/s or  27.3885 GB/s
STREAM triad of size    92208 : min/avg/max: 4.04268e-05  4.0549e-05 4.07747e-05 seconds or  2280.87 MUPD/s or  27.3704 GB/s
STREAM triad of size   101432 : min/avg/max: 4.44681e-05 4.46417e-05 4.48924e-05 seconds or  2281.01 MUPD/s or  27.3721 GB/s
STREAM triad of size   111576 : min/avg/max:  4.8903e-05 4.90712e-05 4.93203e-05 seconds or  2281.58 MUPD/s or  27.3789 GB/s
STREAM triad of size   122736 : min/avg/max: 5.37825e-05 5.39705e-05 5.42704e-05 seconds or  2282.08 MUPD/s or   27.385 GB/s
STREAM triad of size   135016 : min/avg/max: 5.91926e-05 5.93766e-05 5.97266e-05 seconds or  2280.96 MUPD/s or  27.3715 GB/s
STREAM triad of size   148520 : min/avg/max:   6.511e-05 6.53262e-05 6.57944e-05 seconds or  2281.06 MUPD/s or  27.3728 GB/s
STREAM triad of size   163376 : min/avg/max: 7.16605e-05 7.18788e-05  7.2286e-05 seconds or  2279.86 MUPD/s or  27.3584 GB/s
STREAM triad of size   179720 : min/avg/max: 7.89455e-05  7.9182e-05 7.96218e-05 seconds or  2276.51 MUPD/s or  27.3181 GB/s
STREAM triad of size   197696 : min/avg/max: 8.72254e-05 8.74876e-05 8.79708e-05 seconds or   2266.5 MUPD/s or   27.198 GB/s
STREAM triad of size   217472 : min/avg/max: 9.61502e-05 9.64449e-05 9.69789e-05 seconds or  2261.79 MUPD/s or  27.1415 GB/s
STREAM triad of size   239224 : min/avg/max: 0.000106016 0.000106337 0.000106968 seconds or   2256.5 MUPD/s or   27.078 GB/s
STREAM triad of size   263152 : min/avg/max: 0.000116754 0.000117111 0.000117761 seconds or   2253.9 MUPD/s or  27.0467 GB/s
STREAM triad of size   289472 : min/avg/max: 0.000128365 0.000128812 0.000129529 seconds or  2255.06 MUPD/s or  27.0608 GB/s
STREAM triad of size   318424 : min/avg/max: 0.000141209 0.000141641  0.00014248 seconds or  2254.98 MUPD/s or  27.0598 GB/s
STREAM triad of size   350272 : min/avg/max: 0.000155289 0.000155767  0.00015662 seconds or  2255.61 MUPD/s or  27.0673 GB/s
STREAM triad of size   385304 : min/avg/max: 0.000170753 0.000171334 0.000173541 seconds or  2256.49 MUPD/s or  27.0779 GB/s
STREAM triad of size   423840 : min/avg/max: 0.000187765 0.000188326 0.000189408 seconds or   2257.3 MUPD/s or  27.0875 GB/s
STREAM triad of size   466232 : min/avg/max: 0.000206521 0.000207146 0.000208298 seconds or  2257.55 MUPD/s or  27.0906 GB/s
STREAM triad of size   512856 : min/avg/max: 0.000227096 0.000227795 0.000229077 seconds or  2258.32 MUPD/s or  27.0999 GB/s
STREAM triad of size   564144 : min/avg/max: 0.000249966 0.000250722 0.000252118 seconds or  2256.88 MUPD/s or  27.0826 GB/s
STREAM triad of size   620560 : min/avg/max: 0.000275038 0.000275857 0.000277354 seconds or  2256.27 MUPD/s or  27.0753 GB/s
STREAM triad of size   682624 : min/avg/max: 0.000302439 0.000303382 0.000305246 seconds or  2257.06 MUPD/s or  27.0847 GB/s
STREAM triad of size   750888 : min/avg/max: 0.000332644 0.000333862 0.000335687 seconds or  2257.33 MUPD/s or   27.088 GB/s
STREAM triad of size   825984 : min/avg/max: 0.000366909 0.000368119 0.000370677 seconds or  2251.19 MUPD/s or  27.0143 GB/s
STREAM triad of size   908584 : min/avg/max: 0.000416065 0.000417463 0.000420104 seconds or  2183.76 MUPD/s or  26.2051 GB/s
STREAM triad of size   999448 : min/avg/max: 0.000467382 0.000468865 0.000471812 seconds or   2138.4 MUPD/s or  25.6607 GB/s
STREAM triad of size  1099400 : min/avg/max: 0.000541308 0.000543374 0.000546718 seconds or  2031.01 MUPD/s or  24.3721 GB/s
STREAM triad of size  1209344 : min/avg/max: 0.000615772 0.000618635 0.000622267 seconds or  1963.95 MUPD/s or  23.5674 GB/s
STREAM triad of size  1330280 : min/avg/max: 0.000725252 0.000728623 0.000754509 seconds or  1834.23 MUPD/s or  22.0108 GB/s
STREAM triad of size  1463312 : min/avg/max:  0.00088111 0.000884264 0.000888464 seconds or  1660.76 MUPD/s or  19.9291 GB/s
STREAM triad of size  1609648 : min/avg/max:  0.00106098  0.00106503  0.00106824 seconds or  1517.14 MUPD/s or  18.2057 GB/s
STREAM triad of size  1770616 : min/avg/max:  0.00127084  0.00128013  0.00137805 seconds or  1393.26 MUPD/s or  16.7191 GB/s
STREAM triad of size  1947680 : min/avg/max:  0.00149994  0.00150608  0.00151322 seconds or  1298.51 MUPD/s or  15.5821 GB/s
STREAM triad of size  2142456 : min/avg/max:  0.00178507  0.00179157  0.00179687 seconds or  1200.21 MUPD/s or  14.4025 GB/s
STREAM triad of size  2356704 : min/avg/max:  0.00207248  0.00208009  0.00209092 seconds or  1137.14 MUPD/s or  13.6457 GB/s
STREAM triad of size  2592376 : min/avg/max:  0.00236323   0.0023719  0.00237753 seconds or  1096.97 MUPD/s or  13.1636 GB/s
STREAM triad of size  2851616 : min/avg/max:  0.00266027  0.00267219  0.00268085 seconds or  1071.93 MUPD/s or  12.8631 GB/s
STREAM triad of size  3136784 : min/avg/max:  0.00297964  0.00298988  0.00299505 seconds or  1052.74 MUPD/s or  12.6329 GB/s
STREAM triad of size  3450464 : min/avg/max:  0.00330937  0.00332091  0.00332882 seconds or  1042.63 MUPD/s or  12.5116 GB/s
STREAM triad of size  3795512 : min/avg/max:  0.00367168  0.00368578  0.00370231 seconds or  1033.73 MUPD/s or  12.4047 GB/s
STREAM triad of size  4175064 : min/avg/max:  0.00405547  0.00407078  0.00408733 seconds or  1029.49 MUPD/s or  12.3539 GB/s
STREAM triad of size  4592576 : min/avg/max:   0.0044681  0.00448546  0.00452073 seconds or  1027.86 MUPD/s or  12.3343 GB/s
STREAM triad of size  5051840 : min/avg/max:   0.0049147   0.0049323  0.00495004 seconds or   1027.9 MUPD/s or  12.3348 GB/s
STREAM triad of size  5557032 : min/avg/max:   0.0054084  0.00543217  0.00547434 seconds or  1027.48 MUPD/s or  12.3298 GB/s
STREAM triad of size  6112736 : min/avg/max:  0.00595275  0.00597072  0.00597935 seconds or  1026.88 MUPD/s or  12.3225 GB/s
STREAM triad of size  6724016 : min/avg/max:  0.00654498  0.00656803   0.0065814 seconds or  1027.36 MUPD/s or  12.3283 GB/s
STREAM triad of size  7396424 : min/avg/max:  0.00719869  0.00722979   0.0072477 seconds or  1027.47 MUPD/s or  12.3296 GB/s
STREAM triad of size  8136072 : min/avg/max:  0.00791515  0.00794498  0.00796522 seconds or  1027.91 MUPD/s or  12.3349 GB/s
STREAM triad of size  8949680 : min/avg/max:  0.00870833  0.00874597  0.00878492 seconds or  1027.71 MUPD/s or  12.3326 GB/s
STREAM triad of size  9844656 : min/avg/max:    0.009584   0.0096182   0.0096413 seconds or   1027.2 MUPD/s or  12.3264 GB/s
STREAM triad of size 10829128 : min/avg/max:   0.0105519   0.0105881   0.0106197 seconds or  1026.27 MUPD/s or  12.3152 GB/s
STREAM triad of size 11912048 : min/avg/max:   0.0115912   0.0116364   0.0116602 seconds or  1027.68 MUPD/s or  12.3322 GB/s
STREAM triad of size 13103256 : min/avg/max:   0.0127883   0.0128314   0.0128751 seconds or  1024.62 MUPD/s or  12.2955 GB/s
STREAM triad of size 14413584 : min/avg/max:   0.0140358   0.0140936   0.0141487 seconds or  1026.92 MUPD/s or   12.323 GB/s
STREAM triad of size 15854944 : min/avg/max:   0.0154503   0.0155065   0.0155678 seconds or  1026.19 MUPD/s or  12.3143 GB/s
STREAM triad of size 17440440 : min/avg/max:    0.017005   0.0176147   0.0279691 seconds or   1025.6 MUPD/s or  12.3072 GB/s
STREAM triad of size 19184488 : min/avg/max:   0.0186684   0.0187449   0.0187965 seconds or  1027.65 MUPD/s or  12.3318 GB/s
STREAM triad of size 21102944 : min/avg/max:   0.0205559   0.0206229   0.0206811 seconds or  1026.61 MUPD/s or  12.3193 GB/s
STREAM triad of size 23213240 : min/avg/max:    0.022619   0.0227122   0.0230603 seconds or  1026.27 MUPD/s or  12.3153 GB/s
STREAM triad of size 25534568 : min/avg/max:   0.0248683   0.0249569   0.0250175 seconds or  1026.79 MUPD/s or  12.3215 GB/s
STREAM triad of size 28088032 : min/avg/max:   0.0273728   0.0274744   0.0276002 seconds or  1026.13 MUPD/s or  12.3136 GB/s
STREAM triad of size 30896840 : min/avg/max:   0.0301061   0.0302049   0.0302778 seconds or  1026.26 MUPD/s or  12.3152 GB/s
STREAM triad of size 33986528 : min/avg/max:   0.0330971   0.0332317   0.0334755 seconds or  1026.87 MUPD/s or  12.3225 GB/s
STREAM triad of size 37385184 : min/avg/max:   0.0364156   0.0365602   0.0367058 seconds or  1026.62 MUPD/s or  12.3195 GB/s
STREAM triad of size 41123704 : min/avg/max:   0.0401197   0.0402621   0.0403549 seconds or  1025.02 MUPD/s or  12.3003 GB/s
STREAM triad of size 45236080 : min/avg/max:   0.0441218   0.0443109   0.0444602 seconds or  1025.25 MUPD/s or  12.3031 GB/s
STREAM triad of size 49759696 : min/avg/max:   0.0484886   0.0486612   0.0488135 seconds or  1026.21 MUPD/s or  12.3146 GB/s
STREAM triad of size 54735672 : min/avg/max:   0.0533435   0.0535988    0.054233 seconds or   1026.1 MUPD/s or  12.3132 GB/s
STREAM triad of size 60209240 : min/avg/max:   0.0587112   0.0589904   0.0597426 seconds or  1025.52 MUPD/s or  12.3062 GB/s
STREAM triad of size 66230168 : min/avg/max:   0.0645711   0.0648182   0.0650555 seconds or  1025.69 MUPD/s or  12.3083 GB/s
STREAM triad of size 72853192 : min/avg/max:    0.071091   0.0713544   0.0716609 seconds or  1024.79 MUPD/s or  12.2974 GB/s
STREAM triad of size 80138512 : min/avg/max:    0.078167   0.0784385   0.0787231 seconds or  1025.22 MUPD/s or  12.3027 GB/s
STREAM triad of size 88152368 : min/avg/max:   0.0859776   0.0862767   0.0868025 seconds or  1025.29 MUPD/s or  12.3035 GB/s
STREAM triad of size 96967608 : min/avg/max:   0.0946516   0.0949982   0.0953218 seconds or  1024.47 MUPD/s or  12.2936 GB/s
