Intrinsics-based vectorization over 8 floats = 256 bits
STREAM triad of size        8 : min/avg/max: 3.68384e-09 4.36914e-09 6.10273e-09 seconds or  2171.65 MUPD/s or  26.0598 GB/s
STREAM triad of size       16 : min/avg/max: 4.68819e-09 4.71116e-09 4.77411e-09 seconds or  3412.83 MUPD/s or   40.954 GB/s
STREAM triad of size       24 : min/avg/max: 6.07971e-09 6.13223e-09 6.22537e-09 seconds or  3947.56 MUPD/s or  47.3707 GB/s
STREAM triad of size       32 : min/avg/max: 7.41134e-09 7.50007e-09 7.64931e-09 seconds or  4317.71 MUPD/s or  51.8125 GB/s
STREAM triad of size       40 : min/avg/max:  8.7856e-09  8.8931e-09 9.09628e-09 seconds or   4552.9 MUPD/s or  54.6348 GB/s
STREAM triad of size       48 : min/avg/max: 1.01719e-08  1.0247e-08 1.03994e-08 seconds or  4718.89 MUPD/s or  56.6267 GB/s
STREAM triad of size       56 : min/avg/max: 1.15301e-08 1.16415e-08 1.19242e-08 seconds or  4856.84 MUPD/s or  58.2821 GB/s
STREAM triad of size       64 : min/avg/max: 1.28921e-08 1.29703e-08  1.3184e-08 seconds or  4964.29 MUPD/s or  59.5715 GB/s
STREAM triad of size       72 : min/avg/max: 1.41725e-08 1.43242e-08 1.45543e-08 seconds or  5080.28 MUPD/s or  60.9633 GB/s
STREAM triad of size       80 : min/avg/max: 1.55435e-08 1.56751e-08 1.60255e-08 seconds or  5146.83 MUPD/s or   61.762 GB/s
STREAM triad of size       96 : min/avg/max: 1.82396e-08 1.83737e-08 1.87273e-08 seconds or  5263.27 MUPD/s or  63.1592 GB/s
STREAM triad of size      112 : min/avg/max: 2.09587e-08 2.10715e-08  2.1421e-08 seconds or  5343.84 MUPD/s or  64.1261 GB/s
STREAM triad of size      128 : min/avg/max: 2.36443e-08  2.3753e-08  2.4124e-08 seconds or  5413.56 MUPD/s or  64.9627 GB/s
STREAM triad of size      144 : min/avg/max: 2.63464e-08 2.64759e-08 2.69428e-08 seconds or  5465.64 MUPD/s or  65.5877 GB/s
STREAM triad of size      160 : min/avg/max:  2.9004e-08  2.9146e-08 2.96552e-08 seconds or  5516.48 MUPD/s or  66.1977 GB/s
STREAM triad of size      184 : min/avg/max: 3.30432e-08 3.32605e-08 3.46041e-08 seconds or  5568.46 MUPD/s or  66.8216 GB/s
STREAM triad of size      208 : min/avg/max:  3.7113e-08  3.7272e-08 3.79215e-08 seconds or   5604.5 MUPD/s or   67.254 GB/s
STREAM triad of size      232 : min/avg/max: 4.11537e-08 4.13012e-08 4.19965e-08 seconds or  5637.41 MUPD/s or  67.6489 GB/s
STREAM triad of size      256 : min/avg/max: 4.88904e-08 5.00773e-08 5.14661e-08 seconds or   5236.2 MUPD/s or  62.8344 GB/s
STREAM triad of size      288 : min/avg/max: 5.65901e-08 5.67649e-08 5.78278e-08 seconds or  5089.23 MUPD/s or  61.0708 GB/s
STREAM triad of size      320 : min/avg/max:  6.2284e-08 6.25336e-08 6.34938e-08 seconds or  5137.76 MUPD/s or  61.6531 GB/s
STREAM triad of size      360 : min/avg/max: 6.89831e-08 6.91858e-08 7.02897e-08 seconds or  5218.67 MUPD/s or   62.624 GB/s
STREAM triad of size      400 : min/avg/max: 7.56766e-08 7.59104e-08 7.71726e-08 seconds or  5285.65 MUPD/s or  63.4278 GB/s
STREAM triad of size      448 : min/avg/max: 8.37141e-08 8.39635e-08 8.53305e-08 seconds or  5351.55 MUPD/s or  64.2186 GB/s
STREAM triad of size      496 : min/avg/max: 9.17511e-08 9.20364e-08 9.35329e-08 seconds or  5405.93 MUPD/s or  64.8711 GB/s
STREAM triad of size      552 : min/avg/max: 1.01128e-07 1.01451e-07 1.03181e-07 seconds or  5458.41 MUPD/s or  65.5009 GB/s
STREAM triad of size      608 : min/avg/max: 1.10509e-07 1.10853e-07  1.1269e-07 seconds or  5501.82 MUPD/s or  66.0219 GB/s
STREAM triad of size      672 : min/avg/max: 1.21225e-07 1.21504e-07 1.23982e-07 seconds or  5543.43 MUPD/s or  66.5212 GB/s
STREAM triad of size      744 : min/avg/max: 1.33275e-07 1.33726e-07  1.3606e-07 seconds or  5582.43 MUPD/s or  66.9891 GB/s
STREAM triad of size      824 : min/avg/max: 1.46663e-07 1.47127e-07 1.49651e-07 seconds or  5618.33 MUPD/s or  67.4199 GB/s
STREAM triad of size      912 : min/avg/max: 1.61401e-07  1.6196e-07 1.64701e-07 seconds or  5650.54 MUPD/s or  67.8064 GB/s
STREAM triad of size     1008 : min/avg/max: 1.77477e-07 1.78065e-07 1.81091e-07 seconds or   5679.6 MUPD/s or  68.1552 GB/s
STREAM triad of size     1112 : min/avg/max: 1.94889e-07 1.95508e-07 1.98895e-07 seconds or  5705.82 MUPD/s or  68.4698 GB/s
STREAM triad of size     1224 : min/avg/max: 2.13645e-07 2.14119e-07 2.17972e-07 seconds or  5729.13 MUPD/s or  68.7495 GB/s
STREAM triad of size     1352 : min/avg/max: 2.35085e-07  2.3587e-07 2.40214e-07 seconds or  5751.12 MUPD/s or  69.0134 GB/s
STREAM triad of size     1488 : min/avg/max: 2.57857e-07 2.58697e-07 2.63394e-07 seconds or  5770.64 MUPD/s or  69.2477 GB/s
STREAM triad of size     1640 : min/avg/max: 2.83313e-07 2.84236e-07 2.89098e-07 seconds or  5788.65 MUPD/s or  69.4638 GB/s
STREAM triad of size     1808 : min/avg/max: 3.11451e-07 3.12452e-07 3.18052e-07 seconds or  5805.08 MUPD/s or   69.661 GB/s
STREAM triad of size     1992 : min/avg/max: 3.42276e-07  3.4337e-07 3.49279e-07 seconds or  5819.87 MUPD/s or  69.8384 GB/s
STREAM triad of size     2192 : min/avg/max: 3.75788e-07 3.77006e-07  3.8372e-07 seconds or  5833.08 MUPD/s or  69.9969 GB/s
STREAM triad of size     2416 : min/avg/max: 4.13325e-07 4.14654e-07 4.22246e-07 seconds or  5845.28 MUPD/s or  70.1433 GB/s
STREAM triad of size     2664 : min/avg/max: 4.55398e-07 4.56994e-07 4.65227e-07 seconds or  5849.83 MUPD/s or   70.198 GB/s
STREAM triad of size     2936 : min/avg/max: 6.05448e-07 6.17309e-07 6.29419e-07 seconds or   4849.3 MUPD/s or  58.1916 GB/s
STREAM triad of size     3232 : min/avg/max: 7.75885e-07  7.8605e-07 7.95437e-07 seconds or  4165.57 MUPD/s or  49.9868 GB/s
STREAM triad of size     3560 : min/avg/max: 8.91272e-07 9.12429e-07 9.32916e-07 seconds or  3994.29 MUPD/s or  47.9315 GB/s
STREAM triad of size     3920 : min/avg/max: 9.43404e-07 9.73557e-07 1.00216e-06 seconds or  4155.17 MUPD/s or   49.862 GB/s
STREAM triad of size     4320 : min/avg/max: 1.04495e-06  1.0666e-06 1.10982e-06 seconds or  4134.17 MUPD/s or    49.61 GB/s
STREAM triad of size     4760 : min/avg/max: 1.11211e-06 1.15434e-06 1.18964e-06 seconds or  4280.14 MUPD/s or  51.3616 GB/s
STREAM triad of size     5240 : min/avg/max: 1.24522e-06 1.28525e-06 1.34411e-06 seconds or  4208.11 MUPD/s or  50.4973 GB/s
STREAM triad of size     5768 : min/avg/max: 1.35695e-06 1.39147e-06 1.45039e-06 seconds or  4250.71 MUPD/s or  51.0085 GB/s
STREAM triad of size     6352 : min/avg/max: 1.50057e-06 1.53079e-06 1.57395e-06 seconds or  4233.05 MUPD/s or  50.7966 GB/s
STREAM triad of size     6992 : min/avg/max: 1.65556e-06  1.6831e-06 1.75832e-06 seconds or  4223.34 MUPD/s or  50.6801 GB/s
STREAM triad of size     7696 : min/avg/max: 1.96425e-06 1.99425e-06  2.0384e-06 seconds or  3918.03 MUPD/s or  47.0163 GB/s
STREAM triad of size     8472 : min/avg/max: 1.98358e-06 2.02242e-06 2.08579e-06 seconds or  4271.06 MUPD/s or  51.2528 GB/s
STREAM triad of size     9320 : min/avg/max: 2.20125e-06 2.24528e-06 2.31263e-06 seconds or  4233.95 MUPD/s or  50.8074 GB/s
STREAM triad of size    10256 : min/avg/max: 2.87614e-06  2.9005e-06 2.94209e-06 seconds or  3565.89 MUPD/s or  42.7907 GB/s
STREAM triad of size    11288 : min/avg/max: 3.17577e-06 3.20034e-06 3.24116e-06 seconds or  3554.41 MUPD/s or  42.6529 GB/s
STREAM triad of size    12424 : min/avg/max: 2.98512e-06 3.03011e-06 3.07208e-06 seconds or  4161.97 MUPD/s or  49.9437 GB/s
STREAM triad of size    13672 : min/avg/max: 3.35654e-06 3.38502e-06 3.44046e-06 seconds or  4073.24 MUPD/s or  48.8789 GB/s
STREAM triad of size    15040 : min/avg/max: 3.78393e-06 3.81603e-06 3.89092e-06 seconds or  3974.71 MUPD/s or  47.6965 GB/s
STREAM triad of size    16552 : min/avg/max: 4.12048e-06 4.17102e-06 4.24691e-06 seconds or     4017 MUPD/s or   48.204 GB/s
STREAM triad of size    18208 : min/avg/max: 4.65949e-06 4.69229e-06 4.76059e-06 seconds or  3907.72 MUPD/s or  46.8927 GB/s
STREAM triad of size    20032 : min/avg/max: 5.23595e-06 5.25628e-06 5.31856e-06 seconds or  3825.86 MUPD/s or  45.9103 GB/s
STREAM triad of size    22040 : min/avg/max: 6.27026e-06 6.29543e-06  6.3614e-06 seconds or     3515 MUPD/s or    42.18 GB/s
STREAM triad of size    24248 : min/avg/max: 6.71049e-06 6.75126e-06  6.8662e-06 seconds or  3613.44 MUPD/s or  43.3613 GB/s
STREAM triad of size    26680 : min/avg/max: 8.35485e-06 8.38401e-06 8.46391e-06 seconds or  3193.35 MUPD/s or  38.3202 GB/s
STREAM triad of size    29352 : min/avg/max: 8.83323e-06 8.87255e-06 8.95701e-06 seconds or  3322.91 MUPD/s or  39.8749 GB/s
STREAM triad of size    32288 : min/avg/max: 1.21895e-05  1.2233e-05 1.23214e-05 seconds or  2648.83 MUPD/s or   31.786 GB/s
STREAM triad of size    35520 : min/avg/max: 1.48895e-05 1.49381e-05 1.50275e-05 seconds or  2385.57 MUPD/s or  28.6269 GB/s
STREAM triad of size    39080 : min/avg/max: 1.65209e-05  1.6575e-05 1.66739e-05 seconds or  2365.49 MUPD/s or  28.3859 GB/s
STREAM triad of size    42992 : min/avg/max: 1.83921e-05 1.84629e-05 1.85713e-05 seconds or  2337.53 MUPD/s or  28.0504 GB/s
STREAM triad of size    47296 : min/avg/max:  2.0482e-05 2.05449e-05 2.06612e-05 seconds or  2309.15 MUPD/s or  27.7098 GB/s
STREAM triad of size    52032 : min/avg/max: 2.25122e-05 2.25827e-05 2.27206e-05 seconds or  2311.28 MUPD/s or  27.7353 GB/s
STREAM triad of size    57240 : min/avg/max: 2.49261e-05 2.50036e-05 2.51475e-05 seconds or  2296.39 MUPD/s or  27.5566 GB/s
STREAM triad of size    62968 : min/avg/max: 2.75382e-05 2.76356e-05 2.79995e-05 seconds or  2286.57 MUPD/s or  27.4388 GB/s
STREAM triad of size    69272 : min/avg/max: 3.02811e-05 3.03774e-05 3.05816e-05 seconds or  2287.63 MUPD/s or  27.4515 GB/s
STREAM triad of size    76200 : min/avg/max: 3.33128e-05 3.34158e-05 3.36117e-05 seconds or  2287.41 MUPD/s or  27.4489 GB/s
STREAM triad of size    83824 : min/avg/max: 3.66519e-05 3.67673e-05 3.69805e-05 seconds or  2287.03 MUPD/s or  27.4443 GB/s
STREAM triad of size    92208 : min/avg/max: 4.03274e-05 4.04636e-05 4.06733e-05 seconds or  2286.48 MUPD/s or  27.4378 GB/s
STREAM triad of size   101432 : min/avg/max:  4.4368e-05 4.45105e-05 4.48244e-05 seconds or  2286.15 MUPD/s or  27.4338 GB/s
STREAM triad of size   111576 : min/avg/max: 4.87977e-05 4.89442e-05 4.92227e-05 seconds or   2286.5 MUPD/s or   27.438 GB/s
STREAM triad of size   122736 : min/avg/max: 5.36668e-05 5.38352e-05 5.41485e-05 seconds or     2287 MUPD/s or   27.444 GB/s
STREAM triad of size   135016 : min/avg/max: 5.90614e-05 5.92397e-05 5.95753e-05 seconds or  2286.03 MUPD/s or  27.4323 GB/s
STREAM triad of size   148520 : min/avg/max: 6.50228e-05 6.52256e-05  6.5586e-05 seconds or  2284.12 MUPD/s or  27.4095 GB/s
STREAM triad of size   163376 : min/avg/max: 7.15706e-05 7.17948e-05 7.23018e-05 seconds or  2282.73 MUPD/s or  27.3927 GB/s
STREAM triad of size   179720 : min/avg/max: 7.88042e-05 7.90917e-05 8.01426e-05 seconds or  2280.59 MUPD/s or  27.3671 GB/s
STREAM triad of size   197696 : min/avg/max: 8.69394e-05 8.71941e-05 8.76698e-05 seconds or  2273.95 MUPD/s or  27.2874 GB/s
STREAM triad of size   217472 : min/avg/max: 9.59322e-05 9.62267e-05 9.67473e-05 seconds or  2266.93 MUPD/s or  27.2032 GB/s
STREAM triad of size   239224 : min/avg/max: 0.000105743 0.000106115 0.000106805 seconds or  2262.32 MUPD/s or  27.1478 GB/s
STREAM triad of size   263152 : min/avg/max: 0.000116353 0.000116721  0.00011738 seconds or  2261.67 MUPD/s or    27.14 GB/s
STREAM triad of size   289472 : min/avg/max: 0.000127932 0.000128313 0.000129067 seconds or  2262.71 MUPD/s or  27.1525 GB/s
STREAM triad of size   318424 : min/avg/max: 0.000140689 0.000141111   0.0001419 seconds or  2263.31 MUPD/s or  27.1597 GB/s
STREAM triad of size   350272 : min/avg/max: 0.000154722 0.000155203 0.000156244 seconds or  2263.87 MUPD/s or  27.1665 GB/s
STREAM triad of size   385304 : min/avg/max: 0.000170181  0.00017071 0.000171644 seconds or  2264.09 MUPD/s or  27.1691 GB/s
STREAM triad of size   423840 : min/avg/max: 0.000187181 0.000187731 0.000188806 seconds or  2264.33 MUPD/s or  27.1719 GB/s
STREAM triad of size   466232 : min/avg/max: 0.000205885 0.000206514 0.000207649 seconds or  2264.53 MUPD/s or  27.1743 GB/s
STREAM triad of size   512856 : min/avg/max: 0.000226528 0.000227211 0.000228469 seconds or  2263.99 MUPD/s or  27.1679 GB/s
STREAM triad of size   564144 : min/avg/max: 0.000249207 0.000250083 0.000251692 seconds or  2263.76 MUPD/s or  27.1651 GB/s
STREAM triad of size   620560 : min/avg/max: 0.000274027 0.000274964 0.000276399 seconds or   2264.6 MUPD/s or  27.1752 GB/s
STREAM triad of size   682624 : min/avg/max:   0.0003014 0.000302304    0.000304 seconds or  2264.85 MUPD/s or  27.1782 GB/s
STREAM triad of size   750888 : min/avg/max: 0.000333631 0.000334739  0.00033698 seconds or  2250.65 MUPD/s or  27.0078 GB/s
STREAM triad of size   825984 : min/avg/max: 0.000367943 0.000369133  0.00037145 seconds or  2244.87 MUPD/s or  26.9384 GB/s
STREAM triad of size   908584 : min/avg/max: 0.000402853 0.000404243 0.000406944 seconds or  2255.37 MUPD/s or  27.0644 GB/s
STREAM triad of size   999448 : min/avg/max: 0.000456228 0.000457884 0.000460828 seconds or  2190.67 MUPD/s or  26.2881 GB/s
STREAM triad of size  1099400 : min/avg/max: 0.000511136 0.000513326 0.000516353 seconds or   2150.9 MUPD/s or  25.8108 GB/s
STREAM triad of size  1209344 : min/avg/max: 0.000600527 0.000602993  0.00060638 seconds or   2013.8 MUPD/s or  24.1656 GB/s
STREAM triad of size  1330280 : min/avg/max: 0.000695699  0.00069896  0.00070337 seconds or  1912.15 MUPD/s or  22.9458 GB/s
STREAM triad of size  1463312 : min/avg/max: 0.000839736 0.000843594 0.000851178 seconds or  1742.59 MUPD/s or   20.911 GB/s
STREAM triad of size  1609648 : min/avg/max:  0.00101314  0.00101715  0.00102195 seconds or  1588.76 MUPD/s or  19.0652 GB/s
STREAM triad of size  1770616 : min/avg/max:  0.00127567  0.00128614  0.00138428 seconds or  1387.99 MUPD/s or  16.6559 GB/s
STREAM triad of size  1947680 : min/avg/max:  0.00152254  0.00152887  0.00153501 seconds or  1279.23 MUPD/s or  15.3508 GB/s
STREAM triad of size  2142456 : min/avg/max:   0.0017835  0.00179013  0.00179632 seconds or  1201.26 MUPD/s or  14.4152 GB/s
STREAM triad of size  2356704 : min/avg/max:  0.00207699  0.00208431  0.00208802 seconds or  1134.67 MUPD/s or  13.6161 GB/s
STREAM triad of size  2592376 : min/avg/max:    0.002372  0.00238112  0.00238709 seconds or  1092.91 MUPD/s or  13.1149 GB/s
STREAM triad of size  2851616 : min/avg/max:    0.002665   0.0026764  0.00268894 seconds or  1070.03 MUPD/s or  12.8403 GB/s
STREAM triad of size  3136784 : min/avg/max:  0.00298934  0.00300131  0.00301153 seconds or  1049.32 MUPD/s or  12.5919 GB/s
STREAM triad of size  3450464 : min/avg/max:  0.00331134  0.00332332  0.00333184 seconds or  1042.01 MUPD/s or  12.5042 GB/s
STREAM triad of size  3795512 : min/avg/max:  0.00366675   0.0036788  0.00368715 seconds or  1035.12 MUPD/s or  12.4214 GB/s
STREAM triad of size  4175064 : min/avg/max:  0.00405418  0.00407491  0.00410186 seconds or  1029.82 MUPD/s or  12.3578 GB/s
STREAM triad of size  4592576 : min/avg/max:  0.00445999  0.00448076  0.00449863 seconds or  1029.73 MUPD/s or  12.3567 GB/s
STREAM triad of size  5051840 : min/avg/max:  0.00491814  0.00493421  0.00497227 seconds or  1027.19 MUPD/s or  12.3262 GB/s
STREAM triad of size  5557032 : min/avg/max:  0.00541319  0.00543557   0.0054682 seconds or  1026.57 MUPD/s or  12.3189 GB/s
STREAM triad of size  6112736 : min/avg/max:  0.00595251  0.00597254  0.00598136 seconds or  1026.92 MUPD/s or   12.323 GB/s
STREAM triad of size  6724016 : min/avg/max:  0.00654691  0.00657026  0.00658105 seconds or  1027.05 MUPD/s or  12.3246 GB/s
STREAM triad of size  7396424 : min/avg/max:  0.00721515  0.00724399  0.00727153 seconds or  1025.12 MUPD/s or  12.3015 GB/s
STREAM triad of size  8136072 : min/avg/max:  0.00792453  0.00795394  0.00798105 seconds or  1026.69 MUPD/s or  12.3203 GB/s
STREAM triad of size  8949680 : min/avg/max:  0.00871817  0.00875042   0.0087646 seconds or  1026.55 MUPD/s or  12.3187 GB/s
STREAM triad of size  9844656 : min/avg/max:  0.00958063  0.00961591  0.00965548 seconds or  1027.56 MUPD/s or  12.3307 GB/s
STREAM triad of size 10829128 : min/avg/max:   0.0105641   0.0106009   0.0106179 seconds or  1025.08 MUPD/s or   12.301 GB/s
STREAM triad of size 11912048 : min/avg/max:   0.0116037   0.0116433   0.0116748 seconds or  1026.57 MUPD/s or  12.3189 GB/s
STREAM triad of size 13103256 : min/avg/max:   0.0127979   0.0128384   0.0128824 seconds or  1023.86 MUPD/s or  12.2864 GB/s
STREAM triad of size 14413584 : min/avg/max:   0.0140437   0.0140987   0.0141644 seconds or  1026.34 MUPD/s or  12.3161 GB/s
STREAM triad of size 15854944 : min/avg/max:   0.0154529   0.0155035   0.0155535 seconds or  1026.02 MUPD/s or  12.3122 GB/s
STREAM triad of size 17440440 : min/avg/max:   0.0170126    0.017383   0.0232535 seconds or  1025.15 MUPD/s or  12.3018 GB/s
STREAM triad of size 19184488 : min/avg/max:   0.0187047   0.0187692   0.0188104 seconds or  1025.65 MUPD/s or  12.3078 GB/s
STREAM triad of size 21102944 : min/avg/max:   0.0205617   0.0206381   0.0207433 seconds or  1026.32 MUPD/s or  12.3159 GB/s
STREAM triad of size 23213240 : min/avg/max:   0.0226301   0.0227156   0.0228541 seconds or  1025.77 MUPD/s or  12.3092 GB/s
STREAM triad of size 25534568 : min/avg/max:   0.0248903   0.0249817   0.0251254 seconds or  1025.88 MUPD/s or  12.3106 GB/s
STREAM triad of size 28088032 : min/avg/max:   0.0273947   0.0274849   0.0275395 seconds or  1025.31 MUPD/s or  12.3037 GB/s
STREAM triad of size 30896840 : min/avg/max:   0.0301383    0.030258   0.0304014 seconds or  1025.17 MUPD/s or   12.302 GB/s
STREAM triad of size 33986528 : min/avg/max:   0.0331489   0.0332656   0.0333891 seconds or  1025.27 MUPD/s or  12.3032 GB/s
STREAM triad of size 37385184 : min/avg/max:   0.0364224   0.0365807   0.0366629 seconds or  1026.43 MUPD/s or  12.3172 GB/s
STREAM triad of size 41123704 : min/avg/max:   0.0401927   0.0403093   0.0404191 seconds or  1023.16 MUPD/s or   12.278 GB/s
STREAM triad of size 45236080 : min/avg/max:   0.0441809   0.0443397   0.0444986 seconds or  1023.88 MUPD/s or  12.2866 GB/s
STREAM triad of size 49759696 : min/avg/max:   0.0485602   0.0487134   0.0488102 seconds or   1024.7 MUPD/s or  12.2964 GB/s
STREAM triad of size 54735672 : min/avg/max:   0.0533663   0.0536239   0.0541593 seconds or  1025.66 MUPD/s or  12.3079 GB/s
STREAM triad of size 60209240 : min/avg/max:   0.0582858   0.0590288   0.0600322 seconds or     1033 MUPD/s or   12.396 GB/s
STREAM triad of size 66230168 : min/avg/max:   0.0645918   0.0648595   0.0651642 seconds or  1025.36 MUPD/s or  12.3044 GB/s
STREAM triad of size 72853192 : min/avg/max:   0.0711933   0.0715008   0.0717949 seconds or  1023.32 MUPD/s or  12.2798 GB/s
STREAM triad of size 80138512 : min/avg/max:   0.0782482   0.0785222   0.0787851 seconds or  1024.16 MUPD/s or  12.2899 GB/s
STREAM triad of size 88152368 : min/avg/max:   0.0860161   0.0863914   0.0866704 seconds or  1024.84 MUPD/s or   12.298 GB/s
STREAM triad of size 96967608 : min/avg/max:   0.0947735   0.0951234   0.0954437 seconds or  1023.15 MUPD/s or  12.2778 GB/s
