STREAM triad of size        8 : min/avg/max: 8.03612e-09 8.80793e-09  1.2458e-08 seconds or  995.505 MUPD/s or  11.9461 GB/s
STREAM triad of size       16 : min/avg/max: 1.60722e-08 1.61235e-08 1.61698e-08 seconds or  995.507 MUPD/s or  11.9461 GB/s
STREAM triad of size       24 : min/avg/max: 2.41093e-08 2.41804e-08 2.42244e-08 seconds or  995.468 MUPD/s or  11.9456 GB/s
STREAM triad of size       32 : min/avg/max: 3.21455e-08 3.22425e-08 3.23015e-08 seconds or  995.473 MUPD/s or  11.9457 GB/s
STREAM triad of size       40 : min/avg/max:  4.3202e-08 4.33491e-08 4.36056e-08 seconds or  925.883 MUPD/s or  11.1106 GB/s
STREAM triad of size       48 : min/avg/max: 4.85547e-08 4.86991e-08 4.87967e-08 seconds or  988.577 MUPD/s or  11.8629 GB/s
STREAM triad of size       56 : min/avg/max: 5.39096e-08 5.41534e-08 5.53435e-08 seconds or  1038.78 MUPD/s or  12.4653 GB/s
STREAM triad of size       64 : min/avg/max: 5.92679e-08 5.94549e-08  5.9621e-08 seconds or  1079.84 MUPD/s or  12.9581 GB/s
STREAM triad of size       72 : min/avg/max: 6.46246e-08   6.482e-08 6.49501e-08 seconds or  1114.13 MUPD/s or  13.3695 GB/s
STREAM triad of size       80 : min/avg/max: 6.99822e-08 7.01877e-08 7.03202e-08 seconds or  1143.15 MUPD/s or  13.7178 GB/s
STREAM triad of size       96 : min/avg/max: 8.06981e-08 8.09515e-08 8.13599e-08 seconds or  1189.62 MUPD/s or  14.2754 GB/s
STREAM triad of size      112 : min/avg/max: 9.14135e-08 9.16775e-08 9.19242e-08 seconds or   1225.2 MUPD/s or  14.7024 GB/s
STREAM triad of size      128 : min/avg/max: 1.02127e-07 1.02434e-07 1.02654e-07 seconds or  1253.34 MUPD/s or  15.0401 GB/s
STREAM triad of size      144 : min/avg/max: 1.12843e-07 1.13204e-07  1.1364e-07 seconds or  1276.11 MUPD/s or  15.3133 GB/s
STREAM triad of size      160 : min/avg/max: 1.23555e-07 1.23898e-07 1.24186e-07 seconds or  1294.97 MUPD/s or  15.5396 GB/s
STREAM triad of size      184 : min/avg/max:  1.3963e-07 1.40041e-07 1.40415e-07 seconds or  1317.77 MUPD/s or  15.8132 GB/s
STREAM triad of size      208 : min/avg/max: 1.55704e-07 1.56218e-07 1.57074e-07 seconds or  1335.87 MUPD/s or  16.0304 GB/s
STREAM triad of size      232 : min/avg/max:  1.7178e-07 1.72297e-07 1.72868e-07 seconds or  1350.57 MUPD/s or  16.2068 GB/s
STREAM triad of size      256 : min/avg/max: 1.87843e-07 1.88401e-07 1.88864e-07 seconds or  1362.84 MUPD/s or  16.3541 GB/s
STREAM triad of size      288 : min/avg/max: 2.09274e-07 2.09981e-07  2.1094e-07 seconds or  1376.18 MUPD/s or  16.5142 GB/s
STREAM triad of size      320 : min/avg/max: 2.30713e-07 2.31386e-07 2.31888e-07 seconds or     1387 MUPD/s or   16.644 GB/s
STREAM triad of size      360 : min/avg/max: 2.57492e-07 2.58265e-07 2.58872e-07 seconds or   1398.1 MUPD/s or  16.7772 GB/s
STREAM triad of size      400 : min/avg/max: 2.84282e-07 2.85499e-07 2.90137e-07 seconds or  1407.05 MUPD/s or  16.8846 GB/s
STREAM triad of size      448 : min/avg/max: 3.16432e-07 3.17427e-07 3.19449e-07 seconds or  1415.79 MUPD/s or  16.9895 GB/s
STREAM triad of size      496 : min/avg/max: 3.48577e-07 3.49657e-07 3.50904e-07 seconds or  1422.93 MUPD/s or  17.0752 GB/s
STREAM triad of size      552 : min/avg/max: 3.86073e-07 3.87207e-07 3.88316e-07 seconds or  1429.78 MUPD/s or  17.1574 GB/s
STREAM triad of size      608 : min/avg/max: 4.23578e-07 4.24903e-07 4.27079e-07 seconds or  1435.39 MUPD/s or  17.2247 GB/s
STREAM triad of size      672 : min/avg/max: 4.66439e-07 4.67772e-07 4.69493e-07 seconds or   1440.7 MUPD/s or  17.2884 GB/s
STREAM triad of size      744 : min/avg/max: 5.14647e-07 5.16114e-07 5.17456e-07 seconds or  1445.65 MUPD/s or  17.3478 GB/s
STREAM triad of size      824 : min/avg/max: 5.68249e-07 5.69996e-07 5.72015e-07 seconds or  1450.07 MUPD/s or  17.4008 GB/s
STREAM triad of size      912 : min/avg/max: 6.27178e-07 6.29203e-07 6.33283e-07 seconds or  1454.13 MUPD/s or  17.4496 GB/s
STREAM triad of size     1008 : min/avg/max: 6.91458e-07 6.93464e-07 6.95467e-07 seconds or  1457.79 MUPD/s or  17.4935 GB/s
STREAM triad of size     1112 : min/avg/max: 7.61123e-07 7.63297e-07  7.6532e-07 seconds or     1461 MUPD/s or   17.532 GB/s
STREAM triad of size     1224 : min/avg/max: 8.36125e-07 8.38847e-07 8.41881e-07 seconds or   1463.9 MUPD/s or  17.5668 GB/s
STREAM triad of size     1352 : min/avg/max: 9.21835e-07 9.24812e-07 9.28245e-07 seconds or  1466.64 MUPD/s or  17.5997 GB/s
STREAM triad of size     1488 : min/avg/max: 1.01292e-06 1.01581e-06 1.01906e-06 seconds or  1469.02 MUPD/s or  17.6282 GB/s
STREAM triad of size     1640 : min/avg/max: 1.11474e-06 1.11798e-06 1.12114e-06 seconds or  1471.19 MUPD/s or  17.6543 GB/s
STREAM triad of size     1808 : min/avg/max: 1.22729e-06 1.23115e-06 1.23421e-06 seconds or  1473.16 MUPD/s or  17.6779 GB/s
STREAM triad of size     1992 : min/avg/max: 1.35052e-06 1.35482e-06 1.35834e-06 seconds or  1474.98 MUPD/s or  17.6998 GB/s
STREAM triad of size     2192 : min/avg/max: 1.48449e-06 1.48889e-06 1.49278e-06 seconds or   1476.6 MUPD/s or  17.7192 GB/s
STREAM triad of size     2416 : min/avg/max: 1.63456e-06 1.64125e-06 1.65782e-06 seconds or  1478.07 MUPD/s or  17.7369 GB/s
STREAM triad of size     2664 : min/avg/max: 1.80067e-06 1.80571e-06 1.81142e-06 seconds or  1479.45 MUPD/s or  17.7534 GB/s
STREAM triad of size     2936 : min/avg/max: 1.98848e-06 1.99467e-06 2.00088e-06 seconds or   1476.5 MUPD/s or   17.718 GB/s
STREAM triad of size     3232 : min/avg/max: 2.18618e-06 2.19301e-06 2.20068e-06 seconds or  1478.38 MUPD/s or  17.7406 GB/s
STREAM triad of size     3560 : min/avg/max: 2.40671e-06 2.41469e-06 2.42238e-06 seconds or   1479.2 MUPD/s or  17.7504 GB/s
STREAM triad of size     3920 : min/avg/max:   2.649e-06 2.65963e-06 2.67764e-06 seconds or   1479.8 MUPD/s or  17.7576 GB/s
STREAM triad of size     4320 : min/avg/max: 2.91586e-06 2.92504e-06 2.93509e-06 seconds or  1481.55 MUPD/s or  17.7786 GB/s
STREAM triad of size     4760 : min/avg/max:  3.2135e-06 3.22435e-06 3.23864e-06 seconds or  1481.25 MUPD/s or   17.775 GB/s
STREAM triad of size     5240 : min/avg/max: 3.53493e-06 3.54578e-06  3.5605e-06 seconds or  1482.35 MUPD/s or  17.7882 GB/s
STREAM triad of size     5768 : min/avg/max: 3.89249e-06 3.90491e-06 3.91645e-06 seconds or  1481.83 MUPD/s or  17.7819 GB/s
STREAM triad of size     6352 : min/avg/max: 4.27975e-06  4.2936e-06 4.30748e-06 seconds or   1484.2 MUPD/s or  17.8104 GB/s
STREAM triad of size     6992 : min/avg/max:  4.7125e-06 4.72772e-06  4.7423e-06 seconds or  1483.71 MUPD/s or  17.8046 GB/s
STREAM triad of size     7696 : min/avg/max: 5.20021e-06 5.21604e-06  5.2322e-06 seconds or  1479.94 MUPD/s or  17.7593 GB/s
STREAM triad of size     8472 : min/avg/max: 5.70744e-06 5.72672e-06 5.76542e-06 seconds or  1484.38 MUPD/s or  17.8125 GB/s
STREAM triad of size     9320 : min/avg/max: 6.27689e-06  6.2942e-06 6.31291e-06 seconds or  1484.81 MUPD/s or  17.8177 GB/s
STREAM triad of size    10256 : min/avg/max: 7.08623e-06 7.10903e-06 7.15945e-06 seconds or  1447.31 MUPD/s or  17.3678 GB/s
STREAM triad of size    11288 : min/avg/max: 7.79909e-06 7.82609e-06 7.86101e-06 seconds or  1447.35 MUPD/s or  17.3682 GB/s
STREAM triad of size    12424 : min/avg/max:  8.3734e-06 8.39686e-06 8.42419e-06 seconds or  1483.75 MUPD/s or   17.805 GB/s
STREAM triad of size    13672 : min/avg/max:  9.2416e-06 9.28747e-06 9.49631e-06 seconds or   1479.4 MUPD/s or  17.7528 GB/s
STREAM triad of size    15040 : min/avg/max: 1.01588e-05 1.01989e-05 1.02502e-05 seconds or  1480.49 MUPD/s or  17.7658 GB/s
STREAM triad of size    16552 : min/avg/max:  1.1192e-05 1.12298e-05 1.13062e-05 seconds or  1478.91 MUPD/s or   17.747 GB/s
STREAM triad of size    18208 : min/avg/max: 1.23849e-05 1.24219e-05 1.24591e-05 seconds or  1470.18 MUPD/s or  17.6422 GB/s
STREAM triad of size    20032 : min/avg/max: 1.36637e-05 1.37108e-05  1.3751e-05 seconds or  1466.08 MUPD/s or  17.5929 GB/s
STREAM triad of size    22040 : min/avg/max:  1.5115e-05 1.51666e-05 1.52256e-05 seconds or  1458.16 MUPD/s or  17.4979 GB/s
STREAM triad of size    24248 : min/avg/max: 1.66433e-05 1.66968e-05 1.67594e-05 seconds or  1456.92 MUPD/s or  17.4831 GB/s
STREAM triad of size    26680 : min/avg/max:  1.8368e-05 1.84214e-05 1.84732e-05 seconds or  1452.52 MUPD/s or  17.4303 GB/s
STREAM triad of size    29352 : min/avg/max: 2.01999e-05 2.02601e-05  2.0327e-05 seconds or  1453.08 MUPD/s or  17.4369 GB/s
STREAM triad of size    32288 : min/avg/max: 2.23635e-05 2.24427e-05 2.25207e-05 seconds or  1443.78 MUPD/s or  17.3254 GB/s
STREAM triad of size    35520 : min/avg/max:  2.4807e-05 2.48795e-05 2.49641e-05 seconds or  1431.85 MUPD/s or  17.1822 GB/s
STREAM triad of size    39080 : min/avg/max: 2.73606e-05 2.74437e-05 2.75233e-05 seconds or  1428.33 MUPD/s or    17.14 GB/s
STREAM triad of size    42992 : min/avg/max: 3.01261e-05 3.02301e-05 3.04473e-05 seconds or  1427.07 MUPD/s or  17.1248 GB/s
STREAM triad of size    47296 : min/avg/max: 3.31343e-05 3.32321e-05 3.33113e-05 seconds or   1427.4 MUPD/s or  17.1288 GB/s
STREAM triad of size    52032 : min/avg/max: 3.64507e-05  3.6559e-05 3.66828e-05 seconds or  1427.46 MUPD/s or  17.1295 GB/s
STREAM triad of size    57240 : min/avg/max: 4.01097e-05 4.02345e-05 4.03413e-05 seconds or  1427.08 MUPD/s or   17.125 GB/s
STREAM triad of size    62968 : min/avg/max: 4.41015e-05 4.42339e-05 4.43493e-05 seconds or   1427.8 MUPD/s or  17.1336 GB/s
STREAM triad of size    69272 : min/avg/max: 4.85347e-05  4.8686e-05   4.899e-05 seconds or  1427.27 MUPD/s or  17.1272 GB/s
STREAM triad of size    76200 : min/avg/max:  5.3393e-05 5.36802e-05 5.60949e-05 seconds or  1427.15 MUPD/s or  17.1258 GB/s
STREAM triad of size    83824 : min/avg/max: 5.87587e-05 5.89861e-05 5.96913e-05 seconds or  1426.58 MUPD/s or  17.1189 GB/s
STREAM triad of size    92208 : min/avg/max: 6.46082e-05 6.48143e-05 6.50098e-05 seconds or  1427.19 MUPD/s or  17.1263 GB/s
STREAM triad of size   101432 : min/avg/max: 7.10762e-05 7.12812e-05 7.15516e-05 seconds or  1427.09 MUPD/s or  17.1251 GB/s
STREAM triad of size   111576 : min/avg/max: 7.81208e-05 7.83605e-05 7.85767e-05 seconds or  1428.25 MUPD/s or   17.139 GB/s
STREAM triad of size   122736 : min/avg/max:  8.5957e-05 8.62399e-05 8.65015e-05 seconds or  1427.88 MUPD/s or  17.1345 GB/s
STREAM triad of size   135016 : min/avg/max: 9.45901e-05 9.48928e-05 9.55533e-05 seconds or  1427.38 MUPD/s or  17.1286 GB/s
STREAM triad of size   148520 : min/avg/max: 0.000104047 0.000104347 0.000104607 seconds or  1427.44 MUPD/s or  17.1292 GB/s
STREAM triad of size   163376 : min/avg/max: 0.000114494 0.000114891  0.00011545 seconds or  1426.94 MUPD/s or  17.1233 GB/s
STREAM triad of size   179720 : min/avg/max: 0.000126312 0.000126705  0.00012702 seconds or  1422.83 MUPD/s or  17.0739 GB/s
STREAM triad of size   197696 : min/avg/max: 0.000140091 0.000140493 0.000140911 seconds or   1411.2 MUPD/s or  16.9344 GB/s
STREAM triad of size   217472 : min/avg/max: 0.000154501 0.000155006 0.000155563 seconds or  1407.58 MUPD/s or  16.8909 GB/s
STREAM triad of size   239224 : min/avg/max: 0.000170319 0.000170897 0.000172176 seconds or  1404.56 MUPD/s or  16.8548 GB/s
STREAM triad of size   263152 : min/avg/max: 0.000187243  0.00018783 0.000189067 seconds or   1405.4 MUPD/s or  16.8648 GB/s
STREAM triad of size   289472 : min/avg/max: 0.000206082 0.000206674 0.000207279 seconds or  1404.64 MUPD/s or  16.8557 GB/s
STREAM triad of size   318424 : min/avg/max: 0.000226759 0.000227482 0.000228423 seconds or  1404.24 MUPD/s or  16.8509 GB/s
STREAM triad of size   350272 : min/avg/max: 0.000249217 0.000249949  0.00025074 seconds or  1405.49 MUPD/s or  16.8659 GB/s
STREAM triad of size   385304 : min/avg/max: 0.000274277 0.000275045 0.000275807 seconds or   1404.8 MUPD/s or  16.8576 GB/s
STREAM triad of size   423840 : min/avg/max: 0.000301731 0.000302967 0.000306515 seconds or  1404.69 MUPD/s or  16.8563 GB/s
STREAM triad of size   466232 : min/avg/max: 0.000331918 0.000332896 0.000334277 seconds or  1404.66 MUPD/s or  16.8559 GB/s
STREAM triad of size   512856 : min/avg/max: 0.000365002  0.00036622  0.00036861 seconds or  1405.08 MUPD/s or  16.8609 GB/s
STREAM triad of size   564144 : min/avg/max: 0.000401434 0.000402589 0.000403657 seconds or  1405.32 MUPD/s or  16.8639 GB/s
STREAM triad of size   620560 : min/avg/max: 0.000441728 0.000443154 0.000444886 seconds or  1404.85 MUPD/s or  16.8582 GB/s
STREAM triad of size   682624 : min/avg/max: 0.000485842 0.000487197 0.000488818 seconds or  1405.03 MUPD/s or  16.8604 GB/s
STREAM triad of size   750888 : min/avg/max:  0.00053482 0.000536336 0.000537756 seconds or     1404 MUPD/s or   16.848 GB/s
STREAM triad of size   825984 : min/avg/max:  0.00058938 0.000591251 0.000593019 seconds or  1401.45 MUPD/s or  16.8174 GB/s
STREAM triad of size   908584 : min/avg/max: 0.000648072 0.000650098 0.000652197 seconds or  1401.98 MUPD/s or  16.8238 GB/s
STREAM triad of size   999448 : min/avg/max: 0.000713778 0.000716238 0.000718405 seconds or  1400.22 MUPD/s or  16.8027 GB/s
STREAM triad of size  1099400 : min/avg/max:  0.00079259 0.000795316 0.000797437 seconds or   1387.1 MUPD/s or  16.6452 GB/s
STREAM triad of size  1209344 : min/avg/max: 0.000882559 0.000885836 0.000890917 seconds or  1370.27 MUPD/s or  16.4432 GB/s
STREAM triad of size  1330280 : min/avg/max: 0.000991321 0.000994699 0.000997164 seconds or  1341.93 MUPD/s or  16.1031 GB/s
STREAM triad of size  1463312 : min/avg/max:  0.00113392   0.0011381  0.00114129 seconds or  1290.49 MUPD/s or  15.4858 GB/s
STREAM triad of size  1609648 : min/avg/max:  0.00129054  0.00129578  0.00129912 seconds or  1247.27 MUPD/s or  14.9672 GB/s
STREAM triad of size  1770616 : min/avg/max:  0.00148743  0.00149185   0.0014963 seconds or  1190.39 MUPD/s or  14.2847 GB/s
STREAM triad of size  1947680 : min/avg/max:  0.00170885  0.00171436  0.00172235 seconds or  1139.76 MUPD/s or  13.6771 GB/s
STREAM triad of size  2142456 : min/avg/max:  0.00194507  0.00195272  0.00196815 seconds or  1101.48 MUPD/s or  13.2178 GB/s
STREAM triad of size  2356704 : min/avg/max:  0.00219409  0.00220068  0.00220406 seconds or  1074.12 MUPD/s or  12.8894 GB/s
STREAM triad of size  2592376 : min/avg/max:  0.00245501  0.00246305  0.00247184 seconds or  1055.95 MUPD/s or  12.6714 GB/s
STREAM triad of size  2851616 : min/avg/max:  0.00272285   0.0027299  0.00273471 seconds or  1047.29 MUPD/s or  12.5675 GB/s
STREAM triad of size  3136784 : min/avg/max:  0.00300635  0.00301678  0.00303006 seconds or  1043.39 MUPD/s or  12.5206 GB/s
STREAM triad of size  3450464 : min/avg/max:  0.00332168  0.00333156  0.00333865 seconds or  1038.77 MUPD/s or  12.4652 GB/s
STREAM triad of size  3795512 : min/avg/max:  0.00366018  0.00369493  0.00412846 seconds or  1036.97 MUPD/s or  12.4437 GB/s
STREAM triad of size  4175064 : min/avg/max:  0.00402959  0.00404226  0.00404911 seconds or   1036.1 MUPD/s or  12.4332 GB/s
STREAM triad of size  4592576 : min/avg/max:  0.00443459  0.00444888  0.00445773 seconds or  1035.63 MUPD/s or  12.4275 GB/s
STREAM triad of size  5051840 : min/avg/max:  0.00488255  0.00490592  0.00499053 seconds or  1034.67 MUPD/s or  12.4161 GB/s
STREAM triad of size  5557032 : min/avg/max:  0.00535464  0.00538052  0.00539289 seconds or   1037.8 MUPD/s or  12.4536 GB/s
STREAM triad of size  6112736 : min/avg/max:  0.00589907  0.00591706  0.00592674 seconds or  1036.22 MUPD/s or  12.4347 GB/s
STREAM triad of size  6724016 : min/avg/max:  0.00649772  0.00652011  0.00656075 seconds or  1034.83 MUPD/s or  12.4179 GB/s
STREAM triad of size  7396424 : min/avg/max:  0.00713398  0.00715961  0.00722027 seconds or  1036.79 MUPD/s or  12.4415 GB/s
STREAM triad of size  8136072 : min/avg/max:  0.00785906  0.00788899  0.00796729 seconds or  1035.25 MUPD/s or   12.423 GB/s
STREAM triad of size  8949680 : min/avg/max:  0.00864978   0.0086749  0.00869177 seconds or  1034.67 MUPD/s or  12.4161 GB/s
STREAM triad of size  9844656 : min/avg/max:   0.0095173  0.00954623  0.00956469 seconds or   1034.4 MUPD/s or  12.4127 GB/s
STREAM triad of size 10829128 : min/avg/max:   0.0104385   0.0104759   0.0104963 seconds or  1037.43 MUPD/s or  12.4491 GB/s
STREAM triad of size 11912048 : min/avg/max:   0.0115078   0.0115477   0.0115838 seconds or  1035.13 MUPD/s or  12.4215 GB/s
STREAM triad of size 13103256 : min/avg/max:   0.0126506   0.0127091     0.01277 seconds or  1035.78 MUPD/s or  12.4294 GB/s
STREAM triad of size 14413584 : min/avg/max:   0.0139059   0.0139684   0.0140101 seconds or  1036.51 MUPD/s or  12.4381 GB/s
STREAM triad of size 15854944 : min/avg/max:   0.0153192   0.0153648      0.0154 seconds or  1034.97 MUPD/s or  12.4196 GB/s
STREAM triad of size 17440440 : min/avg/max:   0.0168244    0.016881   0.0169345 seconds or  1036.62 MUPD/s or  12.4394 GB/s
STREAM triad of size 19184488 : min/avg/max:   0.0185418   0.0186014   0.0186281 seconds or  1034.66 MUPD/s or   12.416 GB/s
STREAM triad of size 21102944 : min/avg/max:    0.020402   0.0204865   0.0206867 seconds or  1034.35 MUPD/s or  12.4123 GB/s
STREAM triad of size 23213240 : min/avg/max:   0.0224378   0.0225137   0.0225629 seconds or  1034.56 MUPD/s or  12.4147 GB/s
STREAM triad of size 25534568 : min/avg/max:   0.0246923   0.0247766   0.0248553 seconds or  1034.11 MUPD/s or  12.4093 GB/s
STREAM triad of size 28088032 : min/avg/max:   0.0271365   0.0272319   0.0272828 seconds or  1035.07 MUPD/s or  12.4208 GB/s
STREAM triad of size 30896840 : min/avg/max:   0.0298689   0.0299642   0.0300634 seconds or  1034.42 MUPD/s or   12.413 GB/s
STREAM triad of size 33986528 : min/avg/max:   0.0328499   0.0329483   0.0330549 seconds or   1034.6 MUPD/s or  12.4152 GB/s
STREAM triad of size 37385184 : min/avg/max:   0.0360851   0.0362682   0.0364421 seconds or  1036.03 MUPD/s or  12.4323 GB/s
STREAM triad of size 41123704 : min/avg/max:   0.0396628   0.0397997    0.039905 seconds or  1036.83 MUPD/s or   12.442 GB/s
STREAM triad of size 45236080 : min/avg/max:    0.043652   0.0437943    0.043917 seconds or  1036.29 MUPD/s or  12.4355 GB/s
STREAM triad of size 49759696 : min/avg/max:   0.0480973    0.048769   0.0570545 seconds or  1034.56 MUPD/s or  12.4147 GB/s
STREAM triad of size 54735672 : min/avg/max:   0.0529788   0.0531444   0.0533522 seconds or  1033.16 MUPD/s or  12.3979 GB/s
STREAM triad of size 60209240 : min/avg/max:   0.0582186   0.0584241   0.0586491 seconds or  1034.19 MUPD/s or  12.4103 GB/s
STREAM triad of size 66230168 : min/avg/max:   0.0640114   0.0642005   0.0644113 seconds or  1034.66 MUPD/s or   12.416 GB/s
STREAM triad of size 72853192 : min/avg/max:   0.0705721   0.0708775   0.0716294 seconds or  1032.32 MUPD/s or  12.3879 GB/s
STREAM triad of size 80138512 : min/avg/max:   0.0775657   0.0779215   0.0782517 seconds or  1033.17 MUPD/s or   12.398 GB/s
STREAM triad of size 88152368 : min/avg/max:    0.085146   0.0854261   0.0856128 seconds or  1035.31 MUPD/s or  12.4237 GB/s
STREAM triad of size 96967608 : min/avg/max:   0.0936593   0.0939687   0.0942057 seconds or  1035.32 MUPD/s or  12.4239 GB/s
