STREAM triad of size    10000 : min/avg/max:  3.0894e-06 3.71856e-06 4.19784e-06 seconds or  3236.87 MUPD/s or  38.8424 GB/s
STREAM triad of size    11008 : min/avg/max:   3.053e-06 3.07412e-06 3.10844e-06 seconds or  3605.64 MUPD/s or  43.2676 GB/s
STREAM triad of size    12112 : min/avg/max: 3.05874e-06 3.07671e-06 3.11131e-06 seconds or   3959.8 MUPD/s or  47.5176 GB/s
STREAM triad of size    13328 : min/avg/max: 3.05067e-06  3.0703e-06 3.11039e-06 seconds or  4368.87 MUPD/s or  52.4265 GB/s
STREAM triad of size    14664 : min/avg/max: 3.09532e-06 3.11696e-06 3.17465e-06 seconds or  4737.47 MUPD/s or  56.8497 GB/s
STREAM triad of size    16136 : min/avg/max: 3.10633e-06 3.13392e-06 3.17989e-06 seconds or  5194.56 MUPD/s or  62.3347 GB/s
STREAM triad of size    17752 : min/avg/max:  3.1267e-06 3.15004e-06 3.20507e-06 seconds or  5677.56 MUPD/s or  68.1307 GB/s
STREAM triad of size    19528 : min/avg/max: 3.11524e-06 3.14546e-06  3.2086e-06 seconds or  6268.54 MUPD/s or  75.2225 GB/s
STREAM triad of size    21488 : min/avg/max: 3.12467e-06 3.15055e-06  3.2295e-06 seconds or   6876.9 MUPD/s or  82.5227 GB/s
STREAM triad of size    23640 : min/avg/max: 3.08614e-06 3.10889e-06 3.19581e-06 seconds or  7660.06 MUPD/s or  91.9207 GB/s
STREAM triad of size    26008 : min/avg/max: 3.12604e-06 3.14554e-06  3.2189e-06 seconds or   8319.8 MUPD/s or  99.8376 GB/s
STREAM triad of size    28616 : min/avg/max: 3.09253e-06 3.11743e-06 3.19689e-06 seconds or  9253.26 MUPD/s or  111.039 GB/s
STREAM triad of size    31480 : min/avg/max: 3.08472e-06 3.11913e-06 3.23014e-06 seconds or  10205.1 MUPD/s or  122.462 GB/s
STREAM triad of size    34632 : min/avg/max: 3.11717e-06 3.13878e-06 3.25153e-06 seconds or  11110.1 MUPD/s or  133.321 GB/s
STREAM triad of size    38096 : min/avg/max:  3.1054e-06 3.13258e-06 3.25589e-06 seconds or  12267.6 MUPD/s or  147.212 GB/s
STREAM triad of size    41912 : min/avg/max: 3.11659e-06 3.13495e-06 3.26155e-06 seconds or    13448 MUPD/s or  161.376 GB/s
STREAM triad of size    46104 : min/avg/max: 3.11785e-06 3.13787e-06 3.29778e-06 seconds or  14787.1 MUPD/s or  177.446 GB/s
STREAM triad of size    50720 : min/avg/max: 3.11197e-06 3.13408e-06 3.29931e-06 seconds or  16298.4 MUPD/s or  195.581 GB/s
STREAM triad of size    55800 : min/avg/max: 3.11781e-06 3.14396e-06 3.33536e-06 seconds or  17897.2 MUPD/s or  214.766 GB/s
STREAM triad of size    61384 : min/avg/max: 3.12183e-06 3.14395e-06 3.33726e-06 seconds or  19662.8 MUPD/s or  235.954 GB/s
STREAM triad of size    67528 : min/avg/max: 3.11103e-06 3.12824e-06 3.14595e-06 seconds or    21706 MUPD/s or  260.472 GB/s
STREAM triad of size    74288 : min/avg/max: 3.11884e-06 3.12832e-06 3.14042e-06 seconds or  23819.1 MUPD/s or  285.829 GB/s
STREAM triad of size    81720 : min/avg/max: 3.10168e-06 3.13735e-06 3.40971e-06 seconds or  26347.1 MUPD/s or  316.165 GB/s
STREAM triad of size    89896 : min/avg/max: 3.11814e-06 3.13302e-06 3.15775e-06 seconds or    28830 MUPD/s or   345.96 GB/s
STREAM triad of size    98888 : min/avg/max: 3.11533e-06 3.14468e-06 3.48477e-06 seconds or  31742.3 MUPD/s or  380.908 GB/s
STREAM triad of size   108784 : min/avg/max: 3.10964e-06 3.12656e-06 3.16929e-06 seconds or  34982.9 MUPD/s or  419.794 GB/s
STREAM triad of size   119664 : min/avg/max: 3.10131e-06 3.16426e-06   3.554e-06 seconds or    38585 MUPD/s or   463.02 GB/s
STREAM triad of size   131632 : min/avg/max: 3.11117e-06 3.13002e-06 3.15182e-06 seconds or  42309.5 MUPD/s or  507.714 GB/s
STREAM triad of size   144800 : min/avg/max: 3.11711e-06 3.15595e-06  3.6063e-06 seconds or  46453.2 MUPD/s or  557.439 GB/s
STREAM triad of size   159288 : min/avg/max:  3.1841e-06 3.19189e-06 3.21394e-06 seconds or    50026 MUPD/s or  600.312 GB/s
STREAM triad of size   175224 : min/avg/max: 3.40253e-06 3.40671e-06 3.41597e-06 seconds or  51498.1 MUPD/s or  617.977 GB/s
STREAM triad of size   192752 : min/avg/max: 3.53679e-06 3.54401e-06 3.55169e-06 seconds or  54499.1 MUPD/s or  653.989 GB/s
STREAM triad of size   212032 : min/avg/max: 3.78204e-06 3.79596e-06 3.94616e-06 seconds or  56062.9 MUPD/s or  672.755 GB/s
STREAM triad of size   233240 : min/avg/max: 3.94506e-06  3.9533e-06 3.96254e-06 seconds or    59122 MUPD/s or  709.464 GB/s
STREAM triad of size   256568 : min/avg/max: 4.21859e-06 4.22308e-06 4.23087e-06 seconds or  60818.4 MUPD/s or  729.821 GB/s
STREAM triad of size   282232 : min/avg/max: 4.40045e-06 4.41284e-06 4.51925e-06 seconds or  64137.1 MUPD/s or  769.645 GB/s
STREAM triad of size   310456 : min/avg/max: 4.70985e-06 4.71775e-06 4.73071e-06 seconds or  65916.3 MUPD/s or  790.996 GB/s
STREAM triad of size   341504 : min/avg/max: 6.67881e-06 6.69057e-06 6.70434e-06 seconds or  51132.5 MUPD/s or   613.59 GB/s
STREAM triad of size   375656 : min/avg/max: 1.50951e-05 1.51691e-05 1.52839e-05 seconds or  24885.9 MUPD/s or  298.631 GB/s
STREAM triad of size   413224 : min/avg/max: 2.03235e-05 2.03661e-05 2.04261e-05 seconds or  20332.3 MUPD/s or  243.988 GB/s
STREAM triad of size   454552 : min/avg/max:  2.2434e-05 2.24636e-05  2.2486e-05 seconds or  20261.8 MUPD/s or  243.141 GB/s
STREAM triad of size   500008 : min/avg/max: 2.44634e-05 2.44938e-05 2.45245e-05 seconds or    20439 MUPD/s or  245.268 GB/s
STREAM triad of size   550016 : min/avg/max: 2.71227e-05  2.7137e-05 2.71584e-05 seconds or  20278.8 MUPD/s or  243.346 GB/s
STREAM triad of size   605024 : min/avg/max: 3.01363e-05 3.01522e-05 3.01684e-05 seconds or  20076.2 MUPD/s or  240.915 GB/s
STREAM triad of size   665528 : min/avg/max: 3.30888e-05 3.31103e-05 3.31305e-05 seconds or  20113.4 MUPD/s or  241.361 GB/s
STREAM triad of size   732088 : min/avg/max: 3.61348e-05 3.61599e-05 3.62241e-05 seconds or  20259.9 MUPD/s or  243.119 GB/s
STREAM triad of size   805304 : min/avg/max: 3.94339e-05 3.94638e-05 3.94846e-05 seconds or  20421.6 MUPD/s or  245.059 GB/s
STREAM triad of size   885840 : min/avg/max: 4.32813e-05 4.32997e-05 4.33308e-05 seconds or    20467 MUPD/s or  245.604 GB/s
STREAM triad of size   974432 : min/avg/max: 4.74809e-05 4.74982e-05 4.75402e-05 seconds or  20522.6 MUPD/s or  246.272 GB/s
STREAM triad of size  1071880 : min/avg/max: 5.21066e-05 5.21621e-05 5.24831e-05 seconds or  20570.9 MUPD/s or  246.851 GB/s
STREAM triad of size  1179072 : min/avg/max: 5.70649e-05 5.70891e-05 5.71413e-05 seconds or  20661.9 MUPD/s or  247.943 GB/s
STREAM triad of size  1296984 : min/avg/max: 6.25142e-05 6.25779e-05   6.268e-05 seconds or    20747 MUPD/s or  248.965 GB/s
STREAM triad of size  1426688 : min/avg/max: 6.85286e-05 6.85519e-05 6.86204e-05 seconds or  20818.9 MUPD/s or  249.827 GB/s
STREAM triad of size  1569360 : min/avg/max: 7.52042e-05 7.52324e-05 7.53107e-05 seconds or    20868 MUPD/s or  250.416 GB/s
STREAM triad of size  1726304 : min/avg/max:  8.2769e-05 8.28002e-05 8.28904e-05 seconds or  20856.9 MUPD/s or  250.283 GB/s
STREAM triad of size  1898936 : min/avg/max: 9.09919e-05 9.10193e-05 9.10838e-05 seconds or  20869.3 MUPD/s or  250.432 GB/s
STREAM triad of size  2088832 : min/avg/max: 9.98586e-05 9.99064e-05 0.000100006 seconds or  20917.9 MUPD/s or  251.015 GB/s
STREAM triad of size  2297720 : min/avg/max: 0.000109304  0.00010936 0.000109484 seconds or  21021.4 MUPD/s or  252.256 GB/s
STREAM triad of size  2527496 : min/avg/max:  0.00011993 0.000119971 0.000120111 seconds or  21074.7 MUPD/s or  252.896 GB/s
STREAM triad of size  2780248 : min/avg/max: 0.000131632  0.00013171 0.000131896 seconds or  21121.4 MUPD/s or  253.457 GB/s
STREAM triad of size  3058280 : min/avg/max: 0.000144736 0.000144794 0.000145052 seconds or  21130.1 MUPD/s or  253.561 GB/s
STREAM triad of size  3364112 : min/avg/max: 0.000158891 0.000158959 0.000159156 seconds or  21172.4 MUPD/s or  254.069 GB/s
STREAM triad of size  3700528 : min/avg/max: 0.000174487 0.000174546 0.000174766 seconds or  21208.1 MUPD/s or  254.497 GB/s
STREAM triad of size  4070584 : min/avg/max: 0.000191791 0.000191862 0.000192186 seconds or    21224 MUPD/s or  254.688 GB/s
STREAM triad of size  4477648 : min/avg/max: 0.000211071 0.000211158 0.000211599 seconds or  21213.9 MUPD/s or  254.567 GB/s
STREAM triad of size  4925416 : min/avg/max: 0.000231832 0.000231961  0.00023253 seconds or  21245.6 MUPD/s or  254.947 GB/s
STREAM triad of size  5417960 : min/avg/max: 0.000254881 0.000254997 0.000255858 seconds or  21256.8 MUPD/s or  255.082 GB/s
STREAM triad of size  5959760 : min/avg/max: 0.000279902 0.000280044 0.000281303 seconds or  21292.3 MUPD/s or  255.507 GB/s
STREAM triad of size  6555744 : min/avg/max: 0.000307737 0.000307913 0.000309305 seconds or  21303.1 MUPD/s or  255.637 GB/s
STREAM triad of size  7211320 : min/avg/max:  0.00033826 0.000338479 0.000340859 seconds or  21318.9 MUPD/s or  255.826 GB/s
STREAM triad of size  7932456 : min/avg/max: 0.000372319  0.00037255 0.000375162 seconds or  21305.5 MUPD/s or  255.666 GB/s
STREAM triad of size  8725704 : min/avg/max: 0.000408819 0.000409058  0.00041211 seconds or  21343.7 MUPD/s or  256.124 GB/s
STREAM triad of size  9598280 : min/avg/max: 0.000450032 0.000450271 0.000453242 seconds or    21328 MUPD/s or  255.936 GB/s
STREAM triad of size 10558112 : min/avg/max: 0.000494646 0.000494922 0.000498154 seconds or  21344.8 MUPD/s or  256.138 GB/s
STREAM triad of size 11613928 : min/avg/max: 0.000544624 0.000545052 0.000549639 seconds or  21324.7 MUPD/s or  255.896 GB/s
STREAM triad of size 12775328 : min/avg/max: 0.000598323 0.000599645  0.00061645 seconds or  21351.9 MUPD/s or  256.223 GB/s
STREAM triad of size 14052864 : min/avg/max: 0.000657557 0.000657968 0.000662501 seconds or  21371.3 MUPD/s or  256.456 GB/s
STREAM triad of size 15458152 : min/avg/max: 0.000723761 0.000724218 0.000730423 seconds or  21358.1 MUPD/s or  256.297 GB/s
STREAM triad of size 17003968 : min/avg/max: 0.000795542 0.000796095 0.000803457 seconds or  21374.1 MUPD/s or  256.489 GB/s
STREAM triad of size 18704368 : min/avg/max: 0.000874884 0.000875424 0.000882686 seconds or  21379.3 MUPD/s or  256.551 GB/s
STREAM triad of size 20574808 : min/avg/max: 0.000962344 0.000966033   0.0010184 seconds or  21379.9 MUPD/s or  256.559 GB/s
STREAM triad of size 22632296 : min/avg/max:  0.00105829  0.00105911   0.0010684 seconds or  21385.6 MUPD/s or  256.628 GB/s
STREAM triad of size 24895528 : min/avg/max:  0.00116365  0.00116442  0.00117368 seconds or  21394.3 MUPD/s or  256.732 GB/s
STREAM triad of size 27385088 : min/avg/max:  0.00128002  0.00128102  0.00129347 seconds or  21394.2 MUPD/s or  256.731 GB/s
STREAM triad of size 30123600 : min/avg/max:  0.00140939  0.00141047  0.00142257 seconds or  21373.5 MUPD/s or  256.482 GB/s
STREAM triad of size 33135968 : min/avg/max:  0.00154846   0.0015494  0.00156128 seconds or  21399.4 MUPD/s or  256.792 GB/s
STREAM triad of size 36449568 : min/avg/max:  0.00170342  0.00170646  0.00175466 seconds or  21397.9 MUPD/s or  256.775 GB/s
STREAM triad of size 40094528 : min/avg/max:  0.00187472  0.00187629  0.00189437 seconds or    21387 MUPD/s or  256.644 GB/s
STREAM triad of size 44103984 : min/avg/max:  0.00205978  0.00206117  0.00208065 seconds or  21411.9 MUPD/s or  256.943 GB/s
STREAM triad of size 48514384 : min/avg/max:  0.00226632  0.00227475  0.00240953 seconds or  21406.7 MUPD/s or   256.88 GB/s
STREAM triad of size 53365824 : min/avg/max:  0.00249537  0.00249811  0.00253508 seconds or  21385.9 MUPD/s or  256.631 GB/s
STREAM triad of size 58702408 : min/avg/max:  0.00274536  0.00274842  0.00278489 seconds or  21382.4 MUPD/s or  256.589 GB/s
STREAM triad of size 64572656 : min/avg/max:  0.00301848  0.00302162  0.00305766 seconds or  21392.5 MUPD/s or   256.71 GB/s
STREAM triad of size 71029928 : min/avg/max:   0.0033243   0.0033271  0.00336305 seconds or  21366.9 MUPD/s or  256.402 GB/s
STREAM triad of size 78132928 : min/avg/max:  0.00366386  0.00366669  0.00370223 seconds or  21325.3 MUPD/s or  255.904 GB/s
STREAM triad of size 85946224 : min/avg/max:  0.00401085  0.00401505   0.0040526 seconds or  21428.4 MUPD/s or  257.141 GB/s
STREAM triad of size 94540848 : min/avg/max:  0.00441613  0.00441897  0.00445441 seconds or  21408.1 MUPD/s or  256.897 GB/s
STREAM triad of size 103994936 : min/avg/max:  0.00485508  0.00485819  0.00489485 seconds or  21419.8 MUPD/s or  257.038 GB/s
STREAM triad of size 114394432 : min/avg/max:  0.00533808   0.0053412   0.0053827 seconds or  21429.9 MUPD/s or  257.159 GB/s
STREAM triad of size 125833880 : min/avg/max:  0.00587128  0.00587421  0.00591156 seconds or  21432.1 MUPD/s or  257.185 GB/s
STREAM triad of size 138417272 : min/avg/max:  0.00645581  0.00645983  0.00649513 seconds or  21440.7 MUPD/s or  257.289 GB/s
STREAM triad of size 152259000 : min/avg/max:    0.007105  0.00710776  0.00714449 seconds or  21429.9 MUPD/s or  257.158 GB/s
STREAM triad of size 167484904 : min/avg/max:  0.00781955  0.00782581  0.00790282 seconds or  21418.7 MUPD/s or  257.025 GB/s
STREAM triad of size 184233400 : min/avg/max:  0.00860011  0.00860801  0.00865131 seconds or  21422.2 MUPD/s or  257.067 GB/s
STREAM triad of size 202656744 : min/avg/max:  0.00944957  0.00946621  0.00970622 seconds or  21446.1 MUPD/s or  257.354 GB/s
STREAM triad of size 222922424 : min/avg/max:   0.0103947    0.010398   0.0104342 seconds or  21445.7 MUPD/s or  257.348 GB/s
STREAM triad of size 245214672 : min/avg/max:   0.0114366   0.0114401   0.0114752 seconds or  21441.2 MUPD/s or  257.295 GB/s
STREAM triad of size 269736144 : min/avg/max:   0.0125795   0.0125835    0.012627 seconds or  21442.4 MUPD/s or  257.309 GB/s
STREAM triad of size 296709760 : min/avg/max:   0.0138372   0.0138408    0.013878 seconds or    21443 MUPD/s or  257.316 GB/s
STREAM triad of size 326380744 : min/avg/max:   0.0152152   0.0152193    0.015257 seconds or    21451 MUPD/s or  257.412 GB/s
STREAM triad of size 359018824 : min/avg/max:   0.0163595   0.0165064   0.0167787 seconds or  21945.5 MUPD/s or  263.346 GB/s
STREAM triad of size 394920712 : min/avg/max:   0.0180146   0.0180874   0.0183183 seconds or  21922.2 MUPD/s or  263.067 GB/s
STREAM triad of size 434412784 : min/avg/max:   0.0198167   0.0199818   0.0201604 seconds or  21921.6 MUPD/s or  263.059 GB/s
STREAM triad of size 477854064 : min/avg/max:   0.0217507   0.0219847   0.0223068 seconds or  21969.6 MUPD/s or  263.636 GB/s
STREAM triad of size 525639472 : min/avg/max:   0.0237947   0.0240664   0.0244943 seconds or  22090.6 MUPD/s or  265.087 GB/s
STREAM triad of size 578203424 : min/avg/max:    0.026364   0.0266019   0.0269514 seconds or  21931.6 MUPD/s or  263.179 GB/s
STREAM triad of size 636023768 : min/avg/max:   0.0290158   0.0293724    0.029669 seconds or  21919.9 MUPD/s or  263.039 GB/s
STREAM triad of size 699626152 : min/avg/max:   0.0318277   0.0323042   0.0329324 seconds or  21981.7 MUPD/s or   263.78 GB/s
STREAM triad of size 769588768 : min/avg/max:   0.0350865     0.03554   0.0358823 seconds or    21934 MUPD/s or  263.208 GB/s
STREAM triad of size 846547648 : min/avg/max:   0.0383313   0.0390071   0.0394637 seconds or    22085 MUPD/s or   265.02 GB/s
STREAM triad of size 931202416 : min/avg/max:   0.0424757   0.0431136    0.043422 seconds or  21923.2 MUPD/s or  263.078 GB/s
