STREAM triad of size    10000 : min/avg/max: 2.69638e-06 3.39307e-06 3.63724e-06 seconds or  3708.68 MUPD/s or  44.5042 GB/s
STREAM triad of size    11008 : min/avg/max: 2.65477e-06 2.67683e-06 2.71337e-06 seconds or  4146.49 MUPD/s or  49.7579 GB/s
STREAM triad of size    12112 : min/avg/max: 2.67785e-06  2.7152e-06 2.75045e-06 seconds or  4523.04 MUPD/s or  54.2764 GB/s
STREAM triad of size    13328 : min/avg/max: 2.68599e-06 2.72503e-06 2.77701e-06 seconds or  4962.04 MUPD/s or  59.5445 GB/s
STREAM triad of size    14664 : min/avg/max: 2.68854e-06 2.72181e-06 2.78878e-06 seconds or  5454.27 MUPD/s or  65.4512 GB/s
STREAM triad of size    16136 : min/avg/max:  2.6571e-06  2.6752e-06 2.74212e-06 seconds or  6072.79 MUPD/s or  72.8735 GB/s
STREAM triad of size    17752 : min/avg/max: 2.67384e-06 2.70005e-06 2.76011e-06 seconds or  6639.13 MUPD/s or  79.6696 GB/s
STREAM triad of size    19528 : min/avg/max: 2.71811e-06 2.74473e-06 2.80251e-06 seconds or  7184.41 MUPD/s or   86.213 GB/s
STREAM triad of size    21488 : min/avg/max: 2.69044e-06  2.7151e-06 2.77309e-06 seconds or   7986.8 MUPD/s or  95.8416 GB/s
STREAM triad of size    23640 : min/avg/max: 2.73373e-06  2.7525e-06 2.83065e-06 seconds or  8647.53 MUPD/s or   103.77 GB/s
STREAM triad of size    26008 : min/avg/max: 2.69289e-06 2.73134e-06 2.82046e-06 seconds or  9658.04 MUPD/s or  115.897 GB/s
STREAM triad of size    28616 : min/avg/max:  2.6921e-06 2.71036e-06 2.79883e-06 seconds or  10629.6 MUPD/s or  127.556 GB/s
STREAM triad of size    31480 : min/avg/max: 2.67682e-06 2.71382e-06 2.81114e-06 seconds or  11760.2 MUPD/s or  141.123 GB/s
STREAM triad of size    34632 : min/avg/max:  2.7026e-06 2.73391e-06 2.84467e-06 seconds or  12814.3 MUPD/s or  153.772 GB/s
STREAM triad of size    38096 : min/avg/max: 2.70498e-06 2.74423e-06 2.87361e-06 seconds or  14083.6 MUPD/s or  169.004 GB/s
STREAM triad of size    41912 : min/avg/max: 2.69004e-06 2.72852e-06 2.87295e-06 seconds or  15580.4 MUPD/s or  186.965 GB/s
STREAM triad of size    46104 : min/avg/max:  2.7224e-06 2.74394e-06 2.89114e-06 seconds or  16935.1 MUPD/s or  203.221 GB/s
STREAM triad of size    50720 : min/avg/max: 2.72904e-06 2.76171e-06 2.93916e-06 seconds or  18585.3 MUPD/s or  223.023 GB/s
STREAM triad of size    55800 : min/avg/max: 2.70633e-06  2.7402e-06 2.90182e-06 seconds or  20618.3 MUPD/s or   247.42 GB/s
STREAM triad of size    61384 : min/avg/max: 2.72707e-06  2.7454e-06 2.76254e-06 seconds or  22509.1 MUPD/s or   270.11 GB/s
STREAM triad of size    67528 : min/avg/max: 2.70692e-06 2.75182e-06  2.9587e-06 seconds or  24946.5 MUPD/s or  299.358 GB/s
STREAM triad of size    74288 : min/avg/max: 2.71998e-06 2.75628e-06 2.98078e-06 seconds or  27311.9 MUPD/s or  327.743 GB/s
STREAM triad of size    81720 : min/avg/max: 2.69976e-06 2.72974e-06 2.75807e-06 seconds or  30269.4 MUPD/s or  363.232 GB/s
STREAM triad of size    89896 : min/avg/max: 2.69864e-06 2.75048e-06 3.03691e-06 seconds or  33311.6 MUPD/s or  399.739 GB/s
STREAM triad of size    98888 : min/avg/max:  2.7379e-06  2.7577e-06 2.77728e-06 seconds or  36118.2 MUPD/s or  433.418 GB/s
STREAM triad of size   108784 : min/avg/max: 2.71513e-06 2.75134e-06  3.0893e-06 seconds or  40065.8 MUPD/s or  480.789 GB/s
STREAM triad of size   119664 : min/avg/max: 2.80359e-06 2.80988e-06 2.81657e-06 seconds or  42682.5 MUPD/s or   512.19 GB/s
STREAM triad of size   131632 : min/avg/max:  2.9417e-06 2.94985e-06 2.95926e-06 seconds or  44746.9 MUPD/s or  536.963 GB/s
STREAM triad of size   144800 : min/avg/max: 3.06895e-06 3.10657e-06 3.58151e-06 seconds or  47182.2 MUPD/s or  566.187 GB/s
STREAM triad of size   159288 : min/avg/max:  3.2009e-06 3.20497e-06 3.21414e-06 seconds or  49763.4 MUPD/s or  597.161 GB/s
STREAM triad of size   175224 : min/avg/max: 3.37465e-06 3.38348e-06 3.38731e-06 seconds or  51923.6 MUPD/s or  623.083 GB/s
STREAM triad of size   192752 : min/avg/max: 3.53155e-06 3.55989e-06 3.87048e-06 seconds or  54580.1 MUPD/s or  654.961 GB/s
STREAM triad of size   212032 : min/avg/max: 3.72643e-06 3.73328e-06 3.74286e-06 seconds or  56899.5 MUPD/s or  682.795 GB/s
STREAM triad of size   233240 : min/avg/max: 3.94026e-06 3.94783e-06 3.95692e-06 seconds or    59194 MUPD/s or  710.328 GB/s
STREAM triad of size   256568 : min/avg/max: 4.14402e-06 4.15933e-06 4.28724e-06 seconds or  61912.9 MUPD/s or  742.955 GB/s
STREAM triad of size   282232 : min/avg/max: 4.42585e-06 4.43513e-06  4.4471e-06 seconds or    63769 MUPD/s or  765.228 GB/s
STREAM triad of size   310456 : min/avg/max: 4.67274e-06 4.67877e-06 4.69247e-06 seconds or  66439.8 MUPD/s or  797.277 GB/s
STREAM triad of size   341504 : min/avg/max: 6.79396e-06 6.81056e-06 6.82818e-06 seconds or  50265.9 MUPD/s or   603.19 GB/s
STREAM triad of size   375656 : min/avg/max: 1.51602e-05 1.52518e-05 1.53454e-05 seconds or    24779 MUPD/s or  297.348 GB/s
STREAM triad of size   413224 : min/avg/max: 2.04711e-05 2.05057e-05 2.05401e-05 seconds or  20185.7 MUPD/s or  242.229 GB/s
STREAM triad of size   454552 : min/avg/max: 2.24804e-05 2.25043e-05 2.25306e-05 seconds or  20219.9 MUPD/s or  242.639 GB/s
STREAM triad of size   500008 : min/avg/max: 2.45568e-05 2.45781e-05    2.46e-05 seconds or  20361.2 MUPD/s or  244.335 GB/s
STREAM triad of size   550016 : min/avg/max: 2.71633e-05 2.71855e-05 2.72527e-05 seconds or  20248.5 MUPD/s or  242.982 GB/s
STREAM triad of size   605024 : min/avg/max: 3.02095e-05 3.02333e-05 3.02895e-05 seconds or  20027.6 MUPD/s or  240.331 GB/s
STREAM triad of size   665528 : min/avg/max: 3.31969e-05  3.3211e-05 3.32476e-05 seconds or  20047.9 MUPD/s or  240.575 GB/s
STREAM triad of size   732088 : min/avg/max: 3.61987e-05 3.62159e-05 3.62443e-05 seconds or  20224.1 MUPD/s or   242.69 GB/s
STREAM triad of size   805304 : min/avg/max: 3.94708e-05 3.94897e-05 3.95584e-05 seconds or  20402.5 MUPD/s or   244.83 GB/s
STREAM triad of size   885840 : min/avg/max: 4.33397e-05 4.33726e-05 4.34357e-05 seconds or  20439.4 MUPD/s or  245.273 GB/s
STREAM triad of size   974432 : min/avg/max: 4.75773e-05 4.75941e-05 4.76368e-05 seconds or    20481 MUPD/s or  245.772 GB/s
STREAM triad of size  1071880 : min/avg/max: 5.22162e-05 5.22436e-05 5.22754e-05 seconds or  20527.7 MUPD/s or  246.333 GB/s
STREAM triad of size  1179072 : min/avg/max: 5.71532e-05 5.71825e-05 5.72488e-05 seconds or    20630 MUPD/s or   247.56 GB/s
STREAM triad of size  1296984 : min/avg/max: 6.25355e-05 6.25696e-05 6.26645e-05 seconds or    20740 MUPD/s or   248.88 GB/s
STREAM triad of size  1426688 : min/avg/max: 6.86452e-05 6.86737e-05 6.87386e-05 seconds or  20783.5 MUPD/s or  249.402 GB/s
STREAM triad of size  1569360 : min/avg/max: 7.53363e-05 7.53633e-05  7.5461e-05 seconds or  20831.4 MUPD/s or  249.977 GB/s
STREAM triad of size  1726304 : min/avg/max: 8.30257e-05 8.30769e-05 8.31866e-05 seconds or  20792.4 MUPD/s or  249.509 GB/s
STREAM triad of size  1898936 : min/avg/max: 9.11956e-05 9.12414e-05  9.1373e-05 seconds or  20822.7 MUPD/s or  249.872 GB/s
STREAM triad of size  2088832 : min/avg/max: 0.000100119 0.000100193 0.000100854 seconds or  20863.4 MUPD/s or  250.361 GB/s
STREAM triad of size  2297720 : min/avg/max: 0.000109531 0.000109581 0.000109732 seconds or  20977.9 MUPD/s or  251.735 GB/s
STREAM triad of size  2527496 : min/avg/max: 0.000120179 0.000120218  0.00012033 seconds or    21031 MUPD/s or  252.372 GB/s
STREAM triad of size  2780248 : min/avg/max: 0.000131877 0.000131921 0.000132097 seconds or  21082.1 MUPD/s or  252.985 GB/s
STREAM triad of size  3058280 : min/avg/max:  0.00014493 0.000144986 0.000145138 seconds or  21101.8 MUPD/s or  253.221 GB/s
STREAM triad of size  3364112 : min/avg/max:  0.00015911 0.000159163 0.000159372 seconds or  21143.3 MUPD/s or   253.72 GB/s
STREAM triad of size  3700528 : min/avg/max:  0.00017472 0.000174784 0.000175169 seconds or  21179.8 MUPD/s or  254.158 GB/s
STREAM triad of size  4070584 : min/avg/max: 0.000192057 0.000192122 0.000192578 seconds or  21194.7 MUPD/s or  254.336 GB/s
STREAM triad of size  4477648 : min/avg/max: 0.000211334 0.000211454 0.000212263 seconds or  21187.6 MUPD/s or  254.251 GB/s
STREAM triad of size  4925416 : min/avg/max: 0.000232217  0.00023232 0.000232967 seconds or  21210.4 MUPD/s or  254.525 GB/s
STREAM triad of size  5417960 : min/avg/max:  0.00025534 0.000255453 0.000256525 seconds or  21218.6 MUPD/s or  254.623 GB/s
STREAM triad of size  5959760 : min/avg/max: 0.000280285 0.000280419 0.000281528 seconds or  21263.2 MUPD/s or  255.158 GB/s
STREAM triad of size  6555744 : min/avg/max: 0.000308171 0.000308323 0.000310064 seconds or    21273 MUPD/s or  255.276 GB/s
STREAM triad of size  7211320 : min/avg/max: 0.000338813 0.000339034 0.000341352 seconds or  21284.1 MUPD/s or  255.409 GB/s
STREAM triad of size  7932456 : min/avg/max: 0.000373018 0.000373212 0.000375285 seconds or  21265.6 MUPD/s or  255.187 GB/s
STREAM triad of size  8725704 : min/avg/max: 0.000409327   0.0004096 0.000412133 seconds or  21317.2 MUPD/s or  255.806 GB/s
STREAM triad of size  9598280 : min/avg/max: 0.000450759 0.000451043 0.000453717 seconds or  21293.6 MUPD/s or  255.523 GB/s
STREAM triad of size 10558112 : min/avg/max: 0.000495407 0.000495691 0.000499176 seconds or    21312 MUPD/s or  255.744 GB/s
STREAM triad of size 11613928 : min/avg/max: 0.000545659 0.000546025 0.000550748 seconds or  21284.2 MUPD/s or  255.411 GB/s
STREAM triad of size 12775328 : min/avg/max: 0.000599475 0.000599844 0.000604609 seconds or  21310.8 MUPD/s or   255.73 GB/s
STREAM triad of size 14052864 : min/avg/max: 0.000658719 0.000659157 0.000664337 seconds or  21333.6 MUPD/s or  256.003 GB/s
STREAM triad of size 15458152 : min/avg/max: 0.000725171 0.000725713 0.000731867 seconds or  21316.5 MUPD/s or  255.799 GB/s
STREAM triad of size 17003968 : min/avg/max: 0.000796653  0.00079725 0.000804307 seconds or  21344.2 MUPD/s or  256.131 GB/s
STREAM triad of size 18704368 : min/avg/max: 0.000876022 0.000876662 0.000883694 seconds or  21351.5 MUPD/s or  256.218 GB/s
STREAM triad of size 20574808 : min/avg/max: 0.000963921 0.000964674 0.000973823 seconds or  21344.9 MUPD/s or  256.139 GB/s
STREAM triad of size 22632296 : min/avg/max:  0.00106012  0.00106083  0.00106994 seconds or  21348.8 MUPD/s or  256.186 GB/s
STREAM triad of size 24895528 : min/avg/max:  0.00116553  0.00116633  0.00117615 seconds or  21359.8 MUPD/s or  256.318 GB/s
STREAM triad of size 27385088 : min/avg/max:  0.00128217  0.00128326  0.00129488 seconds or  21358.3 MUPD/s or    256.3 GB/s
STREAM triad of size 30123600 : min/avg/max:   0.0014117  0.00141523  0.00146241 seconds or  21338.5 MUPD/s or  256.062 GB/s
STREAM triad of size 33135968 : min/avg/max:  0.00155096  0.00155181  0.00156385 seconds or  21364.8 MUPD/s or  256.378 GB/s
STREAM triad of size 36449568 : min/avg/max:  0.00170603  0.00170761  0.00172568 seconds or  21365.1 MUPD/s or  256.381 GB/s
STREAM triad of size 40094528 : min/avg/max:  0.00187802   0.0018793  0.00189757 seconds or  21349.3 MUPD/s or  256.192 GB/s
STREAM triad of size 44103984 : min/avg/max:  0.00206293  0.00206631  0.00210356 seconds or  21379.3 MUPD/s or  256.551 GB/s
STREAM triad of size 48514384 : min/avg/max:  0.00226979  0.00227141  0.00229028 seconds or    21374 MUPD/s or  256.487 GB/s
STREAM triad of size 53365824 : min/avg/max:  0.00249909  0.00250219  0.00253931 seconds or  21354.1 MUPD/s or   256.25 GB/s
STREAM triad of size 58702408 : min/avg/max:  0.00274955   0.0027526  0.00278924 seconds or  21349.8 MUPD/s or  256.197 GB/s
STREAM triad of size 64572656 : min/avg/max:  0.00302393  0.00302682  0.00306253 seconds or  21353.9 MUPD/s or  256.247 GB/s
STREAM triad of size 71029928 : min/avg/max:  0.00332933  0.00333253  0.00336884 seconds or  21334.6 MUPD/s or  256.016 GB/s
STREAM triad of size 78132928 : min/avg/max:  0.00367102  0.00367412  0.00371005 seconds or  21283.7 MUPD/s or  255.404 GB/s
STREAM triad of size 85946224 : min/avg/max:  0.00401847  0.00402712  0.00412179 seconds or  21387.8 MUPD/s or  256.654 GB/s
STREAM triad of size 94540848 : min/avg/max:  0.00442328  0.00442669  0.00446332 seconds or  21373.5 MUPD/s or  256.482 GB/s
STREAM triad of size 103994936 : min/avg/max:  0.00486384  0.00486771  0.00490412 seconds or  21381.2 MUPD/s or  256.575 GB/s
STREAM triad of size 114394432 : min/avg/max:  0.00534603  0.00534907  0.00538565 seconds or    21398 MUPD/s or  256.776 GB/s
STREAM triad of size 125833880 : min/avg/max:  0.00588052   0.0058834  0.00592075 seconds or  21398.4 MUPD/s or  256.781 GB/s
STREAM triad of size 138417272 : min/avg/max:  0.00646635  0.00646986  0.00650659 seconds or  21405.8 MUPD/s or  256.869 GB/s
STREAM triad of size 152259000 : min/avg/max:  0.00711661  0.00711957  0.00715568 seconds or  21394.9 MUPD/s or  256.738 GB/s
STREAM triad of size 167484904 : min/avg/max:  0.00783113  0.00783776  0.00791444 seconds or  21387.1 MUPD/s or  256.645 GB/s
STREAM triad of size 184233400 : min/avg/max:  0.00860972  0.00861531  0.00865302 seconds or  21398.3 MUPD/s or   256.78 GB/s
STREAM triad of size 202656744 : min/avg/max:  0.00946595  0.00947048  0.00950617 seconds or    21409 MUPD/s or  256.908 GB/s
STREAM triad of size 222922424 : min/avg/max:   0.0104125   0.0104167   0.0104517 seconds or  21409.1 MUPD/s or  256.909 GB/s
STREAM triad of size 245214672 : min/avg/max:   0.0114539   0.0114579   0.0114932 seconds or  21408.9 MUPD/s or  256.906 GB/s
STREAM triad of size 269736144 : min/avg/max:   0.0125989   0.0126035   0.0126472 seconds or  21409.5 MUPD/s or  256.914 GB/s
STREAM triad of size 296709760 : min/avg/max:   0.0138604   0.0138645   0.0138992 seconds or    21407 MUPD/s or  256.884 GB/s
STREAM triad of size 326380744 : min/avg/max:   0.0152445    0.015248    0.015283 seconds or  21409.7 MUPD/s or  256.916 GB/s
STREAM triad of size 359018824 : min/avg/max:   0.0163847   0.0165076   0.0167078 seconds or  21911.8 MUPD/s or  262.942 GB/s
STREAM triad of size 394920712 : min/avg/max:   0.0180191   0.0181078   0.0183553 seconds or  21916.8 MUPD/s or  263.002 GB/s
STREAM triad of size 434412784 : min/avg/max:   0.0198229     0.01996    0.020185 seconds or  21914.7 MUPD/s or  262.977 GB/s
STREAM triad of size 477854064 : min/avg/max:   0.0216381   0.0218416   0.0223141 seconds or  22083.9 MUPD/s or  265.007 GB/s
STREAM triad of size 525639472 : min/avg/max:   0.0239775   0.0241545   0.0244197 seconds or  21922.2 MUPD/s or  263.066 GB/s
STREAM triad of size 578203424 : min/avg/max:   0.0263679   0.0266937   0.0270051 seconds or  21928.3 MUPD/s or   263.14 GB/s
STREAM triad of size 636023768 : min/avg/max:   0.0290352    0.029411   0.0297236 seconds or  21905.3 MUPD/s or  262.863 GB/s
STREAM triad of size 699626152 : min/avg/max:   0.0319384   0.0322965   0.0327307 seconds or  21905.5 MUPD/s or  262.866 GB/s
STREAM triad of size 769588768 : min/avg/max:   0.0351194   0.0356724   0.0359897 seconds or  21913.5 MUPD/s or  262.962 GB/s
STREAM triad of size 846547648 : min/avg/max:   0.0386237   0.0391458   0.0395313 seconds or  21917.8 MUPD/s or  263.014 GB/s
STREAM triad of size 931202416 : min/avg/max:   0.0424651   0.0431601   0.0434977 seconds or  21928.7 MUPD/s or  263.144 GB/s
