STREAM triad of size    10000 : min/avg/max: 1.15996e-05 1.21453e-05 2.23843e-05 seconds or  862.097 MUPD/s or  10.3452 GB/s
STREAM triad of size    11008 : min/avg/max: 1.27052e-05 1.27083e-05 1.27311e-05 seconds or  866.419 MUPD/s or   10.397 GB/s
STREAM triad of size    12112 : min/avg/max: 1.37406e-05 1.37427e-05 1.37454e-05 seconds or  881.475 MUPD/s or  10.5777 GB/s
STREAM triad of size    13328 : min/avg/max: 1.49436e-05 1.49467e-05 1.49508e-05 seconds or  891.884 MUPD/s or  10.7026 GB/s
STREAM triad of size    14664 : min/avg/max: 1.63438e-05 1.63467e-05 1.63493e-05 seconds or  897.222 MUPD/s or  10.7667 GB/s
STREAM triad of size    16136 : min/avg/max: 1.78469e-05 1.79059e-05  1.7956e-05 seconds or  904.135 MUPD/s or  10.8496 GB/s
STREAM triad of size    17752 : min/avg/max: 1.95354e-05 1.95366e-05 1.95379e-05 seconds or  908.709 MUPD/s or  10.9045 GB/s
STREAM triad of size    19528 : min/avg/max: 2.13438e-05 2.13472e-05 2.13494e-05 seconds or  914.927 MUPD/s or  10.9791 GB/s
STREAM triad of size    21488 : min/avg/max: 2.33437e-05 2.33453e-05  2.3347e-05 seconds or  920.505 MUPD/s or  11.0461 GB/s
STREAM triad of size    23640 : min/avg/max: 2.55539e-05 2.55563e-05 2.55579e-05 seconds or  925.103 MUPD/s or  11.1012 GB/s
STREAM triad of size    26008 : min/avg/max: 2.80115e-05 2.80141e-05 2.80183e-05 seconds or  928.477 MUPD/s or  11.1417 GB/s
STREAM triad of size    28616 : min/avg/max: 3.06531e-05 3.06561e-05 3.06583e-05 seconds or  933.543 MUPD/s or  11.2025 GB/s
STREAM triad of size    31480 : min/avg/max: 3.35506e-05 3.35541e-05  3.3558e-05 seconds or  938.285 MUPD/s or  11.2594 GB/s
STREAM triad of size    34632 : min/avg/max: 3.68381e-05 3.68431e-05 3.68483e-05 seconds or  940.115 MUPD/s or  11.2814 GB/s
STREAM triad of size    38096 : min/avg/max: 4.03367e-05 4.03407e-05 4.03438e-05 seconds or   944.45 MUPD/s or  11.3334 GB/s
STREAM triad of size    41912 : min/avg/max: 4.41408e-05 4.43479e-05 4.44638e-05 seconds or  949.508 MUPD/s or  11.3941 GB/s
STREAM triad of size    46104 : min/avg/max: 4.83713e-05  4.8381e-05   4.839e-05 seconds or  953.128 MUPD/s or  11.4375 GB/s
STREAM triad of size    50720 : min/avg/max: 5.30349e-05  5.3076e-05 5.34548e-05 seconds or  956.351 MUPD/s or  11.4762 GB/s
STREAM triad of size    55800 : min/avg/max: 5.82175e-05 5.82264e-05 5.82321e-05 seconds or  958.474 MUPD/s or  11.5017 GB/s
STREAM triad of size    61384 : min/avg/max: 6.39989e-05 6.40085e-05 6.40172e-05 seconds or  959.141 MUPD/s or  11.5097 GB/s
STREAM triad of size    67528 : min/avg/max: 7.02158e-05 7.02324e-05 7.02497e-05 seconds or  961.721 MUPD/s or  11.5407 GB/s
STREAM triad of size    74288 : min/avg/max: 7.72147e-05 7.72286e-05 7.72459e-05 seconds or  962.096 MUPD/s or  11.5452 GB/s
STREAM triad of size    81720 : min/avg/max: 8.48039e-05 8.48223e-05 8.48375e-05 seconds or  963.634 MUPD/s or  11.5636 GB/s
STREAM triad of size    89896 : min/avg/max: 9.31727e-05 9.31894e-05 9.32077e-05 seconds or  964.832 MUPD/s or   11.578 GB/s
STREAM triad of size    98888 : min/avg/max: 0.000102382 0.000102395  0.00010241 seconds or  965.872 MUPD/s or  11.5905 GB/s
STREAM triad of size   108784 : min/avg/max: 0.000112614 0.000112655 0.000112916 seconds or   965.99 MUPD/s or  11.5919 GB/s
STREAM triad of size   119664 : min/avg/max: 0.000123769 0.000123801 0.000123834 seconds or  966.835 MUPD/s or   11.602 GB/s
STREAM triad of size   131632 : min/avg/max: 0.000136247 0.000136275 0.000136302 seconds or  966.128 MUPD/s or  11.5935 GB/s
STREAM triad of size   144800 : min/avg/max: 0.000149571 0.000149602 0.000149636 seconds or  968.101 MUPD/s or  11.6172 GB/s
STREAM triad of size   159288 : min/avg/max: 0.000164607 0.000164654 0.000164695 seconds or  967.688 MUPD/s or  11.6123 GB/s
STREAM triad of size   175224 : min/avg/max: 0.000180938 0.000180976 0.000181005 seconds or  968.422 MUPD/s or  11.6211 GB/s
STREAM triad of size   192752 : min/avg/max: 0.000198936 0.000198964 0.000199016 seconds or  968.915 MUPD/s or   11.627 GB/s
STREAM triad of size   212032 : min/avg/max: 0.000218798 0.000218844 0.000218907 seconds or  969.075 MUPD/s or  11.6289 GB/s
STREAM triad of size   233240 : min/avg/max: 0.000240471 0.000240527 0.000240575 seconds or   969.93 MUPD/s or  11.6392 GB/s
STREAM triad of size   256568 : min/avg/max:  0.00026485 0.000264885 0.000264932 seconds or  968.731 MUPD/s or  11.6248 GB/s
STREAM triad of size   282232 : min/avg/max:  0.00029031 0.000290533 0.000291853 seconds or  972.174 MUPD/s or  11.6661 GB/s
STREAM triad of size   310456 : min/avg/max: 0.000319285 0.000319346 0.000319448 seconds or  972.348 MUPD/s or  11.6682 GB/s
STREAM triad of size   341504 : min/avg/max: 0.000352444 0.000352876 0.000355534 seconds or  968.958 MUPD/s or  11.6275 GB/s
STREAM triad of size   375656 : min/avg/max: 0.000395366  0.00039612 0.000397384 seconds or  950.147 MUPD/s or  11.4018 GB/s
STREAM triad of size   413224 : min/avg/max:  0.00042951 0.000430259 0.000430972 seconds or  962.082 MUPD/s or   11.545 GB/s
STREAM triad of size   454552 : min/avg/max: 0.000481586 0.000482227 0.000482746 seconds or  943.864 MUPD/s or  11.3264 GB/s
STREAM triad of size   500008 : min/avg/max: 0.000519496 0.000520064 0.000520834 seconds or  962.486 MUPD/s or  11.5498 GB/s
STREAM triad of size   550016 : min/avg/max: 0.000644774 0.000646021 0.000647474 seconds or  853.036 MUPD/s or  10.2364 GB/s
STREAM triad of size   605024 : min/avg/max: 0.000696489 0.000697355 0.000698192 seconds or  868.677 MUPD/s or  10.4241 GB/s
STREAM triad of size   665528 : min/avg/max: 0.000789848 0.000791037 0.000792063 seconds or  842.603 MUPD/s or  10.1112 GB/s
STREAM triad of size   732088 : min/avg/max: 0.000860141 0.000861907 0.000863465 seconds or  851.125 MUPD/s or  10.2135 GB/s
STREAM triad of size   805304 : min/avg/max: 0.000938058 0.000939806 0.000940883 seconds or   858.48 MUPD/s or  10.3018 GB/s
STREAM triad of size   885840 : min/avg/max:  0.00104067  0.00104282  0.00104436 seconds or  851.219 MUPD/s or  10.2146 GB/s
STREAM triad of size   974432 : min/avg/max:   0.0011471  0.00114792  0.00114919 seconds or  849.475 MUPD/s or  10.1937 GB/s
STREAM triad of size  1071880 : min/avg/max:  0.00115053  0.00115274  0.00115494 seconds or  931.642 MUPD/s or  11.1797 GB/s
STREAM triad of size  1179072 : min/avg/max:  0.00127389  0.00127567  0.00127741 seconds or  925.567 MUPD/s or  11.1068 GB/s
STREAM triad of size  1296984 : min/avg/max:  0.00139396  0.00139748  0.00140053 seconds or  930.428 MUPD/s or  11.1651 GB/s
STREAM triad of size  1426688 : min/avg/max:  0.00153462  0.00153756   0.0015423 seconds or  929.669 MUPD/s or   11.156 GB/s
STREAM triad of size  1569360 : min/avg/max:  0.00169223  0.00169515  0.00169787 seconds or  927.393 MUPD/s or  11.1287 GB/s
STREAM triad of size  1726304 : min/avg/max:  0.00189586  0.00189881  0.00190176 seconds or  910.567 MUPD/s or  10.9268 GB/s
STREAM triad of size  1898936 : min/avg/max:  0.00210178  0.00210635  0.00211159 seconds or  903.491 MUPD/s or  10.8419 GB/s
STREAM triad of size  2088832 : min/avg/max:  0.00232058   0.0023243  0.00232661 seconds or  900.132 MUPD/s or  10.8016 GB/s
STREAM triad of size  2297720 : min/avg/max:  0.00253227    0.002537  0.00254421 seconds or  907.375 MUPD/s or  10.8885 GB/s
STREAM triad of size  2527496 : min/avg/max:   0.0027819  0.00278753  0.00279427 seconds or  908.552 MUPD/s or  10.9026 GB/s
STREAM triad of size  2780248 : min/avg/max:  0.00304058  0.00304675  0.00305135 seconds or  914.382 MUPD/s or  10.9726 GB/s
STREAM triad of size  3058280 : min/avg/max:   0.0033196  0.00333461  0.00334372 seconds or  921.279 MUPD/s or  11.0554 GB/s
STREAM triad of size  3364112 : min/avg/max:  0.00373369  0.00373979  0.00374859 seconds or  901.017 MUPD/s or  10.8122 GB/s
STREAM triad of size  3700528 : min/avg/max:  0.00395663  0.00396573  0.00397181 seconds or  935.274 MUPD/s or  11.2233 GB/s
STREAM triad of size  4070584 : min/avg/max:  0.00438107  0.00439006  0.00439971 seconds or   929.13 MUPD/s or  11.1496 GB/s
STREAM triad of size  4477648 : min/avg/max:  0.00493499  0.00494334  0.00495061 seconds or  907.327 MUPD/s or  10.8879 GB/s
STREAM triad of size  4925416 : min/avg/max:  0.00548048   0.0054922  0.00551714 seconds or   898.72 MUPD/s or  10.7846 GB/s
STREAM triad of size  5417960 : min/avg/max:  0.00592967  0.00593766  0.00594993 seconds or  913.703 MUPD/s or  10.9644 GB/s
STREAM triad of size  5959760 : min/avg/max:  0.00651416  0.00652816  0.00653977 seconds or  914.893 MUPD/s or  10.9787 GB/s
STREAM triad of size  6555744 : min/avg/max:  0.00716842  0.00718602  0.00719719 seconds or  914.532 MUPD/s or  10.9744 GB/s
STREAM triad of size  7211320 : min/avg/max:  0.00809074  0.00810511  0.00811696 seconds or  891.305 MUPD/s or  10.6957 GB/s
STREAM triad of size  7932456 : min/avg/max:  0.00863364  0.00864154  0.00865179 seconds or  918.785 MUPD/s or  11.0254 GB/s
STREAM triad of size  8725704 : min/avg/max:  0.00950349  0.00951975  0.00953887 seconds or  918.158 MUPD/s or  11.0179 GB/s
STREAM triad of size  9598280 : min/avg/max:   0.0106294   0.0106477    0.010666 seconds or  902.996 MUPD/s or   10.836 GB/s
STREAM triad of size 10558112 : min/avg/max:   0.0115792   0.0115926   0.0116125 seconds or  911.819 MUPD/s or  10.9418 GB/s
STREAM triad of size 11613928 : min/avg/max:   0.0126556   0.0126816    0.012704 seconds or  917.692 MUPD/s or  11.0123 GB/s
STREAM triad of size 12775328 : min/avg/max:   0.0140989   0.0141147   0.0141484 seconds or  906.119 MUPD/s or  10.8734 GB/s
STREAM triad of size 14052864 : min/avg/max:    0.015428   0.0154611    0.015483 seconds or  910.867 MUPD/s or  10.9304 GB/s
STREAM triad of size 15458152 : min/avg/max:   0.0171577     0.01718   0.0172092 seconds or  900.947 MUPD/s or  10.8114 GB/s
STREAM triad of size 17003968 : min/avg/max:   0.0184691   0.0185142   0.0185784 seconds or  920.673 MUPD/s or  11.0481 GB/s
STREAM triad of size 18704368 : min/avg/max:   0.0208828   0.0209153   0.0209452 seconds or  895.683 MUPD/s or  10.7482 GB/s
STREAM triad of size 20574808 : min/avg/max:   0.0227295   0.0227617   0.0227916 seconds or  905.203 MUPD/s or  10.8624 GB/s
STREAM triad of size 22632296 : min/avg/max:   0.0254407   0.0254814   0.0255346 seconds or   889.61 MUPD/s or  10.6753 GB/s
STREAM triad of size 24895528 : min/avg/max:   0.0270031   0.0270805   0.0271229 seconds or  921.952 MUPD/s or  11.0634 GB/s
STREAM triad of size 27385088 : min/avg/max:   0.0299461   0.0300068   0.0300791 seconds or   914.48 MUPD/s or  10.9738 GB/s
STREAM triad of size 30123600 : min/avg/max:   0.0329929    0.033083    0.033143 seconds or  913.032 MUPD/s or  10.9564 GB/s
STREAM triad of size 33135968 : min/avg/max:   0.0359613   0.0360175   0.0360867 seconds or  921.435 MUPD/s or  11.0572 GB/s
STREAM triad of size 36449568 : min/avg/max:    0.040064   0.0401411   0.0402392 seconds or  909.783 MUPD/s or  10.9174 GB/s
STREAM triad of size 40094528 : min/avg/max:   0.0439222   0.0440007   0.0440735 seconds or  912.854 MUPD/s or  10.9543 GB/s
STREAM triad of size 44103984 : min/avg/max:   0.0487113    0.048808   0.0489357 seconds or  905.416 MUPD/s or   10.865 GB/s
STREAM triad of size 48514384 : min/avg/max:   0.0528217    0.052914   0.0529939 seconds or  918.456 MUPD/s or  11.0215 GB/s
STREAM triad of size 53365824 : min/avg/max:   0.0594737   0.0595786   0.0597113 seconds or  897.301 MUPD/s or  10.7676 GB/s
STREAM triad of size 58702408 : min/avg/max:   0.0653309   0.0654815   0.0656664 seconds or   898.54 MUPD/s or  10.7825 GB/s
STREAM triad of size 64572656 : min/avg/max:   0.0704422   0.0706433    0.070876 seconds or  916.676 MUPD/s or  11.0001 GB/s
STREAM triad of size 71029928 : min/avg/max:   0.0796177   0.0797639   0.0799298 seconds or  892.137 MUPD/s or  10.7056 GB/s
STREAM triad of size 78132928 : min/avg/max:   0.0868207   0.0869492   0.0872173 seconds or  899.934 MUPD/s or  10.7992 GB/s
STREAM triad of size 85946224 : min/avg/max:   0.0957958   0.0959034   0.0961111 seconds or  897.181 MUPD/s or  10.7662 GB/s
STREAM triad of size 94540848 : min/avg/max:    0.104197    0.104381    0.104566 seconds or  907.325 MUPD/s or  10.8879 GB/s
STREAM triad of size 103994936 : min/avg/max:    0.114468    0.114654     0.11494 seconds or  908.505 MUPD/s or  10.9021 GB/s
STREAM triad of size 114394432 : min/avg/max:    0.125007    0.125223    0.125454 seconds or  915.106 MUPD/s or  10.9813 GB/s
STREAM triad of size 125833880 : min/avg/max:    0.138051    0.138193    0.138509 seconds or    911.5 MUPD/s or   10.938 GB/s
STREAM triad of size 138417272 : min/avg/max:    0.152283    0.152463    0.152731 seconds or  908.948 MUPD/s or  10.9074 GB/s
STREAM triad of size 152259000 : min/avg/max:    0.167076    0.167377    0.167603 seconds or  911.316 MUPD/s or  10.9358 GB/s
STREAM triad of size 167484904 : min/avg/max:    0.190358    0.190625    0.190871 seconds or  879.842 MUPD/s or  10.5581 GB/s
STREAM triad of size 184233400 : min/avg/max:    0.208093    0.208426    0.208696 seconds or  885.343 MUPD/s or  10.6241 GB/s
STREAM triad of size 202656744 : min/avg/max:    0.224672    0.224966    0.225249 seconds or  902.011 MUPD/s or  10.8241 GB/s
STREAM triad of size 222922424 : min/avg/max:    0.246847    0.247212    0.247502 seconds or  903.078 MUPD/s or  10.8369 GB/s
STREAM triad of size 245214672 : min/avg/max:    0.269898    0.270138     0.27054 seconds or  908.547 MUPD/s or  10.9026 GB/s
STREAM triad of size 269736144 : min/avg/max:      0.2937    0.293996    0.294239 seconds or  918.407 MUPD/s or  11.0209 GB/s
STREAM triad of size 296709760 : min/avg/max:    0.328697      0.3291    0.329352 seconds or  902.686 MUPD/s or  10.8322 GB/s
STREAM triad of size 326380744 : min/avg/max:    0.360194    0.360576    0.360826 seconds or  906.126 MUPD/s or  10.8735 GB/s
STREAM triad of size 359018824 : min/avg/max:    0.392113    0.392434    0.392842 seconds or  915.601 MUPD/s or  10.9872 GB/s
STREAM triad of size 394920712 : min/avg/max:    0.433391    0.433849     0.43434 seconds or  911.234 MUPD/s or  10.9348 GB/s
STREAM triad of size 434412784 : min/avg/max:    0.477573    0.477982    0.478327 seconds or  909.625 MUPD/s or  10.9155 GB/s
STREAM triad of size 477854064 : min/avg/max:    0.539076    0.539452    0.540124 seconds or  886.432 MUPD/s or  10.6372 GB/s
STREAM triad of size 525639472 : min/avg/max:    0.573625    0.574008    0.574306 seconds or  916.347 MUPD/s or  10.9962 GB/s
STREAM triad of size 578203424 : min/avg/max:     0.63123    0.631719    0.632154 seconds or  915.996 MUPD/s or  10.9919 GB/s
STREAM triad of size 636023768 : min/avg/max:     0.70122    0.701688     0.70242 seconds or  907.025 MUPD/s or  10.8843 GB/s
STREAM triad of size 699626152 : min/avg/max:    0.765181    0.765546    0.765932 seconds or  914.327 MUPD/s or  10.9719 GB/s
STREAM triad of size 769588768 : min/avg/max:    0.854421    0.854843    0.855366 seconds or  900.714 MUPD/s or  10.8086 GB/s
STREAM triad of size 846547648 : min/avg/max:    0.928102     0.92857    0.929209 seconds or  912.128 MUPD/s or  10.9455 GB/s
STREAM triad of size 931202416 : min/avg/max:     1.01696     1.02071     1.08213 seconds or  915.671 MUPD/s or   10.988 GB/s
